<00001> 00000898 S WM_NCHITTEST xPos:83 yPos:314
<00002> 00000898 R WM_NCHITTEST nHittest:HTCLIENT
<00003> 00000898 S WM_NCHITTEST xPos:80 yPos:315
<00004> 00000898 R WM_NCHITTEST nHittest:HTCLIENT
<00005> 00000898 S WM_NCHITTEST xPos:73 yPos:318
<00006> 00000898 R WM_NCHITTEST nHittest:HTCLIENT
<00007> 00000898 S WM_NCHITTEST xPos:73 yPos:318
<00008> 00000898 R WM_NCHITTEST nHittest:HTCLIENT
<00009> 00000898 S WM_NCHITTEST xPos:72 yPos:319
<00010> 00000898 R WM_NCHITTEST nHittest:HTCLIENT
<00011> 00000898 S WM_NCHITTEST xPos:70 yPos:319
<00012> 00000898 R WM_NCHITTEST nHittest:HTCLIENT
<00013> 00000898 S WM_NCHITTEST xPos:70 yPos:320
<00014> 00000898 R WM_NCHITTEST nHittest:HTCLIENT
<00015> 00000898 S WM_NCHITTEST xPos:68 yPos:320
<00016> 00000898 R WM_NCHITTEST nHittest:HTCLIENT
<00017> 00000898 S WM_NCHITTEST xPos:68 yPos:320
<00018> 00000898 R WM_NCHITTEST nHittest:HTCLIENT
<00019> 00000898 S WM_SETFOCUS hwndLoseFocus:00000AAC
<00020> 00000898 R WM_SETFOCUS
<00021> 00000898 P message:0x100E [User-defined:WM_USER+3086] wParam:00000006 lParam:00000000
<00022> 00000898 P message:0x100E [User-defined:WM_USER+3086] wParam:00000005 lParam:00000000
<00023> 00000898 S WM_NCHITTEST xPos:68 yPos:320
<00024> 00000898 R WM_NCHITTEST nHittest:HTCLIENT
<00025> 00000898 S WM_NCHITTEST xPos:68 yPos:320
<00026> 00000898 R WM_NCHITTEST nHittest:HTCLIENT
<00027> 00000898 P WM_PAINT hdc:00000000
<00028> 00000898 S WM_NCPAINT hrgn:00000860
<00029> 00000898 R WM_NCPAINT
<00030> 00000898 S WM_ERASEBKGND hdc:00000EDA
<00031> 00000898 R WM_ERASEBKGND fErased:True
<00032> 00000898 S WM_NCHITTEST xPos:68 yPos:320
<00033> 00000898 R WM_NCHITTEST nHittest:HTCLIENT
<00034> 00000898 P message:0x0118 [Unknown] wParam:0000FFFF lParam:17CF12DC
<00035> 00000898 P message:0x0118 [Unknown] wParam:0000FFFF lParam:17CF12DC
<00036> 00000898 P message:0x0118 [Unknown] wParam:0000FFFF lParam:17CF12DC
<00037> 00000898 P WM_KEYDOWN nVirtKey:VK_CONTROL cRepeat:1 ScanCode:1D fExtended:0 fAltDown:0 fRepeat:0 fUp:0
<00038> 00000898 P message:0x0118 [Unknown] wParam:0000FFFF lParam:17CF12DC
<00039> 00000898 P WM_KEYDOWN nVirtKey:'V' cRepeat:1 ScanCode:2F fExtended:0 fAltDown:0 fRepeat:0 fUp:0
<00040> 00000898 P WM_CHAR chCharCode:'' (22) cRepeat:1 ScanCode:2F fExtended:0 fAltDown:0 fRepeat:0 fUp:0
<00041> 00000898 P WM_KEYUP nVirtKey:'V' cRepeat:1 ScanCode:2F fExtended:0 fAltDown:0 fRepeat:1 fUp:1
<00042> 00000898 P message:0x0118 [Unknown] wParam:0000FFFF lParam:17CF12DC
<00043> 00000898 P WM_KEYUP nVirtKey:VK_CONTROL cRepeat:1 ScanCode:1D fExtended:0 fAltDown:0 fRepeat:1 fUp:1
<00044> 00000898 P message:0x0118 [Unknown] wParam:0000FFFF lParam:17CF12DC
<00045> 00000898 P message:0x0118 [Unknown] wParam:0000FFFF lParam:17CF12DC
<00046> 00000898 P message:0x0118 [Unknown] wParam:0000FFFF lParam:17CF12DC
<00047> 00000898 P message:0x0118 [Unknown] wParam:0000FFFF lParam:17CF12DC
<00048> 00000898 P message:0x0118 [Unknown] wParam:0000FFFF lParam:17CF12DC
<00049> 00000898 P message:0x0118 [Unknown] wParam:0000FFFF lParam:17CF12DC
<00050> 00000898 P message:0x0118 [Unknown] wParam:0000FFFF lParam:17CF12DC
<00051> 00000898 P WM_KEYDOWN nVirtKey:VK_SHIFT cRepeat:1 ScanCode:36 fExtended:0 fAltDown:0 fRepeat:0 fUp:0
<00052> 00000898 P message:0x0118 [Unknown] wParam:0000FFFF lParam:17CF12DC
<00053> 00000898 P message:0x0118 [Unknown] wParam:0000FFFF lParam:17CF12DC
<00054> 00000898 P WM_KEYDOWN nVirtKey:VK_INSERT cRepeat:1 ScanCode:52 fExtended:1 fAltDown:0 fRepeat:0 fUp:0
<00055> 00000898 P WM_KEYUP nVirtKey:VK_INSERT cRepeat:1 ScanCode:52 fExtended:1 fAltDown:0 fRepeat:1 fUp:1
<00056> 00000898 P WM_KEYUP nVirtKey:VK_SHIFT cRepeat:1 ScanCode:36 fExtended:0 fAltDown:0 fRepeat:1 fUp:1
<00057> 00000898 P message:0x0118 [Unknown] wParam:0000FFFF lParam:17CF12DC
<00058> 00000898 P message:0x0118 [Unknown] wParam:0000FFFF lParam:17CF12DC
<00059> 00000898 P message:0x0118 [Unknown] wParam:0000FFFF lParam:17CF12DC
<00060> 00000898 P message:0x0118 [Unknown] wParam:0000FFFF lParam:17CF12DC
<00061> 00000898 P message:0x0118 [Unknown] wParam:0000FFFF lParam:17CF12DC
<00062> 00000898 P message:0x0118 [Unknown] wParam:0000FFFF lParam:17CF12DC
<00063> 00000898 P message:0x0118 [Unknown] wParam:0000FFFF lParam:17CF12DC
<00064> 00000898 P message:0x0118 [Unknown] wParam:0000FFFF lParam:17CF12DC
<00065> 00000898 P message:0x0118 [Unknown] wParam:0000FFFF lParam:17CF12DC
<00066> 00000898 P message:0x0118 [Unknown] wParam:0000FFFF lParam:17CF12DC
<00067> 00000898 P message:0x0118 [Unknown] wParam:0000FFFF lParam:17CF12DC
<00068> 00000898 P message:0x0118 [Unknown] wParam:0000FFFF lParam:17CF12DC
<00069> 00000898 P message:0x0118 [Unknown] wParam:0000FFFF lParam:17CF12DC
<00070> 00000898 P message:0x0118 [Unknown] wParam:0000FFFF lParam:17CF12DC
<00071> 00000898 P message:0x0118 [Unknown] wParam:0000FFFF lParam:17CF12DC
<00072> 00000898 P message:0x0118 [Unknown] wParam:0000FFFF lParam:17CF12DC
<00073> 00000898 P message:0x0118 [Unknown] wParam:0000FFFF lParam:17CF12DC
<00074> 00000898 P message:0x0118 [Unknown] wParam:0000FFFF lParam:17CF12DC
<00075> 00000898 P message:0x0118 [Unknown] wParam:0000FFFF lParam:17CF12DC
<00076> 00000898 P message:0x0118 [Unknown] wParam:0000FFFF lParam:17CF12DC
<00077> 00000898 P message:0x0118 [Unknown] wParam:0000FFFF lParam:17CF12DC
<00078> 00000898 P message:0x0118 [Unknown] wParam:0000FFFF lParam:17CF12DC
<00079> 00000898 P message:0x0118 [Unknown] wParam:0000FFFF lParam:17CF12DC
<00080> 00000898 P message:0x0118 [Unknown] wParam:0000FFFF lParam:17CF12DC
<00081> 00000898 P message:0x0118 [Unknown] wParam:0000FFFF lParam:17CF12DC
<00082> 00000898 P message:0x0118 [Unknown] wParam:0000FFFF lParam:17CF12DC
<00083> 00000898 P message:0x0118 [Unknown] wParam:0000FFFF lParam:17CF12DC
<00084> 00000898 P message:0x0118 [Unknown] wParam:0000FFFF lParam:17CF12DC
<00085> 00000898 P message:0x0118 [Unknown] wParam:0000FFFF lParam:17CF12DC
<00086> 00000898 P message:0x0118 [Unknown] wParam:0000FFFF lParam:17CF12DC
<00087> 00000898 P message:0x0118 [Unknown] wParam:0000FFFF lParam:17CF12DC
<00088> 00000898 P message:0x0118 [Unknown] wParam:0000FFFF lParam:17CF12DC
<00089> 00000898 P message:0x0118 [Unknown] wParam:0000FFFF lParam:17CF12DC
<00090> 00000898 P message:0x0118 [Unknown] wParam:0000FFFF lParam:17CF12DC
<00091> 00000898 P message:0x0118 [Unknown] wParam:0000FFFF lParam:17CF12DC
<00092> 00000898 P message:0x0118 [Unknown] wParam:0000FFFF lParam:17CF12DC
<00093> 00000898 P message:0x0118 [Unknown] wParam:0000FFFF lParam:17CF12DC
<00094> 00000898 P message:0x0118 [Unknown] wParam:0000FFFF lParam:17CF12DC
<00095> 00000898 P message:0x0118 [Unknown] wParam:0000FFFF lParam:17CF12DC
<00096> 00000898 P message:0x0118 [Unknown] wParam:0000FFFF lParam:17CF12DC
<00097> 00000898 P message:0x0118 [Unknown] wParam:0000FFFF lParam:17CF12DC
<00098> 00000898 P message:0x0118 [Unknown] wParam:0000FFFF lParam:17CF12DC
<00099> 00000898 P message:0x0118 [Unknown] wParam:0000FFFF lParam:17CF12DC
<00100> 00000898 P message:0x0118 [Unknown] wParam:0000FFFF lParam:17CF12DC
<00101> 00000898 P message:0x0118 [Unknown] wParam:0000FFFF lParam:17CF12DC
<00102> 00000898 P message:0x0118 [Unknown] wParam:0000FFFF lParam:17CF12DC
<00103> 00000898 P message:0x0118 [Unknown] wParam:0000FFFF lParam:17CF12DC
<00104> 00000898 P message:0x0118 [Unknown] wParam:0000FFFF lParam:17CF12DC
<00105> 00000898 P message:0x0118 [Unknown] wParam:0000FFFF lParam:17CF12DC
<00106> 00000898 P message:0x0118 [Unknown] wParam:0000FFFF lParam:17CF12DC
<00107> 00000898 P message:0x0118 [Unknown] wParam:0000FFFF lParam:17CF12DC
<00108> 00000898 P message:0x0118 [Unknown] wParam:0000FFFF lParam:17CF12DC
<00109> 00000898 P message:0x0118 [Unknown] wParam:0000FFFF lParam:17CF12DC
<00110> 00000898 P message:0x0118 [Unknown] wParam:0000FFFF lParam:17CF12DC
<00111> 00000898 P message:0x0118 [Unknown] wParam:0000FFFF lParam:17CF12DC
<00112> 00000898 P message:0x0118 [Unknown] wParam:0000FFFF lParam:17CF12DC
<00113> 00000898 P message:0x0118 [Unknown] wParam:0000FFFF lParam:17CF12DC
<00114> 00000898 P message:0x0118 [Unknown] wParam:0000FFFF lParam:17CF12DC
<00115> 00000898 P message:0x0118 [Unknown] wParam:0000FFFF lParam:17CF12DC
<00116> 00000898 P message:0x0118 [Unknown] wParam:0000FFFF lParam:17CF12DC
<00117> 00000898 P message:0x0118 [Unknown] wParam:0000FFFF lParam:17CF12DC
<00118> 00000898 P message:0x0118 [Unknown] wParam:0000FFFF lParam:17CF12DC
<00119> 00000898 P message:0x0118 [Unknown] wParam:0000FFFF lParam:17CF12DC
<00120> 00000898 P message:0x0118 [Unknown] wParam:0000FFFF lParam:17CF12DC
<00121> 00000898 P message:0x0118 [Unknown] wParam:0000FFFF lParam:17CF12DC
<00122> 00000898 P message:0x0118 [Unknown] wParam:0000FFFF lParam:17CF12DC
<00123> 00000898 P message:0x0118 [Unknown] wParam:0000FFFF lParam:17CF12DC
<00124> 00000898 P message:0x0118 [Unknown] wParam:0000FFFF lParam:17CF12DC
<00125> 00000898 P message:0x0118 [Unknown] wParam:0000FFFF lParam:17CF12DC
<00126> 00000898 P message:0x0118 [Unknown] wParam:0000FFFF lParam:17CF12DC
<00127> 00000898 P message:0x0118 [Unknown] wParam:0000FFFF lParam:17CF12DC
<00128> 00000898 P message:0x0118 [Unknown] wParam:0000FFFF lParam:17CF12DC
<00129> 00000898 P message:0x0118 [Unknown] wParam:0000FFFF lParam:17CF12DC
<00130> 00000898 P message:0x0118 [Unknown] wParam:0000FFFF lParam:17CF12DC
<00131> 00000898 P message:0x0118 [Unknown] wParam:0000FFFF lParam:17CF12DC
<00132> 00000898 P message:0x0118 [Unknown] wParam:0000FFFF lParam:17CF12DC
<00133> 00000898 P WM_KEYDOWN nVirtKey:00BE cRepeat:1 ScanCode:34 fExtended:0 fAltDown:0 fRepeat:0 fUp:0
<00134> 00000898 P WM_CHAR chCharCode:'.' (46) cRepeat:1 ScanCode:34 fExtended:0 fAltDown:0 fRepeat:0 fUp:0
<00135> 00000898 P message:0x0118 [Unknown] wParam:0000FFFF lParam:17CF12DC
<00136> 00000898 P WM_KEYUP nVirtKey:00BE cRepeat:1 ScanCode:34 fExtended:0 fAltDown:0 fRepeat:1 fUp:1
<00137> 00000898 P message:0x0118 [Unknown] wParam:0000FFFF lParam:17CF12DC
<00138> 00000898 P message:0x0118 [Unknown] wParam:0000FFFF lParam:17CF12DC
<00139> 00000898 P message:0x0118 [Unknown] wParam:0000FFFF lParam:17CF12DC
<00140> 00000898 P message:0x0118 [Unknown] wParam:0000FFFF lParam:17CF12DC
<00141> 00000898 P message:0x0118 [Unknown] wParam:0000FFFF lParam:17CF12DC
<00142> 00000898 P WM_KEYDOWN nVirtKey:00BD cRepeat:1 ScanCode:35 fExtended:0 fAltDown:0 fRepeat:0 fUp:0
<00143> 00000898 P WM_CHAR chCharCode:'-' (45) cRepeat:1 ScanCode:35 fExtended:0 fAltDown:0 fRepeat:0 fUp:0
<00144> 00000898 P WM_KEYUP nVirtKey:00BD cRepeat:1 ScanCode:35 fExtended:0 fAltDown:0 fRepeat:1 fUp:1
<00145> 00000898 P message:0x0118 [Unknown] wParam:0000FFFF lParam:17CF12DC
<00146> 00000898 P message:0x0118 [Unknown] wParam:0000FFFF lParam:17CF12DC
<00147> 00000898 P message:0x0118 [Unknown] wParam:0000FFFF lParam:17CF12DC
<00148> 00000898 P message:0x0118 [Unknown] wParam:0000FFFF lParam:17CF12DC
<00149> 00000898 P message:0x0118 [Unknown] wParam:0000FFFF lParam:17CF12DC
<00150> 00000898 P message:0x0118 [Unknown] wParam:0000FFFF lParam:17CF12DC
<00151> 00000898 P message:0x0118 [Unknown] wParam:0000FFFF lParam:17CF12DC
<00152> 00000898 P message:0x0118 [Unknown] wParam:0000FFFF lParam:17CF12DC
<00153> 00000898 P message:0x0118 [Unknown] wParam:0000FFFF lParam:17CF12DC
<00154> 00000898 P WM_KEYDOWN nVirtKey:'0' cRepeat:1 ScanCode:0B fExtended:0 fAltDown:0 fRepeat:0 fUp:0
<00155> 00000898 P WM_CHAR chCharCode:'0' (48) cRepeat:1 ScanCode:0B fExtended:0 fAltDown:0 fRepeat:0 fUp:0
<00156> 00000898 P WM_PAINT hdc:00000000
<00157> 00000898 P WM_KEYUP nVirtKey:'0' cRepeat:1 ScanCode:0B fExtended:0 fAltDown:0 fRepeat:1 fUp:1
<00158> 00000898 P message:0x0118 [Unknown] wParam:0000FFFF lParam:17CF12DC
<00159> 00000898 P message:0x0118 [Unknown] wParam:0000FFFF lParam:17CF12DC
<00160> 00000898 P WM_KEYDOWN nVirtKey:'0' cRepeat:1 ScanCode:0B fExtended:0 fAltDown:0 fRepeat:0 fUp:0
<00161> 00000898 P WM_CHAR chCharCode:'0' (48) cRepeat:1 ScanCode:0B fExtended:0 fAltDown:0 fRepeat:0 fUp:0
<00162> 00000898 P WM_PAINT hdc:00000000
<00163> 00000898 P WM_KEYUP nVirtKey:'0' cRepeat:1 ScanCode:0B fExtended:0 fAltDown:0 fRepeat:1 fUp:1
<00164> 00000898 P message:0x0118 [Unknown] wParam:0000FFFF lParam:17CF12DC
<00165> 00000898 P WM_KEYDOWN nVirtKey:'0' cRepeat:1 ScanCode:0B fExtended:0 fAltDown:0 fRepeat:0 fUp:0
<00166> 00000898 P WM_CHAR chCharCode:'0' (48) cRepeat:1 ScanCode:0B fExtended:0 fAltDown:0 fRepeat:0 fUp:0
<00167> 00000898 P WM_KEYUP nVirtKey:'0' cRepeat:1 ScanCode:0B fExtended:0 fAltDown:0 fRepeat:1 fUp:1
<00168> 00000898 P message:0x0118 [Unknown] wParam:0000FFFF lParam:17CF12DC
<00169> 00000898 P WM_KEYDOWN nVirtKey:'0' cRepeat:1 ScanCode:0B fExtended:0 fAltDown:0 fRepeat:0 fUp:0
<00170> 00000898 P WM_CHAR chCharCode:'0' (48) cRepeat:1 ScanCode:0B fExtended:0 fAltDown:0 fRepeat:0 fUp:0
<00171> 00000898 P WM_KEYUP nVirtKey:'0' cRepeat:1 ScanCode:0B fExtended:0 fAltDown:0 fRepeat:1 fUp:1
<00172> 00000898 P message:0x0118 [Unknown] wParam:0000FFFF lParam:17CF12DC
<00173> 00000898 P WM_KEYDOWN nVirtKey:'0' cRepeat:1 ScanCode:0B fExtended:0 fAltDown:0 fRepeat:0 fUp:0
<00174> 00000898 P WM_CHAR chCharCode:'0' (48) cRepeat:1 ScanCode:0B fExtended:0 fAltDown:0 fRepeat:0 fUp:0
<00175> 00000898 P WM_KEYUP nVirtKey:'0' cRepeat:1 ScanCode:0B fExtended:0 fAltDown:0 fRepeat:1 fUp:1
<00176> 00000898 P message:0x0118 [Unknown] wParam:0000FFFF lParam:17CF12DC
<00177> 00000898 P message:0x0118 [Unknown] wParam:0000FFFF lParam:17CF12DC
<00178> 00000898 P message:0x0118 [Unknown] wParam:0000FFFF lParam:17CF12DC
<00179> 00000898 P message:0x0118 [Unknown] wParam:0000FFFF lParam:17CF12DC
<00180> 00000898 P message:0x0118 [Unknown] wParam:0000FFFF lParam:17CF12DC
<00181> 00000898 P message:0x0118 [Unknown] wParam:0000FFFF lParam:17CF12DC
<00182> 00000898 P message:0x0118 [Unknown] wParam:0000FFFF lParam:17CF12DC
<00183> 00000898 P message:0x0118 [Unknown] wParam:0000FFFF lParam:17CF12DC
<00184> 00000898 P message:0x0118 [Unknown] wParam:0000FFFF lParam:17CF12DC
<00185> 00000898 P message:0x0118 [Unknown] wParam:0000FFFF lParam:17CF12DC
<00186> 00000898 P message:0x0118 [Unknown] wParam:0000FFFF lParam:17CF12DC
<00187> 00000898 P message:0x0118 [Unknown] wParam:0000FFFF lParam:17CF12DC
<00188> 00000898 P message:0x0118 [Unknown] wParam:0000FFFF lParam:17CF12DC
<00189> 00000898 P message:0x0118 [Unknown] wParam:0000FFFF lParam:17CF12DC
<00190> 00000898 P message:0x0118 [Unknown] wParam:0000FFFF lParam:17CF12DC
<00191> 00000898 P message:0x0118 [Unknown] wParam:0000FFFF lParam:17CF12DC
<00192> 00000898 P message:0x0118 [Unknown] wParam:0000FFFF lParam:17CF12DC
<00193> 00000898 P message:0x0118 [Unknown] wParam:0000FFFF lParam:17CF12DC
<00194> 00000898 P message:0x0118 [Unknown] wParam:0000FFFF lParam:17CF12DC
<00195> 00000898 P message:0x0118 [Unknown] wParam:0000FFFF lParam:17CF12DC
<00196> 00000898 P message:0x0118 [Unknown] wParam:0000FFFF lParam:17CF12DC
<00197> 00000898 P message:0x0118 [Unknown] wParam:0000FFFF lParam:17CF12DC
<00198> 00000898 P message:0x0118 [Unknown] wParam:0000FFFF lParam:17CF12DC
<00199> 00000898 P message:0x0118 [Unknown] wParam:0000FFFF lParam:17CF12DC
<00200> 00000898 P message:0x0118 [Unknown] wParam:0000FFFF lParam:17CF12DC
<00201> 00000898 P message:0x0118 [Unknown] wParam:0000FFFF lParam:17CF12DC
<00202> 00000898 P message:0x0118 [Unknown] wParam:0000FFFF lParam:17CF12DC
<00203> 00000898 P message:0x0118 [Unknown] wParam:0000FFFF lParam:17CF12DC
<00204> 00000898 P message:0x0118 [Unknown] wParam:0000FFFF lParam:17CF12DC
<00205> 00000898 P message:0x0118 [Unknown] wParam:0000FFFF lParam:17CF12DC
<00206> 00000898 P WM_KEYDOWN nVirtKey:VK_DELETE cRepeat:1 ScanCode:53 fExtended:1 fAltDown:0 fRepeat:0 fUp:0
<00207> 00000898 P WM_PAINT hdc:00000000
<00208> 00000898 P WM_KEYUP nVirtKey:VK_DELETE cRepeat:1 ScanCode:53 fExtended:1 fAltDown:0 fRepeat:1 fUp:1
<00209> 00000898 P WM_KEYDOWN nVirtKey:VK_DELETE cRepeat:1 ScanCode:53 fExtended:1 fAltDown:0 fRepeat:0 fUp:0
<00210> 00000898 P WM_KEYUP nVirtKey:VK_DELETE cRepeat:1 ScanCode:53 fExtended:1 fAltDown:0 fRepeat:1 fUp:1
<00211> 00000898 P message:0x0118 [Unknown] wParam:0000FFFF lParam:17CF12DC
<00212> 00000898 P WM_KEYDOWN nVirtKey:VK_DELETE cRepeat:1 ScanCode:53 fExtended:1 fAltDown:0 fRepeat:0 fUp:0
<00213> 00000898 P WM_KEYUP nVirtKey:VK_DELETE cRepeat:1 ScanCode:53 fExtended:1 fAltDown:0 fRepeat:1 fUp:1
<00214> 00000898 P message:0x0118 [Unknown] wParam:0000FFFF lParam:17CF12DC
<00215> 00000898 P WM_KEYDOWN nVirtKey:VK_DELETE cRepeat:1 ScanCode:53 fExtended:1 fAltDown:0 fRepeat:0 fUp:0
<00216> 00000898 P WM_KEYUP nVirtKey:VK_DELETE cRepeat:1 ScanCode:53 fExtended:1 fAltDown:0 fRepeat:1 fUp:1
<00217> 00000898 P message:0x0118 [Unknown] wParam:0000FFFF lParam:17CF12DC
<00218> 00000898 P WM_KEYDOWN nVirtKey:VK_DELETE cRepeat:1 ScanCode:53 fExtended:1 fAltDown:0 fRepeat:0 fUp:0
<00219> 00000898 P WM_KEYUP nVirtKey:VK_DELETE cRepeat:1 ScanCode:53 fExtended:1 fAltDown:0 fRepeat:1 fUp:1
<00220> 00000898 P WM_KEYDOWN nVirtKey:VK_BACK cRepeat:1 ScanCode:0E fExtended:0 fAltDown:0 fRepeat:0 fUp:0
<00221> 00000898 P WM_CHAR chCharCode:'' (8) cRepeat:1 ScanCode:0E fExtended:0 fAltDown:0 fRepeat:0 fUp:0
<00222> 00000898 P WM_PAINT hdc:00000000
<00223> 00000898 P WM_KEYUP nVirtKey:VK_BACK cRepeat:1 ScanCode:0E fExtended:0 fAltDown:0 fRepeat:1 fUp:1
<00224> 00000898 P WM_KEYDOWN nVirtKey:VK_BACK cRepeat:1 ScanCode:0E fExtended:0 fAltDown:0 fRepeat:0 fUp:0
<00225> 00000898 P WM_CHAR chCharCode:'' (8) cRepeat:1 ScanCode:0E fExtended:0 fAltDown:0 fRepeat:0 fUp:0
<00226> 00000898 P WM_PAINT hdc:00000000
<00227> 00000898 P WM_KEYUP nVirtKey:VK_BACK cRepeat:1 ScanCode:0E fExtended:0 fAltDown:0 fRepeat:1 fUp:1
<00228> 00000898 P message:0x0118 [Unknown] wParam:0000FFFF lParam:17CF12DC
<00229> 00000898 P message:0x0118 [Unknown] wParam:0000FFFF lParam:17CF12DC
<00230> 00000898 P message:0x0118 [Unknown] wParam:0000FFFF lParam:17CF12DC
<00231> 00000898 P message:0x0118 [Unknown] wParam:0000FFFF lParam:17CF12DC
<00232> 00000898 S WM_NCHITTEST xPos:68 yPos:321
<00233> 00000898 R WM_NCHITTEST nHittest:HTCLIENT
<00234> 00000898 S WM_NCHITTEST xPos:69 yPos:324
<00235> 00000898 R WM_NCHITTEST nHittest:HTCLIENT
<00236> 00000898 S WM_NCHITTEST xPos:72 yPos:328
<00237> 00000898 R WM_NCHITTEST nHittest:HTCLIENT
<00238> 00000898 S WM_NCHITTEST xPos:72 yPos:329
<00239> 00000898 R WM_NCHITTEST nHittest:HTCLIENT
<00240> 00000898 S WM_NCHITTEST xPos:74 yPos:330
<00241> 00000898 R WM_NCHITTEST nHittest:HTCLIENT
<00242> 00000898 S WM_NCHITTEST xPos:75 yPos:331
<00243> 00000898 R WM_NCHITTEST nHittest:HTCLIENT
<00244> 00000898 P message:0x0118 [Unknown] wParam:0000FFFF lParam:17CF12DC
<00245> 00000898 S WM_KILLFOCUS hwndGetFocus:(null)
<00246> 00000898 R WM_KILLFOCUS
<00247> 00000898 S WM_NCHITTEST xPos:86 yPos:329
<00248> 00000898 R WM_NCHITTEST nHittest:HTCLIENT
<00249> 00000898 S WM_NCHITTEST xPos:83 yPos:327
<00250> 00000898 R WM_NCHITTEST nHittest:HTCLIENT
<00251> 00000898 S WM_NCHITTEST xPos:82 yPos:327
<00252> 00000898 R WM_NCHITTEST nHittest:HTCLIENT
<00253> 00000898 S WM_NCHITTEST xPos:82 yPos:326
<00254> 00000898 R WM_NCHITTEST nHittest:HTCLIENT
<00255> 00000898 S WM_NCHITTEST xPos:80 yPos:325
<00256> 00000898 R WM_NCHITTEST nHittest:HTCLIENT
<00257> 00000898 S WM_NCHITTEST xPos:77 yPos:324
<00258> 00000898 R WM_NCHITTEST nHittest:HTCLIENT
<00259> 00000898 S WM_NCHITTEST xPos:72 yPos:322
<00260> 00000898 R WM_NCHITTEST nHittest:HTCLIENT
<00261> 00000898 S WM_NCHITTEST xPos:71 yPos:322
<00262> 00000898 R WM_NCHITTEST nHittest:HTCLIENT
<00263> 00000898 S WM_NCHITTEST xPos:71 yPos:321
<00264> 00000898 R WM_NCHITTEST nHittest:HTCLIENT
<00265> 00000898 S WM_NCHITTEST xPos:70 yPos:321
<00266> 00000898 R WM_NCHITTEST nHittest:HTCLIENT
<00267> 00000898 S WM_NCHITTEST xPos:69 yPos:321
<00268> 00000898 R WM_NCHITTEST nHittest:HTCLIENT
<00269> 00000898 S WM_NCHITTEST xPos:69 yPos:321
<00270> 00000898 R WM_NCHITTEST nHittest:HTCLIENT
<00271> 00000898 S WM_SETFOCUS hwndLoseFocus:00000AAC
<00272> 00000898 R WM_SETFOCUS
<00273> 00000898 P message:0x100E [User-defined:WM_USER+3086] wParam:00000006 lParam:00000000
<00274> 00000898 P message:0x100E [User-defined:WM_USER+3086] wParam:00000005 lParam:00000000
<00275> 00000898 S WM_NCHITTEST xPos:69 yPos:321
<00276> 00000898 R WM_NCHITTEST nHittest:HTCLIENT
<00277> 00000898 S WM_NCHITTEST xPos:69 yPos:321
<00278> 00000898 R WM_NCHITTEST nHittest:HTCLIENT
<00279> 00000898 P WM_PAINT hdc:00000000
<00280> 00000898 S WM_NCPAINT hrgn:0000039C
<00281> 00000898 R WM_NCPAINT
<00282> 00000898 S WM_ERASEBKGND hdc:0000077A
<00283> 00000898 R WM_ERASEBKGND fErased:True
<00284> 00000898 P message:0x0118 [Unknown] wParam:0000FFFF lParam:17CF12DC
<00285> 00000898 P message:0x0118 [Unknown] wParam:0000FFFF lParam:17CF12DC
<00286> 00000898 P message:0x0118 [Unknown] wParam:0000FFFF lParam:17CF12DC
<00287> 00000898 P message:0x0118 [Unknown] wParam:0000FFFF lParam:17CF12DC
<00288> 00000898 P WM_KEYDOWN nVirtKey:VK_ESCAPE cRepeat:1 ScanCode:01 fExtended:0 fAltDown:0 fRepeat:0 fUp:0
<00289> 00000898 S WM_KILLFOCUS hwndGetFocus:00000180
<00290> 00000898 R WM_KILLFOCUS
<00291> 00000898 P WM_CHAR chCharCode:'' (27) cRepeat:1 ScanCode:01 fExtended:0 fAltDown:0 fRepeat:0 fUp:0
<00292> 00000898 P message:0x100E [User-defined:WM_USER+3086] wParam:00000006 lParam:00000000
