<00001> 00000898 P WM_PAINT hdc:00000000
<00002> 00000898 S WM_NCPAINT hrgn:00000E4C
<00003> 00000898 R WM_NCPAINT
<00004> 00000898 S WM_ERASEBKGND hdc:00000E6A
<00005> 00000898 R WM_ERASEBKGND fErased:True
<00006> 00000898 S WM_NCHITTEST xPos:72 yPos:331
<00007> 00000898 R WM_NCHITTEST nHittest:HTCLIENT
<00008> 00000898 S WM_NCHITTEST xPos:62 yPos:321
<00009> 00000898 R WM_NCHITTEST nHittest:HTCLIENT
<00010> 00000898 S WM_NCHITTEST xPos:62 yPos:321
<00011> 00000898 R WM_NCHITTEST nHittest:HTCLIENT
<00012> 00000898 S WM_SETFOCUS hwndLoseFocus:00000AAC
<00013> 00000898 R WM_SETFOCUS
<00014> 00000898 P message:0x100E [User-defined:WM_USER+3086] wParam:00000006 lParam:00000000
<00015> 00000898 P message:0x100E [User-defined:WM_USER+3086] wParam:00000005 lParam:00000000
<00016> 00000898 S WM_NCHITTEST xPos:62 yPos:321
<00017> 00000898 R WM_NCHITTEST nHittest:HTCLIENT
<00018> 00000898 S WM_NCHITTEST xPos:62 yPos:321
<00019> 00000898 R WM_NCHITTEST nHittest:HTCLIENT
<00020> 00000898 P WM_PAINT hdc:00000000
<00021> 00000898 S WM_NCPAINT hrgn:000003C4
<00022> 00000898 R WM_NCPAINT
<00023> 00000898 S WM_ERASEBKGND hdc:0000077A
<00024> 00000898 R WM_ERASEBKGND fErased:True
<00025> 00000898 S WM_NCHITTEST xPos:62 yPos:321
<00026> 00000898 R WM_NCHITTEST nHittest:HTCLIENT
<00027> 00000898 S WM_NCHITTEST xPos:62 yPos:321
<00028> 00000898 R WM_NCHITTEST nHittest:HTCLIENT
<00029> 00000898 P message:0x0118 [Unknown] wParam:0000FFFF lParam:17CF12DC
<00030> 00000898 P message:0x0118 [Unknown] wParam:0000FFFF lParam:17CF12DC
<00031> 00000898 P message:0x0118 [Unknown] wParam:0000FFFF lParam:17CF12DC
<00032> 00000898 P message:0x0118 [Unknown] wParam:0000FFFF lParam:17CF12DC
<00033> 00000898 P message:0x0118 [Unknown] wParam:0000FFFF lParam:17CF12DC
<00034> 00000898 P WM_KEYDOWN nVirtKey:'1' cRepeat:1 ScanCode:02 fExtended:0 fAltDown:0 fRepeat:0 fUp:0
<00035> 00000898 P WM_CHAR chCharCode:'1' (49) cRepeat:1 ScanCode:02 fExtended:0 fAltDown:0 fRepeat:0 fUp:0
<00036> 00000898 P WM_PAINT hdc:00000000
<00037> 00000898 P WM_KEYUP nVirtKey:'1' cRepeat:1 ScanCode:02 fExtended:0 fAltDown:0 fRepeat:1 fUp:1
<00038> 00000898 P message:0x0118 [Unknown] wParam:0000FFFF lParam:17CF12DC
<00039> 00000898 P WM_KEYDOWN nVirtKey:'2' cRepeat:1 ScanCode:03 fExtended:0 fAltDown:0 fRepeat:0 fUp:0
<00040> 00000898 P WM_CHAR chCharCode:'2' (50) cRepeat:1 ScanCode:03 fExtended:0 fAltDown:0 fRepeat:0 fUp:0
<00041> 00000898 P WM_PAINT hdc:00000000
<00042> 00000898 P WM_KEYUP nVirtKey:'2' cRepeat:1 ScanCode:03 fExtended:0 fAltDown:0 fRepeat:1 fUp:1
<00043> 00000898 P message:0x0118 [Unknown] wParam:0000FFFF lParam:17CF12DC
<00044> 00000898 P message:0x0118 [Unknown] wParam:0000FFFF lParam:17CF12DC
<00045> 00000898 P message:0x0118 [Unknown] wParam:0000FFFF lParam:17CF12DC
<00046> 00000898 P message:0x0118 [Unknown] wParam:0000FFFF lParam:17CF12DC
<00047> 00000898 P message:0x0118 [Unknown] wParam:0000FFFF lParam:17CF12DC
<00048> 00000898 P WM_KEYDOWN nVirtKey:VK_LEFT cRepeat:1 ScanCode:4B fExtended:1 fAltDown:0 fRepeat:0 fUp:0
<00049> 00000898 S WM_KILLFOCUS hwndGetFocus:00000180
<00050> 00000898 R WM_KILLFOCUS
<00051> 00000898 P message:0x100E [User-defined:WM_USER+3086] wParam:00000006 lParam:00000000
<00052> 00000898 S WM_NCHITTEST xPos:62 yPos:321
<00053> 00000898 R WM_NCHITTEST nHittest:HTCLIENT
<00054> 00000898 S WM_SETFOCUS hwndLoseFocus:000008A8
<00055> 00000898 R WM_SETFOCUS
<00056> 00000898 P message:0x100E [User-defined:WM_USER+3086] wParam:00000005 lParam:00000000
<00057> 00000898 P WM_KEYUP nVirtKey:VK_LEFT cRepeat:1 ScanCode:4B fExtended:1 fAltDown:0 fRepeat:1 fUp:1
<00058> 00000898 P message:0x0118 [Unknown] wParam:0000FFFF lParam:17CF12DC
<00059> 00000898 P WM_KEYDOWN nVirtKey:VK_LEFT cRepeat:1 ScanCode:4B fExtended:1 fAltDown:0 fRepeat:0 fUp:0
<00060> 00000898 S WM_KILLFOCUS hwndGetFocus:00000180
<00061> 00000898 R WM_KILLFOCUS
<00062> 00000898 P message:0x100E [User-defined:WM_USER+3086] wParam:00000006 lParam:00000000
<00063> 00000898 S WM_SETFOCUS hwndLoseFocus:000008A8
<00064> 00000898 R WM_SETFOCUS
<00065> 00000898 P message:0x100E [User-defined:WM_USER+3086] wParam:00000005 lParam:00000000
<00066> 00000898 P WM_KEYUP nVirtKey:VK_LEFT cRepeat:1 ScanCode:4B fExtended:1 fAltDown:0 fRepeat:1 fUp:1
<00067> 00000898 P message:0x0118 [Unknown] wParam:0000FFFF lParam:17CF12DC
<00068> 00000898 P message:0x0118 [Unknown] wParam:0000FFFF lParam:17CF12DC
<00069> 00000898 P message:0x0118 [Unknown] wParam:0000FFFF lParam:17CF12DC
<00070> 00000898 P WM_KEYDOWN nVirtKey:VK_DELETE cRepeat:1 ScanCode:53 fExtended:1 fAltDown:0 fRepeat:0 fUp:0
<00071> 00000898 P WM_PAINT hdc:00000000
<00072> 00000898 P WM_KEYUP nVirtKey:VK_DELETE cRepeat:1 ScanCode:53 fExtended:1 fAltDown:0 fRepeat:1 fUp:1
<00073> 00000898 P message:0x0118 [Unknown] wParam:0000FFFF lParam:17CF12DC
<00074> 00000898 P WM_KEYDOWN nVirtKey:VK_DELETE cRepeat:1 ScanCode:53 fExtended:1 fAltDown:0 fRepeat:0 fUp:0
<00075> 00000898 P WM_PAINT hdc:00000000
<00076> 00000898 P WM_KEYUP nVirtKey:VK_DELETE cRepeat:1 ScanCode:53 fExtended:1 fAltDown:0 fRepeat:1 fUp:1
<00077> 00000898 P message:0x0118 [Unknown] wParam:0000FFFF lParam:17CF12DC
<00078> 00000898 P message:0x0118 [Unknown] wParam:0000FFFF lParam:17CF12DC
<00079> 00000898 P message:0x0118 [Unknown] wParam:0000FFFF lParam:17CF12DC
<00080> 00000898 P message:0x0118 [Unknown] wParam:0000FFFF lParam:17CF12DC
<00081> 00000898 P message:0x0118 [Unknown] wParam:0000FFFF lParam:17CF12DC
<00082> 00000898 P message:0x0118 [Unknown] wParam:0000FFFF lParam:17CF12DC
<00083> 00000898 P message:0x0118 [Unknown] wParam:0000FFFF lParam:17CF12DC
<00084> 00000898 P message:0x0118 [Unknown] wParam:0000FFFF lParam:17CF12DC
<00085> 00000898 P message:0x0118 [Unknown] wParam:0000FFFF lParam:17CF12DC
<00086> 00000898 P message:0x0118 [Unknown] wParam:0000FFFF lParam:17CF12DC
<00087> 00000898 P message:0x0118 [Unknown] wParam:0000FFFF lParam:17CF12DC
<00088> 00000898 P WM_KEYDOWN nVirtKey:'2' cRepeat:1 ScanCode:03 fExtended:0 fAltDown:0 fRepeat:0 fUp:0
<00089> 00000898 P WM_CHAR chCharCode:'2' (50) cRepeat:1 ScanCode:03 fExtended:0 fAltDown:0 fRepeat:0 fUp:0
<00090> 00000898 P WM_PAINT hdc:00000000
<00091> 00000898 P WM_KEYUP nVirtKey:'2' cRepeat:1 ScanCode:03 fExtended:0 fAltDown:0 fRepeat:1 fUp:1
<00092> 00000898 P message:0x0118 [Unknown] wParam:0000FFFF lParam:17CF12DC
<00093> 00000898 P message:0x0118 [Unknown] wParam:0000FFFF lParam:17CF12DC
<00094> 00000898 P message:0x0118 [Unknown] wParam:0000FFFF lParam:17CF12DC
<00095> 00000898 P WM_KEYDOWN nVirtKey:VK_RETURN cRepeat:1 ScanCode:1C fExtended:0 fAltDown:0 fRepeat:0 fUp:0
<00096> 00000898 S WM_KILLFOCUS hwndGetFocus:00000180
<00097> 00000898 R WM_KILLFOCUS
<00098> 00000898 P WM_CHAR chCharCode:'' (13) cRepeat:1 ScanCode:1C fExtended:0 fAltDown:0 fRepeat:0 fUp:0
<00099> 00000898 P message:0x100E [User-defined:WM_USER+3086] wParam:00000006 lParam:00000000
<00100> 00000898 P WM_KEYDOWN nVirtKey:VK_TAB cRepeat:0 ScanCode:00 fExtended:0 fAltDown:0 fRepeat:0 fUp:0
