<00001> 000E0032 S WM_NCHITTEST xPos:663 yPos:596
<00002> 000E0032 R WM_NCHITTEST nHittest:HTCLIENT
<00003> 000E0032 S EM_GETSEL lpdwStart:0007FC74 lpdwEnd:0007FC78
<00004> 000E0032 R EM_GETSEL wStart:0 wEnd:0 lpdwStart:0007FC74 (0) lpdwEnd:0007FC78 (0)
<00005> 000E0032 S EM_LINEFROMCHAR ich:0
<00006> 000E0032 R EM_LINEFROMCHAR iLine:0
<00007> 000E0032 S EM_LINEINDEX line:0
<00008> 000E0032 R EM_LINEINDEX ich:0
<00009> 000E0032 S WM_NCHITTEST xPos:660 yPos:598
<00010> 000E0032 R WM_NCHITTEST nHittest:HTCLIENT
<00011> 000E0032 S EM_GETSEL lpdwStart:0007FC74 lpdwEnd:0007FC78
<00012> 000E0032 R EM_GETSEL wStart:0 wEnd:0 lpdwStart:0007FC74 (0) lpdwEnd:0007FC78 (0)
<00013> 000E0032 S EM_LINEFROMCHAR ich:0
<00014> 000E0032 R EM_LINEFROMCHAR iLine:0
<00015> 000E0032 S EM_LINEINDEX line:0
<00016> 000E0032 R EM_LINEINDEX ich:0
<00017> 000E0032 S WM_NCHITTEST xPos:658 yPos:599
<00018> 000E0032 R WM_NCHITTEST nHittest:HTCLIENT
<00019> 000E0032 S EM_GETSEL lpdwStart:0007FC74 lpdwEnd:0007FC78
<00020> 000E0032 R EM_GETSEL wStart:0 wEnd:0 lpdwStart:0007FC74 (0) lpdwEnd:0007FC78 (0)
<00021> 000E0032 S EM_LINEFROMCHAR ich:0
<00022> 000E0032 R EM_LINEFROMCHAR iLine:0
<00023> 000E0032 S EM_LINEINDEX line:0
<00024> 000E0032 R EM_LINEINDEX ich:0
<00025> 000E0032 S WM_NCHITTEST xPos:658 yPos:599
<00026> 000E0032 R WM_NCHITTEST nHittest:HTCLIENT
<00027> 000E0032 S EM_GETSEL lpdwStart:0007FC74 lpdwEnd:0007FC78
<00028> 000E0032 R EM_GETSEL wStart:0 wEnd:0 lpdwStart:0007FC74 (0) lpdwEnd:0007FC78 (0)
<00029> 000E0032 S EM_LINEFROMCHAR ich:0
<00030> 000E0032 R EM_LINEFROMCHAR iLine:0
<00031> 000E0032 S EM_LINEINDEX line:0
<00032> 000E0032 R EM_LINEINDEX ich:0
<00033> 000E0032 S WM_NCHITTEST xPos:656 yPos:601
<00034> 000E0032 R WM_NCHITTEST nHittest:HTCLIENT
<00035> 000E0032 S WM_NCHITTEST xPos:655 yPos:602
<00036> 000E0032 R WM_NCHITTEST nHittest:HTCLIENT
<00037> 000E0032 S EM_GETSEL lpdwStart:0007FC74 lpdwEnd:0007FC78
<00038> 000E0032 R EM_GETSEL wStart:0 wEnd:0 lpdwStart:0007FC74 (0) lpdwEnd:0007FC78 (0)
<00039> 000E0032 S EM_LINEFROMCHAR ich:0
<00040> 000E0032 R EM_LINEFROMCHAR iLine:0
<00041> 000E0032 S EM_LINEINDEX line:0
<00042> 000E0032 R EM_LINEINDEX ich:0
<00043> 000E0032 S WM_NCHITTEST xPos:653 yPos:604
<00044> 000E0032 R WM_NCHITTEST nHittest:HTCLIENT
<00045> 000E0032 S EM_GETSEL lpdwStart:0007FC74 lpdwEnd:0007FC78
<00046> 000E0032 R EM_GETSEL wStart:0 wEnd:0 lpdwStart:0007FC74 (0) lpdwEnd:0007FC78 (0)
<00047> 000E0032 S EM_LINEFROMCHAR ich:0
<00048> 000E0032 R EM_LINEFROMCHAR iLine:0
<00049> 000E0032 S EM_LINEINDEX line:0
<00050> 000E0032 R EM_LINEINDEX ich:0
<00051> 000E0032 S WM_NCHITTEST xPos:651 yPos:606
<00052> 000E0032 R WM_NCHITTEST nHittest:HTCLIENT
<00053> 000E0032 S EM_GETSEL lpdwStart:0007FC74 lpdwEnd:0007FC78
<00054> 000E0032 R EM_GETSEL wStart:0 wEnd:0 lpdwStart:0007FC74 (0) lpdwEnd:0007FC78 (0)
<00055> 000E0032 S EM_LINEFROMCHAR ich:0
<00056> 000E0032 R EM_LINEFROMCHAR iLine:0
<00057> 000E0032 S EM_LINEINDEX line:0
<00058> 000E0032 R EM_LINEINDEX ich:0
<00059> 000E0032 S WM_NCHITTEST xPos:649 yPos:608
<00060> 000E0032 R WM_NCHITTEST nHittest:HTCLIENT
<00061> 000E0032 S EM_GETSEL lpdwStart:0007FC74 lpdwEnd:0007FC78
<00062> 000E0032 R EM_GETSEL wStart:0 wEnd:0 lpdwStart:0007FC74 (0) lpdwEnd:0007FC78 (0)
<00063> 000E0032 S EM_LINEFROMCHAR ich:0
<00064> 000E0032 R EM_LINEFROMCHAR iLine:0
<00065> 000E0032 S EM_LINEINDEX line:0
<00066> 000E0032 R EM_LINEINDEX ich:0
<00067> 000E0032 S WM_NCHITTEST xPos:646 yPos:611
<00068> 000E0032 R WM_NCHITTEST nHittest:HTCLIENT
<00069> 000E0032 S EM_GETSEL lpdwStart:0007FC74 lpdwEnd:0007FC78
<00070> 000E0032 R EM_GETSEL wStart:0 wEnd:0 lpdwStart:0007FC74 (0) lpdwEnd:0007FC78 (0)
<00071> 000E0032 S EM_LINEFROMCHAR ich:0
<00072> 000E0032 R EM_LINEFROMCHAR iLine:0
<00073> 000E0032 S EM_LINEINDEX line:0
<00074> 000E0032 R EM_LINEINDEX ich:0
<00075> 000E0032 S WM_NCHITTEST xPos:643 yPos:614
<00076> 000E0032 R WM_NCHITTEST nHittest:HTCLIENT
<00077> 000E0032 S EM_GETSEL lpdwStart:0007FC74 lpdwEnd:0007FC78
<00078> 000E0032 R EM_GETSEL wStart:0 wEnd:0 lpdwStart:0007FC74 (0) lpdwEnd:0007FC78 (0)
<00079> 000E0032 S EM_LINEFROMCHAR ich:0
<00080> 000E0032 R EM_LINEFROMCHAR iLine:0
<00081> 000E0032 S EM_LINEINDEX line:0
<00082> 000E0032 R EM_LINEINDEX ich:0
<00083> 000E0032 S WM_NCHITTEST xPos:641 yPos:617
<00084> 000E0032 R WM_NCHITTEST nHittest:HTCLIENT
<00085> 000E0032 S EM_GETSEL lpdwStart:0007FC74 lpdwEnd:0007FC78
<00086> 000E0032 R EM_GETSEL wStart:0 wEnd:0 lpdwStart:0007FC74 (0) lpdwEnd:0007FC78 (0)
<00087> 000E0032 S EM_LINEFROMCHAR ich:0
<00088> 000E0032 R EM_LINEFROMCHAR iLine:0
<00089> 000E0032 S EM_LINEINDEX line:0
<00090> 000E0032 R EM_LINEINDEX ich:0
<00091> 000E0032 S WM_NCHITTEST xPos:636 yPos:619
<00092> 000E0032 R WM_NCHITTEST nHittest:HTCLIENT
<00093> 000E0032 S EM_GETSEL lpdwStart:0007FC74 lpdwEnd:0007FC78
<00094> 000E0032 R EM_GETSEL wStart:0 wEnd:0 lpdwStart:0007FC74 (0) lpdwEnd:0007FC78 (0)
<00095> 000E0032 S EM_LINEFROMCHAR ich:0
<00096> 000E0032 R EM_LINEFROMCHAR iLine:0
<00097> 000E0032 S EM_LINEINDEX line:0
<00098> 000E0032 R EM_LINEINDEX ich:0
<00099> 000E0032 S WM_NCHITTEST xPos:634 yPos:622
<00100> 000E0032 R WM_NCHITTEST nHittest:HTCLIENT
<00101> 000E0032 S EM_GETSEL lpdwStart:0007FC74 lpdwEnd:0007FC78
<00102> 000E0032 R EM_GETSEL wStart:0 wEnd:0 lpdwStart:0007FC74 (0) lpdwEnd:0007FC78 (0)
<00103> 000E0032 S EM_LINEFROMCHAR ich:0
<00104> 000E0032 R EM_LINEFROMCHAR iLine:0
<00105> 000E0032 S EM_LINEINDEX line:0
<00106> 000E0032 R EM_LINEINDEX ich:0
<00107> 000E0032 S WM_NCHITTEST xPos:631 yPos:624
<00108> 000E0032 R WM_NCHITTEST nHittest:HTCLIENT
<00109> 000E0032 S EM_GETSEL lpdwStart:0007FC74 lpdwEnd:0007FC78
<00110> 000E0032 R EM_GETSEL wStart:0 wEnd:0 lpdwStart:0007FC74 (0) lpdwEnd:0007FC78 (0)
<00111> 000E0032 S EM_LINEFROMCHAR ich:0
<00112> 000E0032 R EM_LINEFROMCHAR iLine:0
<00113> 000E0032 S EM_LINEINDEX line:0
<00114> 000E0032 R EM_LINEINDEX ich:0
<00115> 000E0032 S WM_NCHITTEST xPos:626 yPos:626
<00116> 000E0032 R WM_NCHITTEST nHittest:HTCLIENT
<00117> 000E0032 S EM_GETSEL lpdwStart:0007FC74 lpdwEnd:0007FC78
<00118> 000E0032 R EM_GETSEL wStart:0 wEnd:0 lpdwStart:0007FC74 (0) lpdwEnd:0007FC78 (0)
<00119> 000E0032 S EM_LINEFROMCHAR ich:0
<00120> 000E0032 R EM_LINEFROMCHAR iLine:0
<00121> 000E0032 S EM_LINEINDEX line:0
<00122> 000E0032 R EM_LINEINDEX ich:0
<00123> 000E0032 S WM_NCHITTEST xPos:624 yPos:628
<00124> 000E0032 R WM_NCHITTEST nHittest:HTCLIENT
<00125> 000E0032 S EM_GETSEL lpdwStart:0007FC74 lpdwEnd:0007FC78
<00126> 000E0032 R EM_GETSEL wStart:0 wEnd:0 lpdwStart:0007FC74 (0) lpdwEnd:0007FC78 (0)
<00127> 000E0032 S EM_LINEFROMCHAR ich:0
<00128> 000E0032 R EM_LINEFROMCHAR iLine:0
<00129> 000E0032 S EM_LINEINDEX line:0
<00130> 000E0032 R EM_LINEINDEX ich:0
<00131> 000E0032 S WM_NCHITTEST xPos:622 yPos:628
<00132> 000E0032 R WM_NCHITTEST nHittest:HTCLIENT
<00133> 000E0032 S EM_GETSEL lpdwStart:0007FC74 lpdwEnd:0007FC78
<00134> 000E0032 R EM_GETSEL wStart:0 wEnd:0 lpdwStart:0007FC74 (0) lpdwEnd:0007FC78 (0)
<00135> 000E0032 S EM_LINEFROMCHAR ich:0
<00136> 000E0032 R EM_LINEFROMCHAR iLine:0
<00137> 000E0032 S EM_LINEINDEX line:0
<00138> 000E0032 R EM_LINEINDEX ich:0
<00139> 000E0032 S WM_NCHITTEST xPos:620 yPos:628
<00140> 000E0032 R WM_NCHITTEST nHittest:HTCLIENT
<00141> 000E0032 S EM_GETSEL lpdwStart:0007FC74 lpdwEnd:0007FC78
<00142> 000E0032 R EM_GETSEL wStart:0 wEnd:0 lpdwStart:0007FC74 (0) lpdwEnd:0007FC78 (0)
<00143> 000E0032 S EM_LINEFROMCHAR ich:0
<00144> 000E0032 R EM_LINEFROMCHAR iLine:0
<00145> 000E0032 S EM_LINEINDEX line:0
<00146> 000E0032 R EM_LINEINDEX ich:0
<00147> 000E0032 S WM_NCHITTEST xPos:620 yPos:628
<00148> 000E0032 R WM_NCHITTEST nHittest:HTCLIENT
<00149> 000E0032 S ...WM_KILLFOCUS hwndGetFocus:000E0032
<00150> 000E0032 R ...WM_KILLFOCUS
<00151> 000E0032 S ..WM_SETFOCUS hwndLoseFocus:001F0144
<00152> 000E0032 R ..WM_SETFOCUS
<00153> 000E0032 S EM_GETSEL lpdwStart:0007FC74 lpdwEnd:0007FC78
<00154> 000E0032 R EM_GETSEL wStart:0 wEnd:0 lpdwStart:0007FC74 (0) lpdwEnd:0007FC78 (0)
<00155> 000E0032 S EM_LINEFROMCHAR ich:0
<00156> 000E0032 R EM_LINEFROMCHAR iLine:0
<00157> 000E0032 S EM_LINEINDEX line:0
<00158> 000E0032 R EM_LINEINDEX ich:0
<00159> 000E0032 P WM_PAINT hdc:00000000
<00160> 000E0032 S WM_NCPAINT hrgn:00000001
<00161> 000E0032 R WM_NCPAINT
<00162> 000E0032 S WM_ERASEBKGND hdc:01010978
<00163> 000E0032 R WM_ERASEBKGND fErased:True
<00164> 000E0032 P message:0x0118 [Unknown] wParam:0000FFFF lParam:BF8C2943
<00165> 000E0032 P message:0x0118 [Unknown] wParam:0000FFFF lParam:BF8C2943
<00166> 000E0032 P WM_TIMER wTimerID:65534 tmprc:00000000
<00167> 000E0032 P message:0x0118 [Unknown] wParam:0000FFFF lParam:BF8C2943
<00168> 000E0032 P message:0x0118 [Unknown] wParam:0000FFFF lParam:BF8C2943
<00169> 000E0032 P message:0x0118 [Unknown] wParam:0000FFFF lParam:BF8C2943
<00170> 000E0032 P WM_TIMER wTimerID:65534 tmprc:00000000
<00171> 000E0032 P message:0x0118 [Unknown] wParam:0000FFFF lParam:BF8C2943
<00172> 000E0032 P message:0x0118 [Unknown] wParam:0000FFFF lParam:BF8C2943
<00173> 000E0032 P WM_TIMER wTimerID:65534 tmprc:00000000
<00174> 000E0032 P message:0x0118 [Unknown] wParam:0000FFFF lParam:BF8C2943
<00175> 000E0032 S WM_CAPTURECHANGED hwndNewCapture:00000000
<00176> 000E0032 R WM_CAPTURECHANGED
<00177> 000E0032 S WM_NCHITTEST xPos:620 yPos:628
<00178> 000E0032 R WM_NCHITTEST nHittest:HTCLIENT
<00179> 000E0032 P message:0x0118 [Unknown] wParam:0000FFFF lParam:BF8C2943
<00180> 000E0032 P message:0x0118 [Unknown] wParam:0000FFFF lParam:BF8C2943
<00181> 000E0032 S WM_NCHITTEST xPos:637 yPos:616
<00182> 000E0032 R WM_NCHITTEST nHittest:HTCLIENT
<00183> 000E0032 S WM_NCHITTEST xPos:689 yPos:592
<00184> 000E0032 R WM_NCHITTEST nHittest:HTCLIENT
<00185> 000E0032 S EM_GETSEL lpdwStart:0007FC74 lpdwEnd:0007FC78
<00186> 000E0032 R EM_GETSEL wStart:0 wEnd:0 lpdwStart:0007FC74 (0) lpdwEnd:0007FC78 (0)
<00187> 000E0032 S EM_LINEFROMCHAR ich:0
<00188> 000E0032 R EM_LINEFROMCHAR iLine:0
<00189> 000E0032 S EM_LINEINDEX line:0
<00190> 000E0032 R EM_LINEINDEX ich:0
<00191> 000E0032 S WM_NCHITTEST xPos:753 yPos:565
<00192> 000E0032 R WM_NCHITTEST nHittest:HTCLIENT
<00193> 000E0032 S EM_GETSEL lpdwStart:0007FC74 lpdwEnd:0007FC78
<00194> 000E0032 R EM_GETSEL wStart:0 wEnd:0 lpdwStart:0007FC74 (0) lpdwEnd:0007FC78 (0)
<00195> 000E0032 S EM_LINEFROMCHAR ich:0
<00196> 000E0032 R EM_LINEFROMCHAR iLine:0
<00197> 000E0032 S EM_LINEINDEX line:0
<00198> 000E0032 R EM_LINEINDEX ich:0
<00199> 000E0032 S WM_NCHITTEST xPos:808 yPos:540
<00200> 000E0032 R WM_NCHITTEST nHittest:HTCLIENT
<00201> 000E0032 S EM_GETSEL lpdwStart:0007FC74 lpdwEnd:0007FC78
<00202> 000E0032 R EM_GETSEL wStart:0 wEnd:0 lpdwStart:0007FC74 (0) lpdwEnd:0007FC78 (0)
<00203> 000E0032 S EM_LINEFROMCHAR ich:0
<00204> 000E0032 R EM_LINEFROMCHAR iLine:0
<00205> 000E0032 S EM_LINEINDEX line:0
<00206> 000E0032 R EM_LINEINDEX ich:0
<00207> 000E0032 S WM_NCHITTEST xPos:847 yPos:523
<00208> 000E0032 R WM_NCHITTEST nHittest:HTVSCROLL
<00209> 000E0032 P WM_NCMOUSEMOVE nHittest:HTVSCROLL xPos:847 yPos:523
<00210> 000E0032 S EM_GETSEL lpdwStart:0007FC74 lpdwEnd:0007FC78
<00211> 000E0032 R EM_GETSEL wStart:0 wEnd:0 lpdwStart:0007FC74 (0) lpdwEnd:0007FC78 (0)
<00212> 000E0032 S EM_LINEFROMCHAR ich:0
<00213> 000E0032 R EM_LINEFROMCHAR iLine:0
<00214> 000E0032 S EM_LINEINDEX line:0
<00215> 000E0032 R EM_LINEINDEX ich:0
<00216> 000E0032 P message:0x0118 [Unknown] wParam:0000FFFF lParam:BF8C2943
<00217> 000E0032 P message:0x0118 [Unknown] wParam:0000FFFF lParam:BF8C2943
<00218> 000E0032 P message:0x0118 [Unknown] wParam:0000FFFF lParam:BF8C2943
<00219> 000E0032 P message:0x0118 [Unknown] wParam:0000FFFF lParam:BF8C2943
<00220> 000E0032 P message:0x0118 [Unknown] wParam:0000FFFF lParam:BF8C2943
<00221> 000E0032 P message:0x0118 [Unknown] wParam:0000FFFF lParam:BF8C2943
<00222> 000E0032 P message:0x0118 [Unknown] wParam:0000FFFF lParam:BF8C2943
<00223> 000E0032 P message:0x0118 [Unknown] wParam:0000FFFF lParam:BF8C2943
<00224> 000E0032 P message:0x0118 [Unknown] wParam:0000FFFF lParam:BF8C2943
<00225> 000E0032 P message:0x0118 [Unknown] wParam:0000FFFF lParam:BF8C2943
<00226> 000E0032 P message:0x0118 [Unknown] wParam:0000FFFF lParam:BF8C2943
<00227> 000E0032 P message:0x0118 [Unknown] wParam:0000FFFF lParam:BF8C2943
<00228> 000E0032 S .EM_GETSEL lpdwStart:0007FCAC lpdwEnd:0007FCB0
<00229> 000E0032 R .EM_GETSEL wStart:0 wEnd:0 lpdwStart:0007FCAC (0) lpdwEnd:0007FCB0 (0)
<00230> 000E0032 S WM_KILLFOCUS hwndGetFocus:(null)
<00231> 000E0032 R WM_KILLFOCUS
<00232> 000E0032 S WM_CHAR chCharCode:'1' (49) cRepeat:0 ScanCode:00 fExtended:0 fAltDown:0 fRepeat:0 fUp:0
<00233> 000E0032 R WM_CHAR
<00234> 000E0032 S WM_CHAR chCharCode:'7' (55) cRepeat:0 ScanCode:00 fExtended:0 fAltDown:0 fRepeat:0 fUp:0
<00235> 000E0032 R WM_CHAR
<00236> 000E0032 S WM_CHAR chCharCode:'5' (53) cRepeat:0 ScanCode:00 fExtended:0 fAltDown:0 fRepeat:0 fUp:0
<00237> 000E0032 R WM_CHAR
<00238> 000E0032 S WM_CHAR chCharCode:'8' (56) cRepeat:0 ScanCode:00 fExtended:0 fAltDown:0 fRepeat:0 fUp:0
<00239> 000E0032 R WM_CHAR
<00240> 000E0032 S WM_CHAR chCharCode:'1' (49) cRepeat:0 ScanCode:00 fExtended:0 fAltDown:0 fRepeat:0 fUp:0
<00241> 000E0032 R WM_CHAR
<00242> 000E0032 S WM_CHAR chCharCode:'' (13) cRepeat:0 ScanCode:00 fExtended:0 fAltDown:0 fRepeat:0 fUp:0
<00243> 000E0032 R WM_CHAR
<00244> 000E0032 S WM_CHAR chCharCode:'' (13) cRepeat:0 ScanCode:00 fExtended:0 fAltDown:0 fRepeat:0 fUp:0
<00245> 000E0032 R WM_CHAR
<00246> 000E0032 S WM_CHAR chCharCode:'' (13) cRepeat:0 ScanCode:00 fExtended:0 fAltDown:0 fRepeat:0 fUp:0
<00247> 000E0032 R WM_CHAR
<00248> 000E0032 S WM_NCHITTEST xPos:571 yPos:625
<00249> 000E0032 R WM_NCHITTEST nHittest:HTCLIENT
<00250> 000E0032 S EM_GETSEL lpdwStart:0007FC74 lpdwEnd:0007FC78
<00251> 000E0032 R EM_GETSEL wStart:11 wEnd:11 lpdwStart:0007FC74 (11) lpdwEnd:0007FC78 (11)
<00252> 000E0032 S EM_LINEFROMCHAR ich:11
<00253> 000E0032 R EM_LINEFROMCHAR iLine:3
<00254> 000E0032 S EM_LINEINDEX line:3
<00255> 000E0032 R EM_LINEINDEX ich:11
<00256> 000E0032 S WM_NCHITTEST xPos:526 yPos:700
<00257> 000E0032 R WM_NCHITTEST nHittest:HTCLIENT
<00258> 000E0032 S EM_GETSEL lpdwStart:0007FC74 lpdwEnd:0007FC78
<00259> 000E0032 R EM_GETSEL wStart:11 wEnd:11 lpdwStart:0007FC74 (11) lpdwEnd:0007FC78 (11)
<00260> 000E0032 S EM_LINEFROMCHAR ich:11
<00261> 000E0032 R EM_LINEFROMCHAR iLine:3
<00262> 000E0032 S EM_LINEINDEX line:3
<00263> 000E0032 R EM_LINEINDEX ich:11
<00264> 000E0032 S WM_NCHITTEST xPos:506 yPos:691
<00265> 000E0032 R WM_NCHITTEST nHittest:HTCLIENT
<00266> 000E0032 S EM_GETSEL lpdwStart:0007FC74 lpdwEnd:0007FC78
<00267> 000E0032 R EM_GETSEL wStart:11 wEnd:11 lpdwStart:0007FC74 (11) lpdwEnd:0007FC78 (11)
<00268> 000E0032 S EM_LINEFROMCHAR ich:11
<00269> 000E0032 R EM_LINEFROMCHAR iLine:3
<00270> 000E0032 S EM_LINEINDEX line:3
<00271> 000E0032 R EM_LINEINDEX ich:11
<00272> 000E0032 S WM_NCHITTEST xPos:515 yPos:686
<00273> 000E0032 R WM_NCHITTEST nHittest:HTCLIENT
<00274> 000E0032 S EM_GETSEL lpdwStart:0007FC74 lpdwEnd:0007FC78
<00275> 000E0032 R EM_GETSEL wStart:11 wEnd:11 lpdwStart:0007FC74 (11) lpdwEnd:0007FC78 (11)
<00276> 000E0032 S EM_LINEFROMCHAR ich:11
<00277> 000E0032 R EM_LINEFROMCHAR iLine:3
<00278> 000E0032 S EM_LINEINDEX line:3
<00279> 000E0032 R EM_LINEINDEX ich:11
<00280> 000E0032 S WM_NCHITTEST xPos:526 yPos:677
<00281> 000E0032 R WM_NCHITTEST nHittest:HTCLIENT
<00282> 000E0032 S EM_GETSEL lpdwStart:0007FC74 lpdwEnd:0007FC78
<00283> 000E0032 R EM_GETSEL wStart:11 wEnd:11 lpdwStart:0007FC74 (11) lpdwEnd:0007FC78 (11)
<00284> 000E0032 S EM_LINEFROMCHAR ich:11
<00285> 000E0032 R EM_LINEFROMCHAR iLine:3
<00286> 000E0032 S EM_LINEINDEX line:3
<00287> 000E0032 R EM_LINEINDEX ich:11
<00288> 000E0032 S WM_NCHITTEST xPos:533 yPos:673
<00289> 000E0032 R WM_NCHITTEST nHittest:HTCLIENT
<00290> 000E0032 S EM_GETSEL lpdwStart:0007FC74 lpdwEnd:0007FC78
<00291> 000E0032 R EM_GETSEL wStart:11 wEnd:11 lpdwStart:0007FC74 (11) lpdwEnd:0007FC78 (11)
<00292> 000E0032 S EM_LINEFROMCHAR ich:11
<00293> 000E0032 R EM_LINEFROMCHAR iLine:3
<00294> 000E0032 S EM_LINEINDEX line:3
<00295> 000E0032 R EM_LINEINDEX ich:11
<00296> 000E0032 S WM_NCHITTEST xPos:555 yPos:662
<00297> 000E0032 R WM_NCHITTEST nHittest:HTCLIENT
<00298> 000E0032 S EM_GETSEL lpdwStart:0007FC74 lpdwEnd:0007FC78
<00299> 000E0032 R EM_GETSEL wStart:11 wEnd:11 lpdwStart:0007FC74 (11) lpdwEnd:0007FC78 (11)
<00300> 000E0032 S EM_LINEFROMCHAR ich:11
<00301> 000E0032 R EM_LINEFROMCHAR iLine:3
<00302> 000E0032 S EM_LINEINDEX line:3
<00303> 000E0032 R EM_LINEINDEX ich:11
<00304> 000E0032 S WM_NCHITTEST xPos:557 yPos:660
<00305> 000E0032 R WM_NCHITTEST nHittest:HTCLIENT
<00306> 000E0032 S EM_GETSEL lpdwStart:0007FC74 lpdwEnd:0007FC78
<00307> 000E0032 R EM_GETSEL wStart:11 wEnd:11 lpdwStart:0007FC74 (11) lpdwEnd:0007FC78 (11)
<00308> 000E0032 S EM_LINEFROMCHAR ich:11
<00309> 000E0032 R EM_LINEFROMCHAR iLine:3
<00310> 000E0032 S EM_LINEINDEX line:3
<00311> 000E0032 R EM_LINEINDEX ich:11
<00312> 000E0032 S WM_NCHITTEST xPos:559 yPos:660
<00313> 000E0032 R WM_NCHITTEST nHittest:HTCLIENT
<00314> 000E0032 S EM_GETSEL lpdwStart:0007FC74 lpdwEnd:0007FC78
<00315> 000E0032 R EM_GETSEL wStart:11 wEnd:11 lpdwStart:0007FC74 (11) lpdwEnd:0007FC78 (11)
<00316> 000E0032 S EM_LINEFROMCHAR ich:11
<00317> 000E0032 R EM_LINEFROMCHAR iLine:3
<00318> 000E0032 S EM_LINEINDEX line:3
<00319> 000E0032 R EM_LINEINDEX ich:11
<00320> 000E0032 S WM_NCHITTEST xPos:561 yPos:658
<00321> 000E0032 R WM_NCHITTEST nHittest:HTCLIENT
<00322> 000E0032 S EM_GETSEL lpdwStart:0007FC74 lpdwEnd:0007FC78
<00323> 000E0032 R EM_GETSEL wStart:11 wEnd:11 lpdwStart:0007FC74 (11) lpdwEnd:0007FC78 (11)
<00324> 000E0032 S EM_LINEFROMCHAR ich:11
<00325> 000E0032 R EM_LINEFROMCHAR iLine:3
<00326> 000E0032 S EM_LINEINDEX line:3
<00327> 000E0032 R EM_LINEINDEX ich:11
<00328> 000E0032 S WM_NCHITTEST xPos:566 yPos:654
<00329> 000E0032 R WM_NCHITTEST nHittest:HTCLIENT
<00330> 000E0032 S EM_GETSEL lpdwStart:0007FC74 lpdwEnd:0007FC78
<00331> 000E0032 R EM_GETSEL wStart:11 wEnd:11 lpdwStart:0007FC74 (11) lpdwEnd:0007FC78 (11)
<00332> 000E0032 S EM_LINEFROMCHAR ich:11
<00333> 000E0032 R EM_LINEFROMCHAR iLine:3
<00334> 000E0032 S EM_LINEINDEX line:3
<00335> 000E0032 R EM_LINEINDEX ich:11
<00336> 000E0032 S WM_NCHITTEST xPos:574 yPos:654
<00337> 000E0032 R WM_NCHITTEST nHittest:HTCLIENT
<00338> 000E0032 S EM_GETSEL lpdwStart:0007FC74 lpdwEnd:0007FC78
<00339> 000E0032 R EM_GETSEL wStart:11 wEnd:11 lpdwStart:0007FC74 (11) lpdwEnd:0007FC78 (11)
<00340> 000E0032 S EM_LINEFROMCHAR ich:11
<00341> 000E0032 R EM_LINEFROMCHAR iLine:3
<00342> 000E0032 S EM_LINEINDEX line:3
<00343> 000E0032 R EM_LINEINDEX ich:11
<00344> 000E0032 S WM_NCHITTEST xPos:577 yPos:654
<00345> 000E0032 R WM_NCHITTEST nHittest:HTCLIENT
<00346> 000E0032 S EM_GETSEL lpdwStart:0007FC74 lpdwEnd:0007FC78
<00347> 000E0032 R EM_GETSEL wStart:11 wEnd:11 lpdwStart:0007FC74 (11) lpdwEnd:0007FC78 (11)
<00348> 000E0032 S EM_LINEFROMCHAR ich:11
<00349> 000E0032 R EM_LINEFROMCHAR iLine:3
<00350> 000E0032 S EM_LINEINDEX line:3
<00351> 000E0032 R EM_LINEINDEX ich:11
<00352> 000E0032 S WM_NCHITTEST xPos:605 yPos:654
<00353> 000E0032 R WM_NCHITTEST nHittest:HTCLIENT
<00354> 000E0032 S EM_GETSEL lpdwStart:0007FC74 lpdwEnd:0007FC78
<00355> 000E0032 R EM_GETSEL wStart:11 wEnd:11 lpdwStart:0007FC74 (11) lpdwEnd:0007FC78 (11)
<00356> 000E0032 S EM_LINEFROMCHAR ich:11
<00357> 000E0032 R EM_LINEFROMCHAR iLine:3
<00358> 000E0032 S EM_LINEINDEX line:3
<00359> 000E0032 R EM_LINEINDEX ich:11
<00360> 000E0032 S WM_NCHITTEST xPos:607 yPos:653
<00361> 000E0032 R WM_NCHITTEST nHittest:HTCLIENT
<00362> 000E0032 S EM_GETSEL lpdwStart:0007FC74 lpdwEnd:0007FC78
<00363> 000E0032 R EM_GETSEL wStart:11 wEnd:11 lpdwStart:0007FC74 (11) lpdwEnd:0007FC78 (11)
<00364> 000E0032 S EM_LINEFROMCHAR ich:11
<00365> 000E0032 R EM_LINEFROMCHAR iLine:3
<00366> 000E0032 S EM_LINEINDEX line:3
<00367> 000E0032 R EM_LINEINDEX ich:11
<00368> 000E0032 S WM_NCHITTEST xPos:608 yPos:645
<00369> 000E0032 R WM_NCHITTEST nHittest:HTCLIENT
<00370> 000E0032 S EM_GETSEL lpdwStart:0007FC74 lpdwEnd:0007FC78
<00371> 000E0032 R EM_GETSEL wStart:11 wEnd:11 lpdwStart:0007FC74 (11) lpdwEnd:0007FC78 (11)
<00372> 000E0032 S EM_LINEFROMCHAR ich:11
<00373> 000E0032 R EM_LINEFROMCHAR iLine:3
<00374> 000E0032 S EM_LINEINDEX line:3
<00375> 000E0032 R EM_LINEINDEX ich:11
<00376> 000E0032 S WM_NCHITTEST xPos:606 yPos:640
<00377> 000E0032 R WM_NCHITTEST nHittest:HTCLIENT
<00378> 000E0032 S EM_GETSEL lpdwStart:0007FC74 lpdwEnd:0007FC78
<00379> 000E0032 R EM_GETSEL wStart:11 wEnd:11 lpdwStart:0007FC74 (11) lpdwEnd:0007FC78 (11)
<00380> 000E0032 S EM_LINEFROMCHAR ich:11
<00381> 000E0032 R EM_LINEFROMCHAR iLine:3
<00382> 000E0032 S EM_LINEINDEX line:3
<00383> 000E0032 R EM_LINEINDEX ich:11
<00384> 000E0032 S WM_NCHITTEST xPos:580 yPos:609
<00385> 000E0032 R WM_NCHITTEST nHittest:HTCLIENT
<00386> 000E0032 S EM_GETSEL lpdwStart:0007FC74 lpdwEnd:0007FC78
<00387> 000E0032 R EM_GETSEL wStart:11 wEnd:11 lpdwStart:0007FC74 (11) lpdwEnd:0007FC78 (11)
<00388> 000E0032 S EM_LINEFROMCHAR ich:11
<00389> 000E0032 R EM_LINEFROMCHAR iLine:3
<00390> 000E0032 S EM_LINEINDEX line:3
<00391> 000E0032 R EM_LINEINDEX ich:11
<00392> 000E0032 S WM_NCHITTEST xPos:580 yPos:619
<00393> 000E0032 R WM_NCHITTEST nHittest:HTCLIENT
<00394> 000E0032 S EM_GETSEL lpdwStart:0007FC74 lpdwEnd:0007FC78
<00395> 000E0032 R EM_GETSEL wStart:11 wEnd:11 lpdwStart:0007FC74 (11) lpdwEnd:0007FC78 (11)
<00396> 000E0032 S EM_LINEFROMCHAR ich:11
<00397> 000E0032 R EM_LINEFROMCHAR iLine:3
<00398> 000E0032 S EM_LINEINDEX line:3
<00399> 000E0032 R EM_LINEINDEX ich:11
<00400> 000E0032 S WM_NCHITTEST xPos:580 yPos:629
<00401> 000E0032 R WM_NCHITTEST nHittest:HTCLIENT
<00402> 000E0032 S EM_GETSEL lpdwStart:0007FC74 lpdwEnd:0007FC78
<00403> 000E0032 R EM_GETSEL wStart:11 wEnd:11 lpdwStart:0007FC74 (11) lpdwEnd:0007FC78 (11)
<00404> 000E0032 S EM_LINEFROMCHAR ich:11
<00405> 000E0032 R EM_LINEFROMCHAR iLine:3
<00406> 000E0032 S EM_LINEINDEX line:3
<00407> 000E0032 R EM_LINEINDEX ich:11
<00408> 000E0032 S WM_NCHITTEST xPos:580 yPos:633
<00409> 000E0032 R WM_NCHITTEST nHittest:HTCLIENT
<00410> 000E0032 S EM_GETSEL lpdwStart:0007FC74 lpdwEnd:0007FC78
<00411> 000E0032 R EM_GETSEL wStart:11 wEnd:11 lpdwStart:0007FC74 (11) lpdwEnd:0007FC78 (11)
<00412> 000E0032 S EM_LINEFROMCHAR ich:11
<00413> 000E0032 R EM_LINEFROMCHAR iLine:3
<00414> 000E0032 S EM_LINEINDEX line:3
<00415> 000E0032 R EM_LINEINDEX ich:11
<00416> 000E0032 S WM_NCHITTEST xPos:580 yPos:634
<00417> 000E0032 R WM_NCHITTEST nHittest:HTCLIENT
<00418> 000E0032 S EM_GETSEL lpdwStart:0007FC74 lpdwEnd:0007FC78
<00419> 000E0032 R EM_GETSEL wStart:11 wEnd:11 lpdwStart:0007FC74 (11) lpdwEnd:0007FC78 (11)
<00420> 000E0032 S EM_LINEFROMCHAR ich:11
<00421> 000E0032 R EM_LINEFROMCHAR iLine:3
<00422> 000E0032 S EM_LINEINDEX line:3
<00423> 000E0032 R EM_LINEINDEX ich:11
<00424> 000E0032 S WM_NCHITTEST xPos:579 yPos:635
<00425> 000E0032 R WM_NCHITTEST nHittest:HTCLIENT
<00426> 000E0032 S EM_GETSEL lpdwStart:0007FC74 lpdwEnd:0007FC78
<00427> 000E0032 R EM_GETSEL wStart:11 wEnd:11 lpdwStart:0007FC74 (11) lpdwEnd:0007FC78 (11)
<00428> 000E0032 S EM_LINEFROMCHAR ich:11
<00429> 000E0032 R EM_LINEFROMCHAR iLine:3
<00430> 000E0032 S EM_LINEINDEX line:3
<00431> 000E0032 R EM_LINEINDEX ich:11
<00432> 000E0032 S WM_NCHITTEST xPos:578 yPos:635
<00433> 000E0032 R WM_NCHITTEST nHittest:HTCLIENT
<00434> 000E0032 S EM_GETSEL lpdwStart:0007FC74 lpdwEnd:0007FC78
<00435> 000E0032 R EM_GETSEL wStart:11 wEnd:11 lpdwStart:0007FC74 (11) lpdwEnd:0007FC78 (11)
<00436> 000E0032 S EM_LINEFROMCHAR ich:11
<00437> 000E0032 R EM_LINEFROMCHAR iLine:3
<00438> 000E0032 S EM_LINEINDEX line:3
<00439> 000E0032 R EM_LINEINDEX ich:11
<00440> 000E0032 S WM_NCHITTEST xPos:578 yPos:635
<00441> 000E0032 R WM_NCHITTEST nHittest:HTCLIENT
<00442> 000E0032 S ...WM_KILLFOCUS hwndGetFocus:000E0032
<00443> 000E0032 R ...WM_KILLFOCUS
<00444> 000E0032 S ..WM_SETFOCUS hwndLoseFocus:001F0144
<00445> 000E0032 R ..WM_SETFOCUS
<00446> 000E0032 S EM_GETSEL lpdwStart:0007FC74 lpdwEnd:0007FC78
<00447> 000E0032 R EM_GETSEL wStart:11 wEnd:11 lpdwStart:0007FC74 (11) lpdwEnd:0007FC78 (11)
<00448> 000E0032 S EM_LINEFROMCHAR ich:11
<00449> 000E0032 R EM_LINEFROMCHAR iLine:3
<00450> 000E0032 S EM_LINEINDEX line:3
<00451> 000E0032 R EM_LINEINDEX ich:11
<00452> 000E0032 S EM_GETSEL lpdwStart:0007FC74 lpdwEnd:0007FC78
<00453> 000E0032 R EM_GETSEL wStart:11 wEnd:11 lpdwStart:0007FC74 (11) lpdwEnd:0007FC78 (11)
<00454> 000E0032 S EM_LINEFROMCHAR ich:11
<00455> 000E0032 R EM_LINEFROMCHAR iLine:3
<00456> 000E0032 S EM_LINEINDEX line:3
<00457> 000E0032 R EM_LINEINDEX ich:11
<00458> 000E0032 P WM_PAINT hdc:00000000
<00459> 000E0032 S WM_NCPAINT hrgn:00000001
<00460> 000E0032 R WM_NCPAINT
<00461> 000E0032 S WM_ERASEBKGND hdc:0B0109A5
<00462> 000E0032 R WM_ERASEBKGND fErased:True
<00463> 000E0032 S WM_CAPTURECHANGED hwndNewCapture:00000000
<00464> 000E0032 R WM_CAPTURECHANGED
<00465> 000E0032 S WM_NCHITTEST xPos:578 yPos:635
<00466> 000E0032 R WM_NCHITTEST nHittest:HTCLIENT
<00467> 000E0032 S WM_NCHITTEST xPos:578 yPos:635
<00468> 000E0032 R WM_NCHITTEST nHittest:HTCLIENT
<00469> 000E0032 P message:0x0118 [Unknown] wParam:0000FFFF lParam:BF8C2943
<00470> 000E0032 S WM_NCHITTEST xPos:573 yPos:626
<00471> 000E0032 R WM_NCHITTEST nHittest:HTCLIENT
<00472> 000E0032 S WM_NCHITTEST xPos:558 yPos:610
<00473> 000E0032 R WM_NCHITTEST nHittest:HTCLIENT
<00474> 000E0032 S EM_GETSEL lpdwStart:0007FC74 lpdwEnd:0007FC78
<00475> 000E0032 R EM_GETSEL wStart:11 wEnd:11 lpdwStart:0007FC74 (11) lpdwEnd:0007FC78 (11)
<00476> 000E0032 S EM_LINEFROMCHAR ich:11
<00477> 000E0032 R EM_LINEFROMCHAR iLine:3
<00478> 000E0032 S EM_LINEINDEX line:3
<00479> 000E0032 R EM_LINEINDEX ich:11
<00480> 000E0032 S WM_NCHITTEST xPos:538 yPos:593
<00481> 000E0032 R WM_NCHITTEST nHittest:HTCLIENT
<00482> 000E0032 S EM_GETSEL lpdwStart:0007FC74 lpdwEnd:0007FC78
<00483> 000E0032 R EM_GETSEL wStart:11 wEnd:11 lpdwStart:0007FC74 (11) lpdwEnd:0007FC78 (11)
<00484> 000E0032 S EM_LINEFROMCHAR ich:11
<00485> 000E0032 R EM_LINEFROMCHAR iLine:3
<00486> 000E0032 S EM_LINEINDEX line:3
<00487> 000E0032 R EM_LINEINDEX ich:11
<00488> 000E0032 S WM_NCHITTEST xPos:511 yPos:576
<00489> 000E0032 R WM_NCHITTEST nHittest:HTCLIENT
<00490> 000E0032 S EM_GETSEL lpdwStart:0007FC74 lpdwEnd:0007FC78
<00491> 000E0032 R EM_GETSEL wStart:11 wEnd:11 lpdwStart:0007FC74 (11) lpdwEnd:0007FC78 (11)
<00492> 000E0032 S EM_LINEFROMCHAR ich:11
<00493> 000E0032 R EM_LINEFROMCHAR iLine:3
<00494> 000E0032 S EM_LINEINDEX line:3
<00495> 000E0032 R EM_LINEINDEX ich:11
<00496> 000E0032 P message:0x0118 [Unknown] wParam:0000FFFF lParam:BF8C2943
<00497> 000E0032 P message:0x0118 [Unknown] wParam:0000FFFF lParam:BF8C2943
<00498> 000E0032 P message:0x0118 [Unknown] wParam:0000FFFF lParam:BF8C2943
<00499> 000E0032 P message:0x0118 [Unknown] wParam:0000FFFF lParam:BF8C2943
<00500> 000E0032 S WM_NCHITTEST xPos:629 yPos:713
<00501> 000E0032 R WM_NCHITTEST nHittest:HTHSCROLL
<00502> 000E0032 P WM_NCMOUSEMOVE nHittest:HTHSCROLL xPos:629 yPos:713
<00503> 000E0032 S EM_GETSEL lpdwStart:0007FC74 lpdwEnd:0007FC78
<00504> 000E0032 R EM_GETSEL wStart:11 wEnd:11 lpdwStart:0007FC74 (11) lpdwEnd:0007FC78 (11)
<00505> 000E0032 S EM_LINEFROMCHAR ich:11
<00506> 000E0032 R EM_LINEFROMCHAR iLine:3
<00507> 000E0032 S EM_LINEINDEX line:3
<00508> 000E0032 R EM_LINEINDEX ich:11
<00509> 000E0032 S WM_NCHITTEST xPos:608 yPos:683
<00510> 000E0032 R WM_NCHITTEST nHittest:HTCLIENT
<00511> 000E0032 S EM_GETSEL lpdwStart:0007FC74 lpdwEnd:0007FC78
<00512> 000E0032 R EM_GETSEL wStart:11 wEnd:11 lpdwStart:0007FC74 (11) lpdwEnd:0007FC78 (11)
<00513> 000E0032 S EM_LINEFROMCHAR ich:11
<00514> 000E0032 R EM_LINEFROMCHAR iLine:3
<00515> 000E0032 S EM_LINEINDEX line:3
<00516> 000E0032 R EM_LINEINDEX ich:11
<00517> 000E0032 S WM_NCHITTEST xPos:584 yPos:650
<00518> 000E0032 R WM_NCHITTEST nHittest:HTCLIENT
<00519> 000E0032 S EM_GETSEL lpdwStart:0007FC74 lpdwEnd:0007FC78
<00520> 000E0032 R EM_GETSEL wStart:11 wEnd:11 lpdwStart:0007FC74 (11) lpdwEnd:0007FC78 (11)
<00521> 000E0032 S EM_LINEFROMCHAR ich:11
<00522> 000E0032 R EM_LINEFROMCHAR iLine:3
<00523> 000E0032 S EM_LINEINDEX line:3
<00524> 000E0032 R EM_LINEINDEX ich:11
<00525> 000E0032 P message:0x0118 [Unknown] wParam:0000FFFF lParam:BF8C2943
<00526> 000E0032 S WM_NCHITTEST xPos:562 yPos:612
<00527> 000E0032 R WM_NCHITTEST nHittest:HTCLIENT
<00528> 000E0032 S EM_GETSEL lpdwStart:0007FC74 lpdwEnd:0007FC78
<00529> 000E0032 R EM_GETSEL wStart:11 wEnd:11 lpdwStart:0007FC74 (11) lpdwEnd:0007FC78 (11)
<00530> 000E0032 S EM_LINEFROMCHAR ich:11
<00531> 000E0032 R EM_LINEFROMCHAR iLine:3
<00532> 000E0032 S EM_LINEINDEX line:3
<00533> 000E0032 R EM_LINEINDEX ich:11
<00534> 000E0032 S WM_NCHITTEST xPos:541 yPos:570
<00535> 000E0032 R WM_NCHITTEST nHittest:HTCLIENT
<00536> 000E0032 S EM_GETSEL lpdwStart:0007FC74 lpdwEnd:0007FC78
<00537> 000E0032 R EM_GETSEL wStart:11 wEnd:11 lpdwStart:0007FC74 (11) lpdwEnd:0007FC78 (11)
<00538> 000E0032 S EM_LINEFROMCHAR ich:11
<00539> 000E0032 R EM_LINEFROMCHAR iLine:3
<00540> 000E0032 S EM_LINEINDEX line:3
<00541> 000E0032 R EM_LINEINDEX ich:11
<00542> 000E0032 S WM_NCHITTEST xPos:519 yPos:518
<00543> 000E0032 R WM_NCHITTEST nHittest:HTCLIENT
<00544> 000E0032 S EM_GETSEL lpdwStart:0007FC74 lpdwEnd:0007FC78
<00545> 000E0032 R EM_GETSEL wStart:11 wEnd:11 lpdwStart:0007FC74 (11) lpdwEnd:0007FC78 (11)
<00546> 000E0032 S EM_LINEFROMCHAR ich:11
<00547> 000E0032 R EM_LINEFROMCHAR iLine:3
<00548> 000E0032 S EM_LINEINDEX line:3
<00549> 000E0032 R EM_LINEINDEX ich:11
<00550> 000E0032 P message:0x0118 [Unknown] wParam:0000FFFF lParam:BF8C2943
<00551> 000E0032 S .EM_GETSEL lpdwStart:0007FCAC lpdwEnd:0007FCB0
<00552> 000E0032 R .EM_GETSEL wStart:11 wEnd:11 lpdwStart:0007FCAC (11) lpdwEnd:0007FCB0 (11)
<00553> 000E0032 S WM_KILLFOCUS hwndGetFocus:(null)
<00554> 000E0032 R WM_KILLFOCUS
