<00001> 00090220 S .WM_NCHITTEST xPos:696 yPos:608
<00002> 00090220 R .WM_NCHITTEST nHittest:HTBORDER
<00003> 00090220 S .WM_NCHITTEST xPos:696 yPos:608
<00004> 00090220 R .WM_NCHITTEST nHittest:HTBORDER
<00005> 00090220 S .WM_NCHITTEST xPos:696 yPos:608
<00006> 00090220 R .WM_NCHITTEST nHittest:HTBORDER
<00007> 00090220 P WM_NCMOUSEMOVE nHittest:HTBORDER xPos:696 yPos:608
<00008> 00090220 S .WM_NCHITTEST xPos:696 yPos:609
<00009> 00090220 R .WM_NCHITTEST nHittest:HTCLIENT
<00010> 00090220 S .WM_NCHITTEST xPos:696 yPos:609
<00011> 00090220 R .WM_NCHITTEST nHittest:HTCLIENT
<00012> 00090220 S .message:0xC0FB [Registered:"WinFormsMouseEnter"] wParam:00000000 lParam:00000000
<00013> 00090220 R .message:0xC0FB [Registered:"WinFormsMouseEnter"] lResult:00000000
<00014> 00090220 S .WM_NCHITTEST xPos:696 yPos:610
<00015> 00090220 R .WM_NCHITTEST nHittest:HTCLIENT
<00016> 00090220 S .WM_NCHITTEST xPos:696 yPos:610
<00017> 00090220 R .WM_NCHITTEST nHittest:HTCLIENT
<00018> 00090220 S .WM_NCHITTEST xPos:696 yPos:611
<00019> 00090220 R .WM_NCHITTEST nHittest:HTCLIENT
<00020> 00090220 S .WM_NCHITTEST xPos:696 yPos:611
<00021> 00090220 R .WM_NCHITTEST nHittest:HTCLIENT
<00022> 00090220 S .WM_NCHITTEST xPos:696 yPos:612
<00023> 00090220 R .WM_NCHITTEST nHittest:HTCLIENT
<00024> 00090220 S .WM_NCHITTEST xPos:696 yPos:612
<00025> 00090220 R .WM_NCHITTEST nHittest:HTCLIENT
<00026> 00090220 S .WM_NCHITTEST xPos:696 yPos:613
<00027> 00090220 R .WM_NCHITTEST nHittest:HTCLIENT
<00028> 00090220 S .WM_NCHITTEST xPos:696 yPos:613
<00029> 00090220 R .WM_NCHITTEST nHittest:HTCLIENT
<00030> 00090220 S .WM_NCHITTEST xPos:696 yPos:614
<00031> 00090220 R .WM_NCHITTEST nHittest:HTCLIENT
<00032> 00090220 S .WM_NCHITTEST xPos:696 yPos:614
<00033> 00090220 R .WM_NCHITTEST nHittest:HTCLIENT
<00034> 00090220 S .WM_NCHITTEST xPos:696 yPos:615
<00035> 00090220 R .WM_NCHITTEST nHittest:HTCLIENT
<00036> 00090220 S .WM_NCHITTEST xPos:696 yPos:615
<00037> 00090220 R .WM_NCHITTEST nHittest:HTCLIENT
<00038> 00090220 S .WM_NCHITTEST xPos:696 yPos:616
<00039> 00090220 R .WM_NCHITTEST nHittest:HTCLIENT
<00040> 00090220 S .WM_NCHITTEST xPos:696 yPos:616
<00041> 00090220 R .WM_NCHITTEST nHittest:HTCLIENT
<00042> 00090220 S .WM_NCHITTEST xPos:696 yPos:618
<00043> 00090220 R .WM_NCHITTEST nHittest:HTCLIENT
<00044> 00090220 S .WM_NCHITTEST xPos:696 yPos:618
<00045> 00090220 R .WM_NCHITTEST nHittest:HTCLIENT
<00046> 00090220 S .WM_NCHITTEST xPos:694 yPos:619
<00047> 00090220 R .WM_NCHITTEST nHittest:HTCLIENT
<00048> 00090220 S .WM_NCHITTEST xPos:694 yPos:619
<00049> 00090220 R .WM_NCHITTEST nHittest:HTCLIENT
<00050> 00090220 S .WM_NCHITTEST xPos:694 yPos:620
<00051> 00090220 R .WM_NCHITTEST nHittest:HTCLIENT
<00052> 00090220 S .WM_NCHITTEST xPos:694 yPos:620
<00053> 00090220 R .WM_NCHITTEST nHittest:HTCLIENT
<00054> 00090220 S .WM_NCHITTEST xPos:693 yPos:620
<00055> 00090220 R .WM_NCHITTEST nHittest:HTCLIENT
<00056> 00090220 S .WM_NCHITTEST xPos:693 yPos:620
<00057> 00090220 R .WM_NCHITTEST nHittest:HTCLIENT
<00058> 00090220 P message:0x0118 [Unknown] wParam:0000FFFA lParam:BF80A59B
<00059> 00090220 S .WM_NCHITTEST xPos:693 yPos:620
<00060> 00090220 R .WM_NCHITTEST nHittest:HTCLIENT
<00061> 00090220 S .WM_NCHITTEST xPos:693 yPos:620
<00062> 00090220 R .WM_NCHITTEST nHittest:HTCLIENT
<00063> 00090220 S ..WM_SETFOCUS hwndLoseFocus:(null)
<00064> 00090220 S ....message:0x2111 [User-defined:WM_USER+7441] wParam:01000220 lParam:00090220
<00065> 00090220 R ....message:0x2111 [User-defined:WM_USER+7441] lResult:00000000
<00066> 00090220 R ..WM_SETFOCUS
<00067> 00090220 P WM_PAINT hdc:00000000
<00068> 00090220 S .WM_ERASEBKGND hdc:01010978
<00069> 00090220 R .WM_ERASEBKGND fErased:True
<00070> 00090220 P message:0x0118 [Unknown] wParam:0000FFFF lParam:BF8C2943
<00071> 00090220 P message:0x0118 [Unknown] wParam:0000FFFF lParam:BF8C2943
<00072> 00090220 P message:0x0118 [Unknown] wParam:0000FFFF lParam:BF8C2943
<00073> 00090220 S .WM_CAPTURECHANGED hwndNewCapture:00000000
<00074> 00090220 R .WM_CAPTURECHANGED
<00075> 00090220 S .WM_NCHITTEST xPos:693 yPos:620
<00076> 00090220 R .WM_NCHITTEST nHittest:HTCLIENT
<00077> 00090220 S .WM_NCHITTEST xPos:693 yPos:620
<00078> 00090220 R .WM_NCHITTEST nHittest:HTCLIENT
<00079> 00090220 S .WM_NCHITTEST xPos:693 yPos:620
<00080> 00090220 R .WM_NCHITTEST nHittest:HTCLIENT
<00081> 00090220 P message:0x0118 [Unknown] wParam:0000FFFF lParam:BF8C2943
<00082> 00090220 S .WM_NCHITTEST xPos:691 yPos:621
<00083> 00090220 R .WM_NCHITTEST nHittest:HTCLIENT
<00084> 00090220 S .WM_NCHITTEST xPos:691 yPos:621
<00085> 00090220 R .WM_NCHITTEST nHittest:HTCLIENT
<00086> 00090220 S .WM_NCHITTEST xPos:688 yPos:619
<00087> 00090220 R .WM_NCHITTEST nHittest:HTCLIENT
<00088> 00090220 S .WM_NCHITTEST xPos:688 yPos:619
<00089> 00090220 R .WM_NCHITTEST nHittest:HTCLIENT
<00090> 00090220 S .WM_NCHITTEST xPos:691 yPos:616
<00091> 00090220 R .WM_NCHITTEST nHittest:HTCLIENT
<00092> 00090220 S .WM_NCHITTEST xPos:691 yPos:616
<00093> 00090220 R .WM_NCHITTEST nHittest:HTCLIENT
<00094> 00090220 S .WM_NCHITTEST xPos:692 yPos:614
<00095> 00090220 R .WM_NCHITTEST nHittest:HTCLIENT
<00096> 00090220 S .WM_NCHITTEST xPos:692 yPos:614
<00097> 00090220 R .WM_NCHITTEST nHittest:HTCLIENT
<00098> 00090220 S .WM_NCHITTEST xPos:695 yPos:612
<00099> 00090220 R .WM_NCHITTEST nHittest:HTCLIENT
<00100> 00090220 S .WM_NCHITTEST xPos:695 yPos:612
<00101> 00090220 R .WM_NCHITTEST nHittest:HTCLIENT
<00102> 00090220 P message:0x0118 [Unknown] wParam:0000FFFF lParam:BF8C2943
<00103> 00090220 S .WM_NCHITTEST xPos:694 yPos:611
<00104> 00090220 R .WM_NCHITTEST nHittest:HTCLIENT
<00105> 00090220 S .WM_NCHITTEST xPos:694 yPos:611
<00106> 00090220 R .WM_NCHITTEST nHittest:HTCLIENT
<00107> 00090220 S .WM_NCHITTEST xPos:693 yPos:607
<00108> 00090220 R .WM_NCHITTEST nHittest:HTBORDER
<00109> 00090220 S .WM_NCHITTEST xPos:693 yPos:607
<00110> 00090220 R .WM_NCHITTEST nHittest:HTBORDER
<00111> 00090220 S .WM_NCHITTEST xPos:693 yPos:607
<00112> 00090220 R .WM_NCHITTEST nHittest:HTBORDER
<00113> 00090220 P WM_NCMOUSEMOVE nHittest:HTBORDER xPos:693 yPos:607
<00114> 00090220 S .WM_NCHITTEST xPos:693 yPos:610
<00115> 00090220 R .WM_NCHITTEST nHittest:HTCLIENT
<00116> 00090220 S .WM_NCHITTEST xPos:693 yPos:610
<00117> 00090220 R .WM_NCHITTEST nHittest:HTCLIENT
<00118> 00090220 S .WM_NCHITTEST xPos:693 yPos:610
<00119> 00090220 R .WM_NCHITTEST nHittest:HTCLIENT
<00120> 00090220 S .message:0xC0FB [Registered:"WinFormsMouseEnter"] wParam:00000000 lParam:00000000
<00121> 00090220 R .message:0xC0FB [Registered:"WinFormsMouseEnter"] lResult:00000000
<00122> 00090220 S .WM_NCHITTEST xPos:693 yPos:612
<00123> 00090220 R .WM_NCHITTEST nHittest:HTCLIENT
<00124> 00090220 S .WM_NCHITTEST xPos:693 yPos:612
<00125> 00090220 R .WM_NCHITTEST nHittest:HTCLIENT
<00126> 00090220 S .WM_NCHITTEST xPos:698 yPos:608
<00127> 00090220 R .WM_NCHITTEST nHittest:HTBORDER
<00128> 00090220 S .WM_NCHITTEST xPos:698 yPos:608
<00129> 00090220 R .WM_NCHITTEST nHittest:HTBORDER
<00130> 00090220 S .WM_NCHITTEST xPos:698 yPos:608
<00131> 00090220 R .WM_NCHITTEST nHittest:HTBORDER
<00132> 00090220 P WM_NCMOUSEMOVE nHittest:HTBORDER xPos:698 yPos:608
<00133> 00090220 P message:0x0118 [Unknown] wParam:0000FFFF lParam:BF8C2943
<00134> 00090220 P message:0x0118 [Unknown] wParam:0000FFFF lParam:BF8C2943
<00135> 00090220 P message:0x0118 [Unknown] wParam:0000FFFF lParam:BF8C2943
<00136> 00090220 P message:0x0118 [Unknown] wParam:0000FFFF lParam:BF8C2943
<00137> 00090220 P message:0x0118 [Unknown] wParam:0000FFFF lParam:BF8C2943
<00138> 00090220 P message:0x0118 [Unknown] wParam:0000FFFF lParam:BF8C2943
<00139> 00090220 S .WM_KILLFOCUS hwndGetFocus:(null)
<00140> 00090220 S ...message:0x2111 [User-defined:WM_USER+7441] wParam:02000220 lParam:00090220
<00141> 00090220 R ...message:0x2111 [User-defined:WM_USER+7441] lResult:00000000
<00142> 00090220 R .WM_KILLFOCUS
<00143> 00090220 P WM_PAINT hdc:00000000
<00144> 00090220 S .WM_CHAR chCharCode:'1' (49) cRepeat:0 ScanCode:00 fExtended:0 fAltDown:0 fRepeat:0 fUp:0
<00145> 00090220 S ...message:0x2111 [User-defined:WM_USER+7441] wParam:04000220 lParam:00090220
<00146> 00090220 S ....EM_GETMODIFY
<00147> 00090220 R ....EM_GETMODIFY fModified:True
<00148> 00090220 R ...message:0x2111 [User-defined:WM_USER+7441] lResult:00000000
<00149> 00090220 S ...message:0x2111 [User-defined:WM_USER+7441] wParam:03000220 lParam:00090220
<00150> 00090220 R ...message:0x2111 [User-defined:WM_USER+7441] lResult:00000000
<00151> 00090220 R .WM_CHAR
<00152> 00090220 S .WM_CHAR chCharCode:'7' (55) cRepeat:0 ScanCode:00 fExtended:0 fAltDown:0 fRepeat:0 fUp:0
<00153> 00090220 S ...message:0x2111 [User-defined:WM_USER+7441] wParam:04000220 lParam:00090220
<00154> 00090220 S ....EM_GETMODIFY
<00155> 00090220 R ....EM_GETMODIFY fModified:True
<00156> 00090220 R ...message:0x2111 [User-defined:WM_USER+7441] lResult:00000000
<00157> 00090220 S ...message:0x2111 [User-defined:WM_USER+7441] wParam:03000220 lParam:00090220
<00158> 00090220 R ...message:0x2111 [User-defined:WM_USER+7441] lResult:00000000
<00159> 00090220 R .WM_CHAR
<00160> 00090220 S .WM_CHAR chCharCode:'5' (53) cRepeat:0 ScanCode:00 fExtended:0 fAltDown:0 fRepeat:0 fUp:0
<00161> 00090220 S ...message:0x2111 [User-defined:WM_USER+7441] wParam:04000220 lParam:00090220
<00162> 00090220 S ....EM_GETMODIFY
<00163> 00090220 R ....EM_GETMODIFY fModified:True
<00164> 00090220 R ...message:0x2111 [User-defined:WM_USER+7441] lResult:00000000
<00165> 00090220 S ...message:0x2111 [User-defined:WM_USER+7441] wParam:03000220 lParam:00090220
<00166> 00090220 R ...message:0x2111 [User-defined:WM_USER+7441] lResult:00000000
<00167> 00090220 R .WM_CHAR
<00168> 00090220 S .WM_CHAR chCharCode:'8' (56) cRepeat:0 ScanCode:00 fExtended:0 fAltDown:0 fRepeat:0 fUp:0
<00169> 00090220 S ...message:0x2111 [User-defined:WM_USER+7441] wParam:04000220 lParam:00090220
<00170> 00090220 S ....EM_GETMODIFY
<00171> 00090220 R ....EM_GETMODIFY fModified:True
<00172> 00090220 R ...message:0x2111 [User-defined:WM_USER+7441] lResult:00000000
<00173> 00090220 S ...message:0x2111 [User-defined:WM_USER+7441] wParam:03000220 lParam:00090220
<00174> 00090220 R ...message:0x2111 [User-defined:WM_USER+7441] lResult:00000000
<00175> 00090220 R .WM_CHAR
<00176> 00090220 S .WM_CHAR chCharCode:'1' (49) cRepeat:0 ScanCode:00 fExtended:0 fAltDown:0 fRepeat:0 fUp:0
<00177> 00090220 S ...message:0x2111 [User-defined:WM_USER+7441] wParam:04000220 lParam:00090220
<00178> 00090220 S ....EM_GETMODIFY
<00179> 00090220 R ....EM_GETMODIFY fModified:True
<00180> 00090220 R ...message:0x2111 [User-defined:WM_USER+7441] lResult:00000000
<00181> 00090220 S ...message:0x2111 [User-defined:WM_USER+7441] wParam:03000220 lParam:00090220
<00182> 00090220 R ...message:0x2111 [User-defined:WM_USER+7441] lResult:00000000
<00183> 00090220 R .WM_CHAR
<00184> 00090220 S .WM_CHAR chCharCode:'' (13) cRepeat:0 ScanCode:00 fExtended:0 fAltDown:0 fRepeat:0 fUp:0
<00185> 00090220 R .WM_CHAR
