<00001> 000E0186 S .....................................................................................WM_NCHITTEST xPos:182 yPos:642
<00002> 000E0186 R .....................................................................................WM_NCHITTEST nHittest:HTCLIENT
<00003> 000E0186 S .....................................................................................WM_NCHITTEST xPos:182 yPos:645
<00004> 000E0186 R .....................................................................................WM_NCHITTEST nHittest:HTCLIENT
<00005> 000E0186 S .....................................................................................WM_NCHITTEST xPos:182 yPos:646
<00006> 000E0186 R .....................................................................................WM_NCHITTEST nHittest:HTCLIENT
<00007> 000E0186 S .....................................................................................WM_NCHITTEST xPos:182 yPos:647
<00008> 000E0186 R .....................................................................................WM_NCHITTEST nHittest:HTCLIENT
<00009> 000E0186 S .....................................................................................WM_NCHITTEST xPos:182 yPos:647
<00010> 000E0186 R .....................................................................................WM_NCHITTEST nHittest:HTCLIENT
<00011> 000E0186 S ......................................................................................WM_GETDLGCODE
<00012> 000E0186 R ......................................................................................WM_GETDLGCODE fuDlgCode:DLGC_WANTARROWS | DLGC_HASSETSEL | DLGC_WANTCHARS
<00013> 000E0186 S ......................................................................................WM_SETFOCUS hwndLoseFocus:(null)
<00014> 000E0186 S ........................................................................................EM_SETSEL nStart:0 nEnd:2147483647
<00015> 000E0186 R ........................................................................................EM_SETSEL
<00016> 000E0186 R ......................................................................................WM_SETFOCUS
<00017> 000E0186 S .....................................................................................WM_GETDLGCODE
<00018> 000E0186 R .....................................................................................WM_GETDLGCODE fuDlgCode:DLGC_WANTARROWS | DLGC_HASSETSEL | DLGC_WANTCHARS
<00019> 000E0186 P WM_PAINT hdc:00000000
<00020> 000E0186 S .....................................................................................WM_ERASEBKGND hdc:01010978
<00021> 000E0186 R .....................................................................................WM_ERASEBKGND fErased:True
<00022> 000E0186 S .....................................................................................WM_CAPTURECHANGED hwndNewCapture:00000000
<00023> 000E0186 R .....................................................................................WM_CAPTURECHANGED
<00024> 000E0186 S .....................................................................................WM_NCHITTEST xPos:182 yPos:647
<00025> 000E0186 R .....................................................................................WM_NCHITTEST nHittest:HTCLIENT
<00026> 000E0186 S .....................................................................................WM_NCHITTEST xPos:182 yPos:647
<00027> 000E0186 R .....................................................................................WM_NCHITTEST nHittest:HTCLIENT
<00028> 000E0186 P message:0x0118 [Unknown] wParam:0000FFFF lParam:BF8C2943
<00029> 000E0186 P message:0x0118 [Unknown] wParam:0000FFFF lParam:BF8C2943
<00030> 000E0186 P message:0x0118 [Unknown] wParam:0000FFFF lParam:BF8C2943
<00031> 000E0186 P message:0x0118 [Unknown] wParam:0000FFFF lParam:BF8C2943
<00032> 000E0186 P message:0x0118 [Unknown] wParam:0000FFFF lParam:BF8C2943
<00033> 000E0186 P WM_KEYDOWN nVirtKey:VK_SHIFT cRepeat:1 ScanCode:36 fExtended:0 fAltDown:0 fRepeat:0 fUp:0
<00034> 000E0186 S .....................................................................................WM_GETDLGCODE
<00035> 000E0186 R .....................................................................................WM_GETDLGCODE fuDlgCode:DLGC_WANTARROWS | DLGC_HASSETSEL | DLGC_WANTCHARS
<00036> 000E0186 P message:0x0118 [Unknown] wParam:0000FFFF lParam:BF8C2943
<00037> 000E0186 P WM_KEYDOWN nVirtKey:VK_HOME cRepeat:1 ScanCode:47 fExtended:1 fAltDown:0 fRepeat:0 fUp:0
<00038> 000E0186 S .....................................................................................WM_GETDLGCODE
<00039> 000E0186 R .....................................................................................WM_GETDLGCODE fuDlgCode:DLGC_WANTARROWS | DLGC_HASSETSEL | DLGC_WANTCHARS
<00040> 000E0186 P WM_KEYUP nVirtKey:VK_HOME cRepeat:1 ScanCode:47 fExtended:1 fAltDown:0 fRepeat:1 fUp:1
<00041> 000E0186 P WM_KEYUP nVirtKey:VK_SHIFT cRepeat:1 ScanCode:36 fExtended:0 fAltDown:0 fRepeat:1 fUp:1
<00042> 000E0186 P message:0x0118 [Unknown] wParam:0000FFFF lParam:BF8C2943
<00043> 000E0186 P WM_KEYDOWN nVirtKey:'N' cRepeat:1 ScanCode:31 fExtended:0 fAltDown:0 fRepeat:0 fUp:0
<00044> 000E0186 S .....................................................................................WM_GETDLGCODE
<00045> 000E0186 R .....................................................................................WM_GETDLGCODE fuDlgCode:DLGC_WANTARROWS | DLGC_HASSETSEL | DLGC_WANTCHARS
<00046> 000E0186 P WM_CHAR chCharCode:'n' (110) cRepeat:1 ScanCode:31 fExtended:0 fAltDown:0 fRepeat:0 fUp:0
<00047> 000E0186 S .....................................................................................WM_GETDLGCODE
<00048> 000E0186 R .....................................................................................WM_GETDLGCODE fuDlgCode:DLGC_WANTARROWS | DLGC_HASSETSEL | DLGC_WANTCHARS
<00049> 000E0186 S ........................................................................................WM_GETTEXT cchTextMax:520 lpszText:00E3D4D0
<00050> 000E0186 R ........................................................................................WM_GETTEXT cchCopied:1 lpszText:00E3D4D0 ("n")
<00051> 000E0186 S ......................................................................................WM_GETTEXTLENGTH
<00052> 000E0186 R ......................................................................................WM_GETTEXTLENGTH cch:1
<00053> 000E0186 S ......................................................................................WM_GETTEXT cchTextMax:4 lpszText:00E3E30C
<00054> 000E0186 R ......................................................................................WM_GETTEXT cchCopied:1 lpszText:00E3E30C ("n")
<00055> 000E0186 S .....................................................................................WM_GETTEXT cchTextMax:4168 lpszText:01420000
<00056> 000E0186 R .....................................................................................WM_GETTEXT cchCopied:1 lpszText:01420000 ("")
<00057> 000E0186 S .....................................................................................WM_GETTEXTLENGTH
<00058> 000E0186 R .....................................................................................WM_GETTEXTLENGTH cch:1
<00059> 000E0186 S .....................................................................................WM_GETTEXT cchTextMax:4 lpszText:00E3D500
<00060> 000E0186 R .....................................................................................WM_GETTEXT cchCopied:1 lpszText:00E3D500 ("n")
<00061> 000E0186 S .....................................................................................message:0xC151 [Registered:"AC_SearchComplete"] wParam:00000000 lParam:01801A68
<00062> 000E0186 R .....................................................................................message:0xC151 [Registered:"AC_SearchComplete"] lResult:00000000
<00063> 000E0186 S .....................................................................................WM_NCHITTEST xPos:182 yPos:647
<00064> 000E0186 R .....................................................................................WM_NCHITTEST nHittest:HTCLIENT
<00065> 000E0186 P WM_KEYUP nVirtKey:'N' cRepeat:1 ScanCode:31 fExtended:0 fAltDown:0 fRepeat:1 fUp:1
<00066> 000E0186 P WM_KEYDOWN nVirtKey:'O' cRepeat:1 ScanCode:18 fExtended:0 fAltDown:0 fRepeat:0 fUp:0
<00067> 000E0186 S .....................................................................................WM_GETDLGCODE
<00068> 000E0186 R .....................................................................................WM_GETDLGCODE fuDlgCode:DLGC_WANTARROWS | DLGC_HASSETSEL | DLGC_WANTCHARS
<00069> 000E0186 P WM_CHAR chCharCode:'o' (111) cRepeat:1 ScanCode:18 fExtended:0 fAltDown:0 fRepeat:0 fUp:0
<00070> 000E0186 S .....................................................................................WM_GETDLGCODE
<00071> 000E0186 R .....................................................................................WM_GETDLGCODE fuDlgCode:DLGC_WANTARROWS | DLGC_HASSETSEL | DLGC_WANTCHARS
<00072> 000E0186 S ........................................................................................WM_GETTEXT cchTextMax:520 lpszText:00E3CCD0
<00073> 000E0186 R ........................................................................................WM_GETTEXT cchCopied:2 lpszText:00E3CCD0 ("n")
<00074> 000E0186 S ......................................................................................WM_GETTEXTLENGTH
<00075> 000E0186 R ......................................................................................WM_GETTEXTLENGTH cch:2
<00076> 000E0186 S ......................................................................................WM_GETTEXT cchTextMax:6 lpszText:00E3E0B8
<00077> 000E0186 R ......................................................................................WM_GETTEXT cchCopied:2 lpszText:00E3E0B8 ("n")
<00078> 000E0186 S .....................................................................................WM_GETTEXT cchTextMax:4168 lpszText:00D30000
<00079> 000E0186 R .....................................................................................WM_GETTEXT cchCopied:2 lpszText:00D30000 ("")
<00080> 000E0186 S .....................................................................................WM_GETTEXTLENGTH
<00081> 000E0186 R .....................................................................................WM_GETTEXTLENGTH cch:2
<00082> 000E0186 S .....................................................................................WM_GETTEXT cchTextMax:6 lpszText:00E3D500
<00083> 000E0186 R .....................................................................................WM_GETTEXT cchCopied:2 lpszText:00E3D500 ("n")
<00084> 000E0186 P WM_KEYUP nVirtKey:'O' cRepeat:1 ScanCode:18 fExtended:0 fAltDown:0 fRepeat:1 fUp:1
<00085> 000E0186 P WM_KEYDOWN nVirtKey:'T' cRepeat:1 ScanCode:14 fExtended:0 fAltDown:0 fRepeat:0 fUp:0
<00086> 000E0186 S .....................................................................................WM_GETDLGCODE
<00087> 000E0186 R .....................................................................................WM_GETDLGCODE fuDlgCode:DLGC_WANTARROWS | DLGC_HASSETSEL | DLGC_WANTCHARS
<00088> 000E0186 P WM_CHAR chCharCode:'t' (116) cRepeat:1 ScanCode:14 fExtended:0 fAltDown:0 fRepeat:0 fUp:0
<00089> 000E0186 S .....................................................................................WM_GETDLGCODE
<00090> 000E0186 R .....................................................................................WM_GETDLGCODE fuDlgCode:DLGC_WANTARROWS | DLGC_HASSETSEL | DLGC_WANTCHARS
<00091> 000E0186 S ........................................................................................WM_GETTEXT cchTextMax:520 lpszText:00E3CCD0
<00092> 000E0186 R ........................................................................................WM_GETTEXT cchCopied:3 lpszText:00E3CCD0 ("n")
<00093> 000E0186 S ......................................................................................WM_GETTEXTLENGTH
<00094> 000E0186 R ......................................................................................WM_GETTEXTLENGTH cch:3
<00095> 000E0186 S ......................................................................................WM_GETTEXT cchTextMax:8 lpszText:00E3E0B8
<00096> 000E0186 R ......................................................................................WM_GETTEXT cchCopied:3 lpszText:00E3E0B8 ("n")
<00097> 000E0186 S .....................................................................................WM_GETTEXT cchTextMax:4168 lpszText:00D30000
<00098> 000E0186 R .....................................................................................WM_GETTEXT cchCopied:3 lpszText:00D30000 ("")
<00099> 000E0186 S .....................................................................................WM_GETTEXTLENGTH
<00100> 000E0186 R .....................................................................................WM_GETTEXTLENGTH cch:3
<00101> 000E0186 S .....................................................................................WM_GETTEXT cchTextMax:8 lpszText:00E3D500
<00102> 000E0186 R .....................................................................................WM_GETTEXT cchCopied:3 lpszText:00E3D500 ("n")
<00103> 000E0186 P WM_KEYDOWN nVirtKey:'E' cRepeat:1 ScanCode:12 fExtended:0 fAltDown:0 fRepeat:0 fUp:0
<00104> 000E0186 S .....................................................................................WM_GETDLGCODE
<00105> 000E0186 R .....................................................................................WM_GETDLGCODE fuDlgCode:DLGC_WANTARROWS | DLGC_HASSETSEL | DLGC_WANTCHARS
<00106> 000E0186 P WM_CHAR chCharCode:'e' (101) cRepeat:1 ScanCode:12 fExtended:0 fAltDown:0 fRepeat:0 fUp:0
<00107> 000E0186 S .....................................................................................WM_GETDLGCODE
<00108> 000E0186 R .....................................................................................WM_GETDLGCODE fuDlgCode:DLGC_WANTARROWS | DLGC_HASSETSEL | DLGC_WANTCHARS
<00109> 000E0186 S ........................................................................................WM_GETTEXT cchTextMax:520 lpszText:00E3CCD0
<00110> 000E0186 R ........................................................................................WM_GETTEXT cchCopied:4 lpszText:00E3CCD0 ("n")
<00111> 000E0186 S ......................................................................................WM_GETTEXTLENGTH
<00112> 000E0186 R ......................................................................................WM_GETTEXTLENGTH cch:4
<00113> 000E0186 S ......................................................................................WM_GETTEXT cchTextMax:10 lpszText:00E3E0B8
<00114> 000E0186 R ......................................................................................WM_GETTEXT cchCopied:4 lpszText:00E3E0B8 ("n")
<00115> 000E0186 S .....................................................................................WM_GETTEXT cchTextMax:4168 lpszText:00D30000
<00116> 000E0186 R .....................................................................................WM_GETTEXT cchCopied:4 lpszText:00D30000 ("")
<00117> 000E0186 S .....................................................................................WM_GETTEXTLENGTH
<00118> 000E0186 R .....................................................................................WM_GETTEXTLENGTH cch:4
<00119> 000E0186 S .....................................................................................WM_GETTEXT cchTextMax:10 lpszText:00E3D500
<00120> 000E0186 R .....................................................................................WM_GETTEXT cchCopied:4 lpszText:00E3D500 ("n")
<00121> 000E0186 P WM_KEYUP nVirtKey:'T' cRepeat:1 ScanCode:14 fExtended:0 fAltDown:0 fRepeat:1 fUp:1
<00122> 000E0186 P WM_KEYUP nVirtKey:'E' cRepeat:1 ScanCode:12 fExtended:0 fAltDown:0 fRepeat:1 fUp:1
<00123> 000E0186 P WM_KEYDOWN nVirtKey:'P' cRepeat:1 ScanCode:19 fExtended:0 fAltDown:0 fRepeat:0 fUp:0
<00124> 000E0186 S .....................................................................................WM_GETDLGCODE
<00125> 000E0186 R .....................................................................................WM_GETDLGCODE fuDlgCode:DLGC_WANTARROWS | DLGC_HASSETSEL | DLGC_WANTCHARS
<00126> 000E0186 P WM_CHAR chCharCode:'p' (112) cRepeat:1 ScanCode:19 fExtended:0 fAltDown:0 fRepeat:0 fUp:0
<00127> 000E0186 S .....................................................................................WM_GETDLGCODE
<00128> 000E0186 R .....................................................................................WM_GETDLGCODE fuDlgCode:DLGC_WANTARROWS | DLGC_HASSETSEL | DLGC_WANTCHARS
<00129> 000E0186 S ........................................................................................WM_GETTEXT cchTextMax:520 lpszText:00E3CCD0
<00130> 000E0186 R ........................................................................................WM_GETTEXT cchCopied:5 lpszText:00E3CCD0 ("n")
<00131> 000E0186 S ......................................................................................WM_GETTEXTLENGTH
<00132> 000E0186 R ......................................................................................WM_GETTEXTLENGTH cch:5
<00133> 000E0186 S ......................................................................................WM_GETTEXT cchTextMax:12 lpszText:00E3E0B8
<00134> 000E0186 R ......................................................................................WM_GETTEXT cchCopied:5 lpszText:00E3E0B8 ("n")
<00135> 000E0186 S .....................................................................................WM_GETTEXT cchTextMax:4168 lpszText:00D30000
<00136> 000E0186 R .....................................................................................WM_GETTEXT cchCopied:5 lpszText:00D30000 ("")
<00137> 000E0186 S .....................................................................................WM_GETTEXTLENGTH
<00138> 000E0186 R .....................................................................................WM_GETTEXTLENGTH cch:5
<00139> 000E0186 S .....................................................................................WM_GETTEXT cchTextMax:12 lpszText:00E3D500
<00140> 000E0186 R .....................................................................................WM_GETTEXT cchCopied:5 lpszText:00E3D500 ("n")
<00141> 000E0186 P WM_KEYUP nVirtKey:'P' cRepeat:1 ScanCode:19 fExtended:0 fAltDown:0 fRepeat:1 fUp:1
<00142> 000E0186 P WM_KEYDOWN nVirtKey:'A' cRepeat:1 ScanCode:1E fExtended:0 fAltDown:0 fRepeat:0 fUp:0
<00143> 000E0186 S .....................................................................................WM_GETDLGCODE
<00144> 000E0186 R .....................................................................................WM_GETDLGCODE fuDlgCode:DLGC_WANTARROWS | DLGC_HASSETSEL | DLGC_WANTCHARS
<00145> 000E0186 P WM_CHAR chCharCode:'a' (97) cRepeat:1 ScanCode:1E fExtended:0 fAltDown:0 fRepeat:0 fUp:0
<00146> 000E0186 S .....................................................................................WM_GETDLGCODE
<00147> 000E0186 R .....................................................................................WM_GETDLGCODE fuDlgCode:DLGC_WANTARROWS | DLGC_HASSETSEL | DLGC_WANTCHARS
<00148> 000E0186 S ........................................................................................WM_GETTEXT cchTextMax:520 lpszText:00E3CCD0
<00149> 000E0186 R ........................................................................................WM_GETTEXT cchCopied:6 lpszText:00E3CCD0 ("n")
<00150> 000E0186 S ......................................................................................WM_GETTEXTLENGTH
<00151> 000E0186 R ......................................................................................WM_GETTEXTLENGTH cch:6
<00152> 000E0186 S ......................................................................................WM_GETTEXT cchTextMax:14 lpszText:00E3E0B8
<00153> 000E0186 R ......................................................................................WM_GETTEXT cchCopied:6 lpszText:00E3E0B8 ("n")
<00154> 000E0186 S .....................................................................................WM_GETTEXT cchTextMax:4168 lpszText:00D30000
<00155> 000E0186 R .....................................................................................WM_GETTEXT cchCopied:6 lpszText:00D30000 ("")
<00156> 000E0186 S .....................................................................................WM_GETTEXTLENGTH
<00157> 000E0186 R .....................................................................................WM_GETTEXTLENGTH cch:6
<00158> 000E0186 S .....................................................................................WM_GETTEXT cchTextMax:14 lpszText:00E3D500
<00159> 000E0186 R .....................................................................................WM_GETTEXT cchCopied:6 lpszText:00E3D500 ("n")
<00160> 000E0186 P WM_KEYDOWN nVirtKey:'D' cRepeat:1 ScanCode:20 fExtended:0 fAltDown:0 fRepeat:0 fUp:0
<00161> 000E0186 S .....................................................................................WM_GETDLGCODE
<00162> 000E0186 R .....................................................................................WM_GETDLGCODE fuDlgCode:DLGC_WANTARROWS | DLGC_HASSETSEL | DLGC_WANTCHARS
<00163> 000E0186 P WM_CHAR chCharCode:'d' (100) cRepeat:1 ScanCode:20 fExtended:0 fAltDown:0 fRepeat:0 fUp:0
<00164> 000E0186 S .....................................................................................WM_GETDLGCODE
<00165> 000E0186 R .....................................................................................WM_GETDLGCODE fuDlgCode:DLGC_WANTARROWS | DLGC_HASSETSEL | DLGC_WANTCHARS
<00166> 000E0186 S ........................................................................................WM_GETTEXT cchTextMax:520 lpszText:00E3CCD0
<00167> 000E0186 R ........................................................................................WM_GETTEXT cchCopied:7 lpszText:00E3CCD0 ("n")
<00168> 000E0186 S ......................................................................................WM_GETTEXTLENGTH
<00169> 000E0186 R ......................................................................................WM_GETTEXTLENGTH cch:7
<00170> 000E0186 S ......................................................................................WM_GETTEXT cchTextMax:16 lpszText:00E3E0B8
<00171> 000E0186 R ......................................................................................WM_GETTEXT cchCopied:7 lpszText:00E3E0B8 ("n")
<00172> 000E0186 S .....................................................................................WM_GETTEXT cchTextMax:4168 lpszText:00D30000
<00173> 000E0186 R .....................................................................................WM_GETTEXT cchCopied:7 lpszText:00D30000 ("")
<00174> 000E0186 S .....................................................................................WM_GETTEXTLENGTH
<00175> 000E0186 R .....................................................................................WM_GETTEXTLENGTH cch:7
<00176> 000E0186 S .....................................................................................WM_GETTEXT cchTextMax:16 lpszText:00E3D500
<00177> 000E0186 R .....................................................................................WM_GETTEXT cchCopied:7 lpszText:00E3D500 ("n")
<00178> 000E0186 S .....................................................................................WM_NCHITTEST xPos:182 yPos:647
<00179> 000E0186 R .....................................................................................WM_NCHITTEST nHittest:HTCLIENT
<00180> 000E0186 P WM_KEYUP nVirtKey:'A' cRepeat:1 ScanCode:1E fExtended:0 fAltDown:0 fRepeat:1 fUp:1
<00181> 000E0186 P WM_KEYUP nVirtKey:'D' cRepeat:1 ScanCode:20 fExtended:0 fAltDown:0 fRepeat:1 fUp:1
<00182> 000E0186 P message:0x0118 [Unknown] wParam:0000FFFF lParam:BF8C2943
<00183> 000E0186 P message:0x0118 [Unknown] wParam:0000FFFF lParam:BF8C2943
<00184> 000E0186 P message:0x0118 [Unknown] wParam:0000FFFF lParam:BF8C2943
<00185> 000E0186 P message:0x0118 [Unknown] wParam:0000FFFF lParam:BF8C2943
<00186> 000E0186 P message:0x0118 [Unknown] wParam:0000FFFF lParam:BF8C2943
<00187> 000E0186 P message:0x0118 [Unknown] wParam:0000FFFF lParam:BF8C2943
<00188> 000E0186 P message:0x0118 [Unknown] wParam:0000FFFF lParam:BF8C2943
<00189> 000E0186 P WM_KEYDOWN nVirtKey:VK_RETURN cRepeat:1 ScanCode:1C fExtended:0 fAltDown:0 fRepeat:0 fUp:0
<00190> 000E0186 S .....................................................................................WM_GETDLGCODE
<00191> 000E0186 R .....................................................................................WM_GETDLGCODE fuDlgCode:DLGC_WANTARROWS | DLGC_HASSETSEL | DLGC_WANTCHARS
<00192> 000E0186 S .....................................................................................WM_GETDLGCODE
<00193> 000E0186 R .....................................................................................WM_GETDLGCODE fuDlgCode:DLGC_WANTARROWS | DLGC_HASSETSEL | DLGC_WANTCHARS
<00194> 000E0186 S .......................................................................................WM_KEYDOWN nVirtKey:VK_RETURN cRepeat:1 ScanCode:1C fExtended:0 fAltDown:0 fRepeat:0 fUp:0
<00195> 000E0186 S ........................................................................................EM_SETSEL nStart:0 nEnd:-1 (select all text)
<00196> 000E0186 R ........................................................................................EM_SETSEL
<00197> 000E0186 R .......................................................................................WM_KEYDOWN
<00198> 000E0186 S .......................................................................................WM_GETTEXT cchTextMax:520 lpszText:00E3D910
<00199> 000E0186 R .......................................................................................WM_GETTEXT cchCopied:7 lpszText:00E3D910 ("n")
<00200> 000E0186 S ........................................................................................WM_KILLFOCUS hwndGetFocus:(null)
<00201> 000E0186 S ...............................................................................................EM_SETSEL nStart:0 nEnd:0
<00202> 000E0186 R ...............................................................................................EM_SETSEL
<00203> 000E0186 R ...............................................................................................WM_KILLFOCUS
<00204> 000E0186 S .......................................................................................WM_DESTROY
<00205> 000E0186 R ......................................................................................WM_DESTROY
<00206> 000E0186 S ......................................................................................WM_NCDESTROY
<00207> 000E0186 R ......................................................................................WM_NCDESTROY
