<00462> 000401D4 S .WM_NCHITTEST xPos:268 yPos:223
<00463> 000401D4 R .WM_NCHITTEST nHittest:HTCLIENT
<00464> 000401D4 S .WM_NCHITTEST xPos:268 yPos:223
<00465> 000401D4 R .WM_NCHITTEST nHittest:HTCLIENT
<00466> 000401D4 S .WM_SETCURSOR hwnd:000401D4 nHittest:HTCLIENT wMouseMsg:WM_MOUSEMOVE
<00467> 000401D4 R .WM_SETCURSOR fHaltProcessing:False
<00468> 000401D4 P WM_MOUSEMOVE fwKeys:0000 xPos:108 yPos:4
<00469> 000401D4 S .message:0xC0FB [Registered:"WinFormsMouseEnter"] wParam:00000000 lParam:00000000
<00470> 000401D4 R .message:0xC0FB [Registered:"WinFormsMouseEnter"] lResult:00000000
<00471> 000401D4 S .WM_NCHITTEST xPos:261 yPos:224
<00472> 000401D4 R .WM_NCHITTEST nHittest:HTCLIENT
<00473> 000401D4 S .WM_NCHITTEST xPos:261 yPos:224
<00474> 000401D4 R .WM_NCHITTEST nHittest:HTCLIENT
<00475> 000401D4 S .WM_SETCURSOR hwnd:000401D4 nHittest:HTCLIENT wMouseMsg:WM_MOUSEMOVE
<00476> 000401D4 R .WM_SETCURSOR fHaltProcessing:False
<00477> 000401D4 P WM_MOUSEMOVE fwKeys:0000 xPos:101 yPos:5
<00478> 000401D4 S .WM_NCHITTEST xPos:255 yPos:227
<00479> 000401D4 R .WM_NCHITTEST nHittest:HTCLIENT
<00480> 000401D4 S .WM_NCHITTEST xPos:255 yPos:227
<00481> 000401D4 R .WM_NCHITTEST nHittest:HTCLIENT
<00482> 000401D4 S .WM_SETCURSOR hwnd:000401D4 nHittest:HTCLIENT wMouseMsg:WM_MOUSEMOVE
<00483> 000401D4 R .WM_SETCURSOR fHaltProcessing:False
<00484> 000401D4 P WM_MOUSEMOVE fwKeys:0000 xPos:95 yPos:8
<00485> 000401D4 S .WM_NCHITTEST xPos:249 yPos:228
<00486> 000401D4 R .WM_NCHITTEST nHittest:HTCLIENT
<00487> 000401D4 S .WM_NCHITTEST xPos:249 yPos:228
<00488> 000401D4 R .WM_NCHITTEST nHittest:HTCLIENT
<00489> 000401D4 S .WM_SETCURSOR hwnd:000401D4 nHittest:HTCLIENT wMouseMsg:WM_MOUSEMOVE
<00490> 000401D4 R .WM_SETCURSOR fHaltProcessing:False
<00491> 000401D4 P WM_MOUSEMOVE fwKeys:0000 xPos:89 yPos:9
<00492> 000401D4 S .WM_NCHITTEST xPos:245 yPos:230
<00493> 000401D4 R .WM_NCHITTEST nHittest:HTCLIENT
<00494> 000401D4 S .WM_NCHITTEST xPos:245 yPos:230
<00495> 000401D4 R .WM_NCHITTEST nHittest:HTCLIENT
<00496> 000401D4 S .WM_SETCURSOR hwnd:000401D4 nHittest:HTCLIENT wMouseMsg:WM_MOUSEMOVE
<00497> 000401D4 R .WM_SETCURSOR fHaltProcessing:False
<00498> 000401D4 P WM_MOUSEMOVE fwKeys:0000 xPos:85 yPos:11
<00499> 000401D4 S .WM_NCHITTEST xPos:240 yPos:231
<00500> 000401D4 R .WM_NCHITTEST nHittest:HTCLIENT
<00501> 000401D4 S .WM_NCHITTEST xPos:240 yPos:231
<00502> 000401D4 R .WM_NCHITTEST nHittest:HTCLIENT
<00503> 000401D4 S .WM_SETCURSOR hwnd:000401D4 nHittest:HTCLIENT wMouseMsg:WM_MOUSEMOVE
<00504> 000401D4 R .WM_SETCURSOR fHaltProcessing:False
<00505> 000401D4 P WM_MOUSEMOVE fwKeys:0000 xPos:80 yPos:12
<00506> 000401D4 S .WM_NCHITTEST xPos:237 yPos:233
<00507> 000401D4 R .WM_NCHITTEST nHittest:HTCLIENT
<00508> 000401D4 S .WM_NCHITTEST xPos:237 yPos:233
<00509> 000401D4 R .WM_NCHITTEST nHittest:HTCLIENT
<00510> 000401D4 S .WM_SETCURSOR hwnd:000401D4 nHittest:HTCLIENT wMouseMsg:WM_MOUSEMOVE
<00511> 000401D4 R .WM_SETCURSOR fHaltProcessing:False
<00512> 000401D4 P WM_MOUSEMOVE fwKeys:0000 xPos:77 yPos:14
<00513> 000401D4 S .WM_NCHITTEST xPos:233 yPos:233
<00514> 000401D4 R .WM_NCHITTEST nHittest:HTCLIENT
<00515> 000401D4 S .WM_NCHITTEST xPos:233 yPos:233
<00516> 000401D4 R .WM_NCHITTEST nHittest:HTCLIENT
<00517> 000401D4 S .WM_SETCURSOR hwnd:000401D4 nHittest:HTCLIENT wMouseMsg:WM_MOUSEMOVE
<00518> 000401D4 R .WM_SETCURSOR fHaltProcessing:False
<00519> 000401D4 P WM_MOUSEMOVE fwKeys:0000 xPos:73 yPos:14
<00520> 000401D4 S .WM_NCHITTEST xPos:231 yPos:233
<00521> 000401D4 R .WM_NCHITTEST nHittest:HTCLIENT
<00522> 000401D4 S .WM_NCHITTEST xPos:231 yPos:233
<00523> 000401D4 R .WM_NCHITTEST nHittest:HTCLIENT
<00524> 000401D4 S .WM_SETCURSOR hwnd:000401D4 nHittest:HTCLIENT wMouseMsg:WM_MOUSEMOVE
<00525> 000401D4 R .WM_SETCURSOR fHaltProcessing:False
<00526> 000401D4 P WM_MOUSEMOVE fwKeys:0000 xPos:71 yPos:14
<00527> 000401D4 S .WM_NCHITTEST xPos:230 yPos:233
<00528> 000401D4 R .WM_NCHITTEST nHittest:HTCLIENT
<00529> 000401D4 S .WM_NCHITTEST xPos:230 yPos:233
<00530> 000401D4 R .WM_NCHITTEST nHittest:HTCLIENT
<00531> 000401D4 S .WM_SETCURSOR hwnd:000401D4 nHittest:HTCLIENT wMouseMsg:WM_MOUSEMOVE
<00532> 000401D4 R .WM_SETCURSOR fHaltProcessing:False
<00533> 000401D4 P WM_MOUSEMOVE fwKeys:0000 xPos:70 yPos:14
<00534> 000401D4 S .WM_NCHITTEST xPos:227 yPos:233
<00535> 000401D4 R .WM_NCHITTEST nHittest:HTCLIENT
<00536> 000401D4 S .WM_NCHITTEST xPos:227 yPos:233
<00537> 000401D4 R .WM_NCHITTEST nHittest:HTCLIENT
<00538> 000401D4 S .WM_SETCURSOR hwnd:000401D4 nHittest:HTCLIENT wMouseMsg:WM_MOUSEMOVE
<00539> 000401D4 R .WM_SETCURSOR fHaltProcessing:False
<00540> 000401D4 P WM_MOUSEMOVE fwKeys:0000 xPos:67 yPos:14
<00541> 000401D4 S .WM_NCHITTEST xPos:226 yPos:233
<00542> 000401D4 R .WM_NCHITTEST nHittest:HTCLIENT
<00543> 000401D4 S .WM_NCHITTEST xPos:226 yPos:233
<00544> 000401D4 R .WM_NCHITTEST nHittest:HTCLIENT
<00545> 000401D4 S .WM_SETCURSOR hwnd:000401D4 nHittest:HTCLIENT wMouseMsg:WM_MOUSEMOVE
<00546> 000401D4 R .WM_SETCURSOR fHaltProcessing:False
<00547> 000401D4 P WM_MOUSEMOVE fwKeys:0000 xPos:66 yPos:14
<00548> 000401D4 S .WM_NCHITTEST xPos:226 yPos:232
<00549> 000401D4 R .WM_NCHITTEST nHittest:HTCLIENT
<00550> 000401D4 S .WM_NCHITTEST xPos:226 yPos:232
<00551> 000401D4 R .WM_NCHITTEST nHittest:HTCLIENT
<00552> 000401D4 S .WM_SETCURSOR hwnd:000401D4 nHittest:HTCLIENT wMouseMsg:WM_MOUSEMOVE
<00553> 000401D4 R .WM_SETCURSOR fHaltProcessing:False
<00554> 000401D4 P WM_MOUSEMOVE fwKeys:0000 xPos:66 yPos:13
<00555> 000401D4 S .WM_NCHITTEST xPos:226 yPos:231
<00556> 000401D4 R .WM_NCHITTEST nHittest:HTCLIENT
<00557> 000401D4 S .WM_NCHITTEST xPos:226 yPos:231
<00558> 000401D4 R .WM_NCHITTEST nHittest:HTCLIENT
<00559> 000401D4 S .WM_SETCURSOR hwnd:000401D4 nHittest:HTCLIENT wMouseMsg:WM_MOUSEMOVE
<00560> 000401D4 R .WM_SETCURSOR fHaltProcessing:False
<00561> 000401D4 P WM_MOUSEMOVE fwKeys:0000 xPos:66 yPos:12
<00562> 000401D4 P message:0x0118 [Unknown] wParam:0000FFFA lParam:BF80A59B
<00563> 000401D4 P WM_MOUSEHOVER
<00564> 000401D4 S .WM_NCHITTEST xPos:226 yPos:230
<00565> 000401D4 R .WM_NCHITTEST nHittest:HTCLIENT
<00566> 000401D4 S .WM_NCHITTEST xPos:226 yPos:230
<00567> 000401D4 R .WM_NCHITTEST nHittest:HTCLIENT
<00568> 000401D4 S .WM_SETCURSOR hwnd:000401D4 nHittest:HTCLIENT wMouseMsg:WM_MOUSEMOVE
<00569> 000401D4 R .WM_SETCURSOR fHaltProcessing:False
<00570> 000401D4 P WM_MOUSEMOVE fwKeys:0000 xPos:66 yPos:11
<00571> 000401D4 S .WM_NCHITTEST xPos:226 yPos:229
<00572> 000401D4 R .WM_NCHITTEST nHittest:HTCLIENT
<00573> 000401D4 S .WM_NCHITTEST xPos:226 yPos:229
<00574> 000401D4 R .WM_NCHITTEST nHittest:HTCLIENT
<00575> 000401D4 S .WM_SETCURSOR hwnd:000401D4 nHittest:HTCLIENT wMouseMsg:WM_MOUSEMOVE
<00576> 000401D4 R .WM_SETCURSOR fHaltProcessing:False
<00577> 000401D4 P WM_MOUSEMOVE fwKeys:0000 xPos:66 yPos:10
<00578> 000401D4 S .WM_NCHITTEST xPos:228 yPos:229
<00579> 000401D4 R .WM_NCHITTEST nHittest:HTCLIENT
<00580> 000401D4 S .WM_NCHITTEST xPos:228 yPos:229
<00581> 000401D4 R .WM_NCHITTEST nHittest:HTCLIENT
<00582> 000401D4 S .WM_SETCURSOR hwnd:000401D4 nHittest:HTCLIENT wMouseMsg:WM_MOUSEMOVE
<00583> 000401D4 R .WM_SETCURSOR fHaltProcessing:False
<00584> 000401D4 P WM_MOUSEMOVE fwKeys:0000 xPos:68 yPos:10
<00585> 000401D4 S .WM_NCHITTEST xPos:255 yPos:229
<00586> 000401D4 R .WM_NCHITTEST nHittest:HTCLIENT
<00587> 000401D4 S .WM_NCHITTEST xPos:255 yPos:229
<00588> 000401D4 R .WM_NCHITTEST nHittest:HTCLIENT
<00589> 000401D4 S .WM_SETCURSOR hwnd:000401D4 nHittest:HTCLIENT wMouseMsg:WM_MOUSEMOVE
<00590> 000401D4 R .WM_SETCURSOR fHaltProcessing:False
<00591> 000401D4 P WM_MOUSEMOVE fwKeys:0000 xPos:95 yPos:10
<00592> 000401D4 P WM_MOUSELEAVE
<00593> 000401D4 S .WM_NCPAINT hrgn:00000001
<00594> 000401D4 R .WM_NCPAINT
<00595> 000401D4 S .WM_ERASEBKGND hdc:01010978
<00596> 000401D4 R .WM_ERASEBKGND fErased:True
<00597> 000401D4 P WM_PAINT hdc:00000000
<00598> 000401D4 S .WM_NCHITTEST xPos:201 yPos:225
<00599> 000401D4 R .WM_NCHITTEST nHittest:HTCLIENT
<00600> 000401D4 S .WM_NCHITTEST xPos:201 yPos:225
<00601> 000401D4 R .WM_NCHITTEST nHittest:HTCLIENT
<00602> 000401D4 S .WM_NCHITTEST xPos:201 yPos:225
<00603> 000401D4 R .WM_NCHITTEST nHittest:HTCLIENT
<00604> 000401D4 S .WM_SETCURSOR hwnd:000401D4 nHittest:HTCLIENT wMouseMsg:WM_MOUSEMOVE
<00605> 000401D4 R .WM_SETCURSOR fHaltProcessing:False
<00606> 000401D4 P WM_MOUSEMOVE fwKeys:0000 xPos:41 yPos:6
<00607> 000401D4 S .message:0xC0FB [Registered:"WinFormsMouseEnter"] wParam:00000000 lParam:00000000
<00608> 000401D4 R .message:0xC0FB [Registered:"WinFormsMouseEnter"] lResult:00000000
<00609> 000401D4 S .WM_NCHITTEST xPos:204 yPos:229
<00610> 000401D4 R .WM_NCHITTEST nHittest:HTCLIENT
<00611> 000401D4 S .WM_NCHITTEST xPos:204 yPos:229
<00612> 000401D4 R .WM_NCHITTEST nHittest:HTCLIENT
<00613> 000401D4 S .WM_SETCURSOR hwnd:000401D4 nHittest:HTCLIENT wMouseMsg:WM_MOUSEMOVE
<00614> 000401D4 R .WM_SETCURSOR fHaltProcessing:False
<00615> 000401D4 P WM_MOUSEMOVE fwKeys:0000 xPos:44 yPos:10
<00616> 000401D4 S .WM_NCHITTEST xPos:206 yPos:231
<00617> 000401D4 R .WM_NCHITTEST nHittest:HTCLIENT
<00618> 000401D4 S .WM_NCHITTEST xPos:206 yPos:233
<00619> 000401D4 R .WM_NCHITTEST nHittest:HTCLIENT
<00620> 000401D4 S .WM_SETCURSOR hwnd:000401D4 nHittest:HTCLIENT wMouseMsg:WM_MOUSEMOVE
<00621> 000401D4 R .WM_SETCURSOR fHaltProcessing:False
<00622> 000401D4 P WM_MOUSEMOVE fwKeys:0000 xPos:46 yPos:14
<00623> 000401D4 S .WM_NCHITTEST xPos:206 yPos:234
<00624> 000401D4 R .WM_NCHITTEST nHittest:HTCLIENT
<00625> 000401D4 S .WM_NCHITTEST xPos:207 yPos:234
<00626> 000401D4 R .WM_NCHITTEST nHittest:HTCLIENT
<00627> 000401D4 S .WM_SETCURSOR hwnd:000401D4 nHittest:HTCLIENT wMouseMsg:WM_MOUSEMOVE
<00628> 000401D4 R .WM_SETCURSOR fHaltProcessing:False
<00629> 000401D4 P WM_MOUSEMOVE fwKeys:0000 xPos:47 yPos:15
<00630> 000401D4 P message:0x0118 [Unknown] wParam:0000FFFA lParam:BF80A59B
<00631> 000401D4 P WM_MOUSEHOVER
<00632> 000401D4 S .WM_NCHITTEST xPos:207 yPos:232
<00633> 000401D4 R .WM_NCHITTEST nHittest:HTCLIENT
<00634> 000401D4 S .WM_NCHITTEST xPos:207 yPos:232
<00635> 000401D4 R .WM_NCHITTEST nHittest:HTCLIENT
<00636> 000401D4 S .WM_SETCURSOR hwnd:000401D4 nHittest:HTCLIENT wMouseMsg:WM_MOUSEMOVE
<00637> 000401D4 R .WM_SETCURSOR fHaltProcessing:False
<00638> 000401D4 P WM_MOUSEMOVE fwKeys:0000 xPos:47 yPos:13
<00639> 000401D4 S .WM_NCHITTEST xPos:206 yPos:232
<00640> 000401D4 R .WM_NCHITTEST nHittest:HTCLIENT
<00641> 000401D4 S .WM_NCHITTEST xPos:206 yPos:232
<00642> 000401D4 R .WM_NCHITTEST nHittest:HTCLIENT
<00643> 000401D4 S .WM_SETCURSOR hwnd:000401D4 nHittest:HTCLIENT wMouseMsg:WM_MOUSEMOVE
<00644> 000401D4 R .WM_SETCURSOR fHaltProcessing:False
<00645> 000401D4 P WM_MOUSEMOVE fwKeys:0000 xPos:46 yPos:13
<00646> 000401D4 S .WM_NCHITTEST xPos:205 yPos:229
<00647> 000401D4 R .WM_NCHITTEST nHittest:HTCLIENT
<00648> 000401D4 S .WM_NCHITTEST xPos:205 yPos:229
<00649> 000401D4 R .WM_NCHITTEST nHittest:HTCLIENT
<00650> 000401D4 S .WM_SETCURSOR hwnd:000401D4 nHittest:HTCLIENT wMouseMsg:WM_MOUSEMOVE
<00651> 000401D4 R .WM_SETCURSOR fHaltProcessing:False
<00652> 000401D4 P WM_MOUSEMOVE fwKeys:0000 xPos:45 yPos:10
<00653> 000401D4 S .WM_NCHITTEST xPos:205 yPos:228
<00654> 000401D4 R .WM_NCHITTEST nHittest:HTCLIENT
<00655> 000401D4 S .WM_NCHITTEST xPos:205 yPos:227
<00656> 000401D4 R .WM_NCHITTEST nHittest:HTCLIENT
<00657> 000401D4 S .WM_SETCURSOR hwnd:000401D4 nHittest:HTCLIENT wMouseMsg:WM_MOUSEMOVE
<00658> 000401D4 R .WM_SETCURSOR fHaltProcessing:False
<00659> 000401D4 P WM_MOUSEMOVE fwKeys:0000 xPos:45 yPos:8
<00660> 000401D4 S .WM_NCHITTEST xPos:205 yPos:227
<00661> 000401D4 R .WM_NCHITTEST nHittest:HTCLIENT
<00662> 000401D4 S .WM_NCHITTEST xPos:205 yPos:227
<00663> 000401D4 R .WM_NCHITTEST nHittest:HTCLIENT
<00664> 000401D4 S .WM_MOUSEACTIVATE hwndTopLevel:0020013A nHittest:HTCLIENT uMsg:WM_LBUTTONDOWN
<00665> 000401D4 R .WM_MOUSEACTIVATE fuActivate:MA_ACTIVATE
<00666> 000401D4 S .WM_SETCURSOR hwnd:000401D4 nHittest:HTCLIENT wMouseMsg:WM_LBUTTONDOWN
<00667> 000401D4 R .WM_SETCURSOR fHaltProcessing:False
<00668> 000401D4 P WM_LBUTTONDOWN fwKeys:MK_LBUTTON xPos:45 yPos:8
<00669> 000401D4 S .WM_SETFOCUS hwndLoseFocus:001601E2
<00670> 000401D4 S ...message:0x2111 [User-defined:WM_USER+7441] wParam:010001D4 lParam:000401D4
<00671> 000401D4 R ...message:0x2111 [User-defined:WM_USER+7441] lResult:00000000
<00672> 000401D4 R .WM_SETFOCUS
<00673> 000401D4 P WM_PAINT hdc:00000000
<00674> 000401D4 S .WM_ERASEBKGND hdc:01010978
<00675> 000401D4 R .WM_ERASEBKGND fErased:True
<00676> 000401D4 P WM_LBUTTONUP fwKeys:0000 xPos:45 yPos:8
<00677> 000401D4 S .WM_CAPTURECHANGED hwndNewCapture:00000000
<00678> 000401D4 R .WM_CAPTURECHANGED
<00679> 000401D4 S .WM_NCHITTEST xPos:205 yPos:227
<00680> 000401D4 R .WM_NCHITTEST nHittest:HTCLIENT
<00681> 000401D4 S .WM_NCHITTEST xPos:205 yPos:227
<00682> 000401D4 R .WM_NCHITTEST nHittest:HTCLIENT
<00683> 000401D4 S .WM_NCHITTEST xPos:205 yPos:227
<00684> 000401D4 R .WM_NCHITTEST nHittest:HTCLIENT
<00685> 000401D4 S .WM_SETCURSOR hwnd:000401D4 nHittest:HTCLIENT wMouseMsg:WM_MOUSEMOVE
<00686> 000401D4 R .WM_SETCURSOR fHaltProcessing:False
<00687> 000401D4 P WM_MOUSEMOVE fwKeys:0000 xPos:45 yPos:8
<00688> 000401D4 S .WM_NCHITTEST xPos:205 yPos:227
<00689> 000401D4 R .WM_NCHITTEST nHittest:HTCLIENT
<00690> 000401D4 S .WM_NCHITTEST xPos:205 yPos:227
<00691> 000401D4 R .WM_NCHITTEST nHittest:HTCLIENT
<00692> 000401D4 S .WM_SETCURSOR hwnd:000401D4 nHittest:HTCLIENT wMouseMsg:WM_MOUSEMOVE
<00693> 000401D4 R .WM_SETCURSOR fHaltProcessing:False
<00694> 000401D4 P WM_MOUSEMOVE fwKeys:0000 xPos:45 yPos:8
<00695> 000401D4 P message:0x0118 [Unknown] wParam:0000FFFF lParam:BF8C2943
<00696> 000401D4 P message:0x0118 [Unknown] wParam:0000FFFF lParam:BF8C2943
<00697> 000401D4 P WM_KEYDOWN nVirtKey:VK_SHIFT cRepeat:1 ScanCode:36 fExtended:0 fAltDown:0 fRepeat:0 fUp:0
<00698> 000401D4 S .WM_GETDLGCODE
<00699> 000401D4 R .WM_GETDLGCODE fuDlgCode:DLGC_WANTARROWS | DLGC_HASSETSEL | DLGC_WANTCHARS
<00700> 000401D4 S .WM_GETDLGCODE
<00701> 000401D4 R .WM_GETDLGCODE fuDlgCode:DLGC_WANTARROWS | DLGC_HASSETSEL | DLGC_WANTCHARS
<00702> 000401D4 P message:0x0118 [Unknown] wParam:0000FFFF lParam:BF8C2943
<00703> 000401D4 P WM_KEYDOWN nVirtKey:VK_INSERT cRepeat:1 ScanCode:52 fExtended:1 fAltDown:0 fRepeat:0 fUp:0
<00704> 000401D4 S .WM_GETDLGCODE
<00705> 000401D4 R .WM_GETDLGCODE fuDlgCode:DLGC_WANTARROWS | DLGC_HASSETSEL | DLGC_WANTCHARS
<00706> 000401D4 S .WM_GETDLGCODE
<00707> 000401D4 R .WM_GETDLGCODE fuDlgCode:DLGC_WANTARROWS | DLGC_HASSETSEL | DLGC_WANTCHARS
<00708> 000401D4 S .WM_PASTE
<00709> 000401D4 S ...message:0x2111 [User-defined:WM_USER+7441] wParam:040001D4 lParam:000401D4
<00710> 000401D4 S ....EM_GETMODIFY
<00711> 000401D4 R ....EM_GETMODIFY fModified:True
<00712> 000401D4 R ...message:0x2111 [User-defined:WM_USER+7441] lResult:00000000
<00713> 000401D4 S ...message:0x2111 [User-defined:WM_USER+7441] wParam:030001D4 lParam:000401D4
<00714> 000401D4 R ...message:0x2111 [User-defined:WM_USER+7441] lResult:00000000
<00715> 000401D4 R .WM_PASTE
<00716> 000401D4 P WM_KEYUP nVirtKey:VK_INSERT cRepeat:1 ScanCode:52 fExtended:1 fAltDown:0 fRepeat:1 fUp:1
<00717> 000401D4 P WM_KEYUP nVirtKey:VK_SHIFT cRepeat:1 ScanCode:36 fExtended:0 fAltDown:0 fRepeat:1 fUp:1
<00718> 000401D4 P message:0x0118 [Unknown] wParam:0000FFFF lParam:BF8C2943
<00719> 000401D4 P message:0x0118 [Unknown] wParam:0000FFFF lParam:BF8C2943
<00720> 000401D4 P WM_KEYDOWN nVirtKey:VK_SHIFT cRepeat:1 ScanCode:36 fExtended:0 fAltDown:0 fRepeat:0 fUp:0
<00721> 000401D4 S .WM_GETDLGCODE
<00722> 000401D4 R .WM_GETDLGCODE fuDlgCode:DLGC_WANTARROWS | DLGC_HASSETSEL | DLGC_WANTCHARS
<00723> 000401D4 S .WM_GETDLGCODE
<00724> 000401D4 R .WM_GETDLGCODE fuDlgCode:DLGC_WANTARROWS | DLGC_HASSETSEL | DLGC_WANTCHARS
<00725> 000401D4 P WM_KEYDOWN nVirtKey:VK_HOME cRepeat:1 ScanCode:47 fExtended:1 fAltDown:0 fRepeat:0 fUp:0
<00726> 000401D4 P WM_KEYUP nVirtKey:VK_HOME cRepeat:1 ScanCode:47 fExtended:1 fAltDown:0 fRepeat:1 fUp:1
<00727> 000401D4 P WM_KEYUP nVirtKey:VK_SHIFT cRepeat:1 ScanCode:36 fExtended:0 fAltDown:0 fRepeat:1 fUp:1
<00728> 000401D4 P message:0x0118 [Unknown] wParam:0000FFFF lParam:BF8C2943
<00729> 000401D4 P message:0x0118 [Unknown] wParam:0000FFFF lParam:BF8C2943
<00730> 000401D4 P message:0x0118 [Unknown] wParam:0000FFFF lParam:BF8C2943
<00731> 000401D4 P WM_KEYDOWN nVirtKey:'1' cRepeat:1 ScanCode:02 fExtended:0 fAltDown:0 fRepeat:0 fUp:0
<00732> 000401D4 S .WM_GETDLGCODE
<00733> 000401D4 R .WM_GETDLGCODE fuDlgCode:DLGC_WANTARROWS | DLGC_HASSETSEL | DLGC_WANTCHARS
<00734> 000401D4 S .WM_GETDLGCODE
<00735> 000401D4 R .WM_GETDLGCODE fuDlgCode:DLGC_WANTARROWS | DLGC_HASSETSEL | DLGC_WANTCHARS
<00736> 000401D4 P WM_CHAR chCharCode:'1' (49) cRepeat:1 ScanCode:02 fExtended:0 fAltDown:0 fRepeat:0 fUp:0
<00737> 000401D4 S .WM_GETDLGCODE
<00738> 000401D4 R .WM_GETDLGCODE fuDlgCode:DLGC_WANTARROWS | DLGC_HASSETSEL | DLGC_WANTCHARS
<00739> 000401D4 S ..message:0x2111 [User-defined:WM_USER+7441] wParam:040001D4 lParam:000401D4
<00740> 000401D4 S ...EM_GETMODIFY
<00741> 000401D4 R ...EM_GETMODIFY fModified:True
<00742> 000401D4 R ..message:0x2111 [User-defined:WM_USER+7441] lResult:00000000
<00743> 000401D4 S ..message:0x2111 [User-defined:WM_USER+7441] wParam:030001D4 lParam:000401D4
<00744> 000401D4 R ..message:0x2111 [User-defined:WM_USER+7441] lResult:00000000
<00745> 000401D4 P WM_KEYUP nVirtKey:'1' cRepeat:1 ScanCode:02 fExtended:0 fAltDown:0 fRepeat:1 fUp:1
<00746> 000401D4 P WM_KEYDOWN nVirtKey:'7' cRepeat:1 ScanCode:08 fExtended:0 fAltDown:0 fRepeat:0 fUp:0
<00747> 000401D4 S .WM_GETDLGCODE
<00748> 000401D4 R .WM_GETDLGCODE fuDlgCode:DLGC_WANTARROWS | DLGC_HASSETSEL | DLGC_WANTCHARS
<00749> 000401D4 S .WM_GETDLGCODE
<00750> 000401D4 R .WM_GETDLGCODE fuDlgCode:DLGC_WANTARROWS | DLGC_HASSETSEL | DLGC_WANTCHARS
<00751> 000401D4 P WM_CHAR chCharCode:'7' (55) cRepeat:1 ScanCode:08 fExtended:0 fAltDown:0 fRepeat:0 fUp:0
<00752> 000401D4 S .WM_GETDLGCODE
<00753> 000401D4 R .WM_GETDLGCODE fuDlgCode:DLGC_WANTARROWS | DLGC_HASSETSEL | DLGC_WANTCHARS
<00754> 000401D4 S ..message:0x2111 [User-defined:WM_USER+7441] wParam:040001D4 lParam:000401D4
<00755> 000401D4 S ...EM_GETMODIFY
<00756> 000401D4 R ...EM_GETMODIFY fModified:True
<00757> 000401D4 R ..message:0x2111 [User-defined:WM_USER+7441] lResult:00000000
<00758> 000401D4 S ..message:0x2111 [User-defined:WM_USER+7441] wParam:030001D4 lParam:000401D4
<00759> 000401D4 R ..message:0x2111 [User-defined:WM_USER+7441] lResult:00000000
<00760> 000401D4 P WM_KEYUP nVirtKey:'7' cRepeat:1 ScanCode:08 fExtended:0 fAltDown:0 fRepeat:1 fUp:1
<00761> 000401D4 P WM_KEYDOWN nVirtKey:'5' cRepeat:1 ScanCode:06 fExtended:0 fAltDown:0 fRepeat:0 fUp:0
<00762> 000401D4 S .WM_GETDLGCODE
<00763> 000401D4 R .WM_GETDLGCODE fuDlgCode:DLGC_WANTARROWS | DLGC_HASSETSEL | DLGC_WANTCHARS
<00764> 000401D4 S .WM_GETDLGCODE
<00765> 000401D4 R .WM_GETDLGCODE fuDlgCode:DLGC_WANTARROWS | DLGC_HASSETSEL | DLGC_WANTCHARS
<00766> 000401D4 P WM_CHAR chCharCode:'5' (53) cRepeat:1 ScanCode:06 fExtended:0 fAltDown:0 fRepeat:0 fUp:0
<00767> 000401D4 S .WM_GETDLGCODE
<00768> 000401D4 R .WM_GETDLGCODE fuDlgCode:DLGC_WANTARROWS | DLGC_HASSETSEL | DLGC_WANTCHARS
<00769> 000401D4 S ..message:0x2111 [User-defined:WM_USER+7441] wParam:040001D4 lParam:000401D4
<00770> 000401D4 S ...EM_GETMODIFY
<00771> 000401D4 R ...EM_GETMODIFY fModified:True
<00772> 000401D4 R ..message:0x2111 [User-defined:WM_USER+7441] lResult:00000000
<00773> 000401D4 S ..message:0x2111 [User-defined:WM_USER+7441] wParam:030001D4 lParam:000401D4
<00774> 000401D4 R ..message:0x2111 [User-defined:WM_USER+7441] lResult:00000000
<00775> 000401D4 P WM_KEYUP nVirtKey:'5' cRepeat:1 ScanCode:06 fExtended:0 fAltDown:0 fRepeat:1 fUp:1
<00776> 000401D4 P WM_KEYDOWN nVirtKey:'8' cRepeat:1 ScanCode:09 fExtended:0 fAltDown:0 fRepeat:0 fUp:0
<00777> 000401D4 S .WM_GETDLGCODE
<00778> 000401D4 R .WM_GETDLGCODE fuDlgCode:DLGC_WANTARROWS | DLGC_HASSETSEL | DLGC_WANTCHARS
<00779> 000401D4 S .WM_GETDLGCODE
<00780> 000401D4 R .WM_GETDLGCODE fuDlgCode:DLGC_WANTARROWS | DLGC_HASSETSEL | DLGC_WANTCHARS
<00781> 000401D4 P WM_CHAR chCharCode:'8' (56) cRepeat:1 ScanCode:09 fExtended:0 fAltDown:0 fRepeat:0 fUp:0
<00782> 000401D4 S .WM_GETDLGCODE
<00783> 000401D4 R .WM_GETDLGCODE fuDlgCode:DLGC_WANTARROWS | DLGC_HASSETSEL | DLGC_WANTCHARS
<00784> 000401D4 S ..message:0x2111 [User-defined:WM_USER+7441] wParam:040001D4 lParam:000401D4
<00785> 000401D4 S ...EM_GETMODIFY
<00786> 000401D4 R ...EM_GETMODIFY fModified:True
<00787> 000401D4 R ..message:0x2111 [User-defined:WM_USER+7441] lResult:00000000
<00788> 000401D4 S ..message:0x2111 [User-defined:WM_USER+7441] wParam:030001D4 lParam:000401D4
<00789> 000401D4 R ..message:0x2111 [User-defined:WM_USER+7441] lResult:00000000
<00790> 000401D4 P WM_KEYUP nVirtKey:'8' cRepeat:1 ScanCode:09 fExtended:0 fAltDown:0 fRepeat:1 fUp:1
<00791> 000401D4 P WM_KEYDOWN nVirtKey:'1' cRepeat:1 ScanCode:02 fExtended:0 fAltDown:0 fRepeat:0 fUp:0
<00792> 000401D4 S .WM_GETDLGCODE
<00793> 000401D4 R .WM_GETDLGCODE fuDlgCode:DLGC_WANTARROWS | DLGC_HASSETSEL | DLGC_WANTCHARS
<00794> 000401D4 S .WM_GETDLGCODE
<00795> 000401D4 R .WM_GETDLGCODE fuDlgCode:DLGC_WANTARROWS | DLGC_HASSETSEL | DLGC_WANTCHARS
<00796> 000401D4 P WM_CHAR chCharCode:'1' (49) cRepeat:1 ScanCode:02 fExtended:0 fAltDown:0 fRepeat:0 fUp:0
<00797> 000401D4 S .WM_GETDLGCODE
<00798> 000401D4 R .WM_GETDLGCODE fuDlgCode:DLGC_WANTARROWS | DLGC_HASSETSEL | DLGC_WANTCHARS
<00799> 000401D4 S ..message:0x2111 [User-defined:WM_USER+7441] wParam:040001D4 lParam:000401D4
<00800> 000401D4 S ...EM_GETMODIFY
<00801> 000401D4 R ...EM_GETMODIFY fModified:True
<00802> 000401D4 R ..message:0x2111 [User-defined:WM_USER+7441] lResult:00000000
<00803> 000401D4 S ..message:0x2111 [User-defined:WM_USER+7441] wParam:030001D4 lParam:000401D4
<00804> 000401D4 R ..message:0x2111 [User-defined:WM_USER+7441] lResult:00000000
<00805> 000401D4 P WM_KEYUP nVirtKey:'1' cRepeat:1 ScanCode:02 fExtended:0 fAltDown:0 fRepeat:1 fUp:1
<00806> 000401D4 P message:0x0118 [Unknown] wParam:0000FFFF lParam:BF8C2943
<00807> 000401D4 P WM_KEYDOWN nVirtKey:VK_RETURN cRepeat:1 ScanCode:1C fExtended:0 fAltDown:0 fRepeat:0 fUp:0
<00808> 000401D4 S .WM_GETDLGCODE
<00809> 000401D4 R .WM_GETDLGCODE fuDlgCode:DLGC_WANTARROWS | DLGC_HASSETSEL | DLGC_WANTCHARS
<00810> 000401D4 S .WM_KILLFOCUS hwndGetFocus:001601E2
<00811> 000401D4 S ...message:0x2111 [User-defined:WM_USER+7441] wParam:020001D4 lParam:000401D4
<00812> 000401D4 R ...message:0x2111 [User-defined:WM_USER+7441] lResult:00000000
<00813> 000401D4 R .WM_KILLFOCUS
<00814> 000401D4 P WM_PAINT hdc:00000000
<00815> 000401D4 S .WM_NCHITTEST xPos:205 yPos:227
<00816> 000401D4 R .WM_NCHITTEST nHittest:HTCLIENT
<00817> 000401D4 S .WM_NCHITTEST xPos:205 yPos:227
<00818> 000401D4 R .WM_NCHITTEST nHittest:HTCLIENT
<00819> 000401D4 S .WM_SETCURSOR hwnd:000401D4 nHittest:HTCLIENT wMouseMsg:WM_MOUSEMOVE
<00820> 000401D4 R .WM_SETCURSOR fHaltProcessing:False
<00821> 000401D4 P WM_MOUSEMOVE fwKeys:0000 xPos:45 yPos:8
<00822> 000401D4 S .WM_NCHITTEST xPos:205 yPos:228
<00823> 000401D4 R .WM_NCHITTEST nHittest:HTCLIENT
<00824> 000401D4 S .WM_NCHITTEST xPos:205 yPos:228
<00825> 000401D4 R .WM_NCHITTEST nHittest:HTCLIENT
<00826> 000401D4 S .WM_SETCURSOR hwnd:000401D4 nHittest:HTCLIENT wMouseMsg:WM_MOUSEMOVE
<00827> 000401D4 R .WM_SETCURSOR fHaltProcessing:False
<00828> 000401D4 P WM_MOUSEMOVE fwKeys:0000 xPos:45 yPos:9
<00829> 000401D4 P WM_MOUSELEAVE
<00830> 000401D4 S .WM_GETTEXTLENGTH
<00831> 000401D4 R .WM_GETTEXTLENGTH cch:5
<00832> 000401D4 S .WM_GETTEXT cchTextMax:12 lpszText:0012E1B4
<00833> 000401D4 R .WM_GETTEXT cchCopied:5 lpszText:0012E1B4 ("1")
<00834> 000401D4 S .WM_GETTEXTLENGTH
<00835> 000401D4 R .WM_GETTEXTLENGTH cch:5
<00836> 000401D4 S .WM_GETTEXT cchTextMax:12 lpszText:0012E1B4
<00837> 000401D4 R .WM_GETTEXT cchCopied:5 lpszText:0012E1B4 ("1")
<00838> 000401D4 S .WM_DESTROY
<00839> 000401D4 S ..EM_GETMODIFY
<00840> 000401D4 R ..EM_GETMODIFY fModified:True
<00841> 000401D4 S ..EM_GETSEL lpdwStart:0012E954 lpdwEnd:0012E958
<00842> 000401D4 R ..EM_GETSEL wStart:5 wEnd:5 lpdwStart:0012E954 (5) lpdwEnd:0012E958 (5)
<00843> 000401D4 S ..WM_GETTEXTLENGTH
<00844> 000401D4 R ..WM_GETTEXTLENGTH cch:5
<00845> 000401D4 S ..WM_GETTEXT cchTextMax:12 lpszText:0012E08C
<00846> 000401D4 R ..WM_GETTEXT cchCopied:5 lpszText:0012E08C ("1")
<00847> 000401D4 R .WM_DESTROY
<00848> 000401D4 S .WM_NCDESTROY
<00849> 000401D4 R .WM_NCDESTROY
