<00001> 00110264 P WM_TIMER wTimerID:1114724 tmprc:00000000
<00002> 001F016C S ......................................................................................................................WM_SETTEXT lpsz:001D357C ("46")
<00003> 001F016C S .......................................................................................................................WM_GETTEXT cchTextMax:3 lpszText:0013EE84
<00004> 001F016C R .......................................................................................................................WM_GETTEXT cchCopied:2 lpszText:0013EE84 ("43")
<00005> 00500156 S .......................................................................................................................WM_COMMAND wNotifyCode:0400 wID:1 hwndCtl:001F016C
<00006> 00500156 R .......................................................................................................................WM_COMMAND
<00007> 00500156 S .......................................................................................................................WM_COMMAND wNotifyCode:0300 wID:1 hwndCtl:001F016C
<00008> 00500156 R .......................................................................................................................WM_COMMAND
<00009> 001F016C R ......................................................................................................................WM_SETTEXT fSucceeded:True
<00010> 001F016C P WM_PAINT hdc:00000000
<00011> 00500156 S ......................................................................................................................WM_CTLCOLOREDIT hdcEdit:BF0109FE hwndEdit:001F016C
<00012> 00500156 R ......................................................................................................................WM_CTLCOLOREDIT hBrush:01900010
<00013> 00500156 S ......................................................................................................................WM_CTLCOLOREDIT hdcEdit:BF0109FE hwndEdit:001F016C
<00014> 00500156 R ......................................................................................................................WM_CTLCOLOREDIT hBrush:01900010
<00015> 00110264 P WM_TIMER wTimerID:1114724 tmprc:00000000
<00016> 001F016C S ......................................................................................................................WM_SETTEXT lpsz:001D37AC ("49")
<00017> 001F016C S .......................................................................................................................WM_GETTEXT cchTextMax:3 lpszText:0013EE84
<00018> 001F016C R .......................................................................................................................WM_GETTEXT cchCopied:2 lpszText:0013EE84 ("46")
<00019> 00500156 S .......................................................................................................................WM_COMMAND wNotifyCode:0400 wID:1 hwndCtl:001F016C
<00020> 00500156 R .......................................................................................................................WM_COMMAND
<00021> 00500156 S .......................................................................................................................WM_COMMAND wNotifyCode:0300 wID:1 hwndCtl:001F016C
<00022> 00500156 R .......................................................................................................................WM_COMMAND
<00023> 001F016C R ......................................................................................................................WM_SETTEXT fSucceeded:True
<00024> 001F016C P WM_PAINT hdc:00000000
<00025> 00500156 S ......................................................................................................................WM_CTLCOLOREDIT hdcEdit:4401058D hwndEdit:001F016C
<00026> 00500156 R ......................................................................................................................WM_CTLCOLOREDIT hBrush:01900010
<00027> 00500156 S ......................................................................................................................WM_CTLCOLOREDIT hdcEdit:4401058D hwndEdit:001F016C
<00028> 00500156 R ......................................................................................................................WM_CTLCOLOREDIT hBrush:01900010
<00029> 00290160 S ......................................................................................................................WM_NCHITTEST xPos:212 yPos:353
<00030> 00290160 R ......................................................................................................................WM_NCHITTEST nHittest:HTCLIENT
<00031> 00290160 S ......................................................................................................................WM_NCHITTEST xPos:212 yPos:353
<00032> 00290160 R ......................................................................................................................WM_NCHITTEST nHittest:HTCLIENT
<00033> 00290160 S ......................................................................................................................WM_NCHITTEST xPos:211 yPos:353
<00034> 00290160 R ......................................................................................................................WM_NCHITTEST nHittest:HTCLIENT
<00035> 00290160 S ......................................................................................................................WM_NCHITTEST xPos:211 yPos:353
<00036> 00290160 R ......................................................................................................................WM_NCHITTEST nHittest:HTCLIENT
<00037> 00290160 S ......................................................................................................................WM_NCHITTEST xPos:210 yPos:353
<00038> 00290160 R ......................................................................................................................WM_NCHITTEST nHittest:HTCLIENT
<00039> 00290160 S ......................................................................................................................WM_NCHITTEST xPos:210 yPos:353
<00040> 00290160 R ......................................................................................................................WM_NCHITTEST nHittest:HTCLIENT
<00041> 00290160 S ......................................................................................................................WM_NCHITTEST xPos:210 yPos:352
<00042> 00290160 R ......................................................................................................................WM_NCHITTEST nHittest:HTCLIENT
<00043> 00290160 S ......................................................................................................................WM_NCHITTEST xPos:210 yPos:352
<00044> 00290160 R ......................................................................................................................WM_NCHITTEST nHittest:HTCLIENT
<00045> 00290160 S ......................................................................................................................WM_NCHITTEST xPos:211 yPos:351
<00046> 00290160 R ......................................................................................................................WM_NCHITTEST nHittest:HTCLIENT
<00047> 00290160 S ......................................................................................................................WM_NCHITTEST xPos:211 yPos:351
<00048> 00290160 R ......................................................................................................................WM_NCHITTEST nHittest:HTCLIENT
<00049> 00110264 P WM_TIMER wTimerID:1114724 tmprc:00000000
<00050> 001F016C S ......................................................................................................................WM_SETTEXT lpsz:001D357C ("52")
<00051> 001F016C S .......................................................................................................................WM_GETTEXT cchTextMax:3 lpszText:0013EE84
<00052> 001F016C R .......................................................................................................................WM_GETTEXT cchCopied:2 lpszText:0013EE84 ("49")
<00053> 00500156 S .......................................................................................................................WM_COMMAND wNotifyCode:0400 wID:1 hwndCtl:001F016C
<00054> 00500156 R .......................................................................................................................WM_COMMAND
<00055> 00500156 S .......................................................................................................................WM_COMMAND wNotifyCode:0300 wID:1 hwndCtl:001F016C
<00056> 00500156 R .......................................................................................................................WM_COMMAND
<00057> 001F016C R ......................................................................................................................WM_SETTEXT fSucceeded:True
<00058> 001F016C P WM_PAINT hdc:00000000
<00059> 00500156 S ......................................................................................................................WM_CTLCOLOREDIT hdcEdit:F50106F7 hwndEdit:001F016C
<00060> 00500156 R ......................................................................................................................WM_CTLCOLOREDIT hBrush:01900010
<00061> 00500156 S ......................................................................................................................WM_CTLCOLOREDIT hdcEdit:F50106F7 hwndEdit:001F016C
<00062> 00500156 R ......................................................................................................................WM_CTLCOLOREDIT hBrush:01900010
<00063> 00110264 P WM_TIMER wTimerID:1114724 tmprc:00000000
<00064> 001F016C S ......................................................................................................................WM_SETTEXT lpsz:001D37AC ("55")
<00065> 001F016C S .......................................................................................................................WM_GETTEXT cchTextMax:3 lpszText:0013EE84
<00066> 001F016C R .......................................................................................................................WM_GETTEXT cchCopied:2 lpszText:0013EE84 ("52")
<00067> 00500156 S .......................................................................................................................WM_COMMAND wNotifyCode:0400 wID:1 hwndCtl:001F016C
<00068> 00500156 R .......................................................................................................................WM_COMMAND
<00069> 00500156 S .......................................................................................................................WM_COMMAND wNotifyCode:0300 wID:1 hwndCtl:001F016C
<00070> 00500156 R .......................................................................................................................WM_COMMAND
<00071> 001F016C R ......................................................................................................................WM_SETTEXT fSucceeded:True
<00072> 001F016C P WM_PAINT hdc:00000000
<00073> 00500156 S ......................................................................................................................WM_CTLCOLOREDIT hdcEdit:F50106F7 hwndEdit:001F016C
<00074> 00500156 R ......................................................................................................................WM_CTLCOLOREDIT hBrush:01900010
<00075> 00500156 S ......................................................................................................................WM_CTLCOLOREDIT hdcEdit:F50106F7 hwndEdit:001F016C
<00076> 00500156 R ......................................................................................................................WM_CTLCOLOREDIT hBrush:01900010
<00077> 00110264 P WM_TIMER wTimerID:1114724 tmprc:00000000
<00078> 001F016C S ......................................................................................................................WM_SETTEXT lpsz:001D357C ("58")
<00079> 001F016C S .......................................................................................................................WM_GETTEXT cchTextMax:3 lpszText:0013EE84
<00080> 001F016C R .......................................................................................................................WM_GETTEXT cchCopied:2 lpszText:0013EE84 ("55")
<00081> 00500156 S .......................................................................................................................WM_COMMAND wNotifyCode:0400 wID:1 hwndCtl:001F016C
<00082> 00500156 R .......................................................................................................................WM_COMMAND
<00083> 00500156 S .......................................................................................................................WM_COMMAND wNotifyCode:0300 wID:1 hwndCtl:001F016C
<00084> 00500156 R .......................................................................................................................WM_COMMAND
<00085> 001F016C R ......................................................................................................................WM_SETTEXT fSucceeded:True
<00086> 001F016C P WM_PAINT hdc:00000000
<00087> 00500156 S ......................................................................................................................WM_CTLCOLOREDIT hdcEdit:F50106F7 hwndEdit:001F016C
<00088> 00500156 R ......................................................................................................................WM_CTLCOLOREDIT hBrush:01900010
<00089> 00500156 S ......................................................................................................................WM_CTLCOLOREDIT hdcEdit:F50106F7 hwndEdit:001F016C
<00090> 00500156 R ......................................................................................................................WM_CTLCOLOREDIT hBrush:01900010
<00091> 00110264 P WM_TIMER wTimerID:1114724 tmprc:00000000
<00092> 001F016C S ......................................................................................................................WM_SETTEXT lpsz:001D37AC ("01")
<00093> 001F016C S .......................................................................................................................WM_GETTEXT cchTextMax:3 lpszText:0013EE84
<00094> 001F016C R .......................................................................................................................WM_GETTEXT cchCopied:2 lpszText:0013EE84 ("58")
<00095> 00500156 S .......................................................................................................................WM_COMMAND wNotifyCode:0400 wID:1 hwndCtl:001F016C
<00096> 00500156 R .......................................................................................................................WM_COMMAND
<00097> 00500156 S .......................................................................................................................WM_COMMAND wNotifyCode:0300 wID:1 hwndCtl:001F016C
<00098> 00500156 R .......................................................................................................................WM_COMMAND
<00099> 001F016C R ......................................................................................................................WM_SETTEXT fSucceeded:True
<00100> 001F016C P WM_PAINT hdc:00000000
<00101> 00500156 S ......................................................................................................................WM_CTLCOLOREDIT hdcEdit:BF0109FE hwndEdit:001F016C
<00102> 00500156 R ......................................................................................................................WM_CTLCOLOREDIT hBrush:01900010
<00103> 00500156 S ......................................................................................................................WM_CTLCOLOREDIT hdcEdit:BF0109FE hwndEdit:001F016C
<00104> 00500156 R ......................................................................................................................WM_CTLCOLOREDIT hBrush:01900010
<00105> 00110264 P WM_TIMER wTimerID:1114724 tmprc:00000000
<00106> 001F016C S ......................................................................................................................WM_SETTEXT lpsz:001D357C ("04")
<00107> 001F016C S .......................................................................................................................WM_GETTEXT cchTextMax:3 lpszText:0013EE84
<00108> 001F016C R .......................................................................................................................WM_GETTEXT cchCopied:2 lpszText:0013EE84 ("01")
<00109> 00500156 S .......................................................................................................................WM_COMMAND wNotifyCode:0400 wID:1 hwndCtl:001F016C
<00110> 00500156 R .......................................................................................................................WM_COMMAND
<00111> 00500156 S .......................................................................................................................WM_COMMAND wNotifyCode:0300 wID:1 hwndCtl:001F016C
<00112> 00500156 R .......................................................................................................................WM_COMMAND
<00113> 001F016C R ......................................................................................................................WM_SETTEXT fSucceeded:True
<00114> 001F016C P WM_PAINT hdc:00000000
<00115> 00500156 S ......................................................................................................................WM_CTLCOLOREDIT hdcEdit:BF0109FE hwndEdit:001F016C
<00116> 00500156 R ......................................................................................................................WM_CTLCOLOREDIT hBrush:01900010
<00117> 00500156 S ......................................................................................................................WM_CTLCOLOREDIT hdcEdit:BF0109FE hwndEdit:001F016C
<00118> 00500156 R ......................................................................................................................WM_CTLCOLOREDIT hBrush:01900010
<00119> 00110264 P WM_TIMER wTimerID:1114724 tmprc:00000000
<00120> 001F016C S ......................................................................................................................WM_SETTEXT lpsz:001D37AC ("07")
<00121> 001F016C S .......................................................................................................................WM_GETTEXT cchTextMax:3 lpszText:0013EE84
<00122> 001F016C R .......................................................................................................................WM_GETTEXT cchCopied:2 lpszText:0013EE84 ("04")
<00123> 00500156 S .......................................................................................................................WM_COMMAND wNotifyCode:0400 wID:1 hwndCtl:001F016C
<00124> 00500156 R .......................................................................................................................WM_COMMAND
<00125> 00500156 S .......................................................................................................................WM_COMMAND wNotifyCode:0300 wID:1 hwndCtl:001F016C
<00126> 00500156 R .......................................................................................................................WM_COMMAND
<00127> 001F016C R ......................................................................................................................WM_SETTEXT fSucceeded:True
<00128> 001F016C P WM_PAINT hdc:00000000
<00129> 00500156 S ......................................................................................................................WM_CTLCOLOREDIT hdcEdit:BF0109FE hwndEdit:001F016C
<00130> 00500156 R ......................................................................................................................WM_CTLCOLOREDIT hBrush:01900010
<00131> 00500156 S ......................................................................................................................WM_CTLCOLOREDIT hdcEdit:BF0109FE hwndEdit:001F016C
<00132> 00500156 R ......................................................................................................................WM_CTLCOLOREDIT hBrush:01900010
<00133> 00110264 P WM_TIMER wTimerID:1114724 tmprc:00000000
<00134> 001F016C S ......................................................................................................................WM_SETTEXT lpsz:001D357C ("10")
<00135> 001F016C S .......................................................................................................................WM_GETTEXT cchTextMax:3 lpszText:0013EE84
<00136> 001F016C R .......................................................................................................................WM_GETTEXT cchCopied:2 lpszText:0013EE84 ("07")
<00137> 00500156 S .......................................................................................................................WM_COMMAND wNotifyCode:0400 wID:1 hwndCtl:001F016C
<00138> 00500156 R .......................................................................................................................WM_COMMAND
<00139> 00500156 S .......................................................................................................................WM_COMMAND wNotifyCode:0300 wID:1 hwndCtl:001F016C
<00140> 00500156 R .......................................................................................................................WM_COMMAND
<00141> 001F016C R ......................................................................................................................WM_SETTEXT fSucceeded:True
<00142> 001F016C P WM_PAINT hdc:00000000
<00143> 00500156 S ......................................................................................................................WM_CTLCOLOREDIT hdcEdit:BF0109FE hwndEdit:001F016C
<00144> 00500156 R ......................................................................................................................WM_CTLCOLOREDIT hBrush:01900010
<00145> 00500156 S ......................................................................................................................WM_CTLCOLOREDIT hdcEdit:BF0109FE hwndEdit:001F016C
<00146> 00500156 R ......................................................................................................................WM_CTLCOLOREDIT hBrush:01900010
<00147> 00110264 P WM_TIMER wTimerID:1114724 tmprc:00000000
<00148> 001F016C S ......................................................................................................................WM_SETTEXT lpsz:001D37AC ("13")
<00149> 001F016C S .......................................................................................................................WM_GETTEXT cchTextMax:3 lpszText:0013EE84
<00150> 001F016C R .......................................................................................................................WM_GETTEXT cchCopied:2 lpszText:0013EE84 ("10")
<00151> 00500156 S .......................................................................................................................WM_COMMAND wNotifyCode:0400 wID:1 hwndCtl:001F016C
<00152> 00500156 R .......................................................................................................................WM_COMMAND
<00153> 00500156 S .......................................................................................................................WM_COMMAND wNotifyCode:0300 wID:1 hwndCtl:001F016C
<00154> 00500156 R .......................................................................................................................WM_COMMAND
<00155> 001F016C R ......................................................................................................................WM_SETTEXT fSucceeded:True
<00156> 001F016C P WM_PAINT hdc:00000000
<00157> 00500156 S ......................................................................................................................WM_CTLCOLOREDIT hdcEdit:BF0109FE hwndEdit:001F016C
<00158> 00500156 R ......................................................................................................................WM_CTLCOLOREDIT hBrush:01900010
<00159> 00500156 S ......................................................................................................................WM_CTLCOLOREDIT hdcEdit:BF0109FE hwndEdit:001F016C
<00160> 00500156 R ......................................................................................................................WM_CTLCOLOREDIT hBrush:01900010
<00161> 00110264 P WM_TIMER wTimerID:1114724 tmprc:00000000
<00162> 001F016C S ......................................................................................................................WM_SETTEXT lpsz:001D357C ("16")
<00163> 001F016C S .......................................................................................................................WM_GETTEXT cchTextMax:3 lpszText:0013EE84
<00164> 001F016C R .......................................................................................................................WM_GETTEXT cchCopied:2 lpszText:0013EE84 ("13")
<00165> 00500156 S .......................................................................................................................WM_COMMAND wNotifyCode:0400 wID:1 hwndCtl:001F016C
<00166> 00500156 R .......................................................................................................................WM_COMMAND
<00167> 00500156 S .......................................................................................................................WM_COMMAND wNotifyCode:0300 wID:1 hwndCtl:001F016C
<00168> 00500156 R .......................................................................................................................WM_COMMAND
<00169> 001F016C R ......................................................................................................................WM_SETTEXT fSucceeded:True
<00170> 001F016C P WM_PAINT hdc:00000000
<00171> 00500156 S ......................................................................................................................WM_CTLCOLOREDIT hdcEdit:BF0109FE hwndEdit:001F016C
<00172> 00500156 R ......................................................................................................................WM_CTLCOLOREDIT hBrush:01900010
<00173> 00500156 S ......................................................................................................................WM_CTLCOLOREDIT hdcEdit:BF0109FE hwndEdit:001F016C
<00174> 00500156 R ......................................................................................................................WM_CTLCOLOREDIT hBrush:01900010
<00175> 00110264 P WM_TIMER wTimerID:1114724 tmprc:00000000
<00176> 001F016C S ......................................................................................................................WM_SETTEXT lpsz:001D37AC ("19")
<00177> 001F016C S .......................................................................................................................WM_GETTEXT cchTextMax:3 lpszText:0013EE84
<00178> 001F016C R .......................................................................................................................WM_GETTEXT cchCopied:2 lpszText:0013EE84 ("16")
<00179> 00500156 S .......................................................................................................................WM_COMMAND wNotifyCode:0400 wID:1 hwndCtl:001F016C
<00180> 00500156 R .......................................................................................................................WM_COMMAND
<00181> 00500156 S .......................................................................................................................WM_COMMAND wNotifyCode:0300 wID:1 hwndCtl:001F016C
<00182> 00500156 R .......................................................................................................................WM_COMMAND
<00183> 001F016C R ......................................................................................................................WM_SETTEXT fSucceeded:True
<00184> 001F016C P WM_PAINT hdc:00000000
<00185> 00500156 S ......................................................................................................................WM_CTLCOLOREDIT hdcEdit:BF0109FE hwndEdit:001F016C
<00186> 00500156 R ......................................................................................................................WM_CTLCOLOREDIT hBrush:01900010
<00187> 00500156 S ......................................................................................................................WM_CTLCOLOREDIT hdcEdit:BF0109FE hwndEdit:001F016C
<00188> 00500156 R ......................................................................................................................WM_CTLCOLOREDIT hBrush:01900010
<00189> 00110264 P WM_TIMER wTimerID:1114724 tmprc:00000000
<00190> 001F016C S ......................................................................................................................WM_SETTEXT lpsz:001D357C ("22")
<00191> 001F016C S .......................................................................................................................WM_GETTEXT cchTextMax:3 lpszText:0013EE84
<00192> 001F016C R .......................................................................................................................WM_GETTEXT cchCopied:2 lpszText:0013EE84 ("19")
<00193> 00500156 S .......................................................................................................................WM_COMMAND wNotifyCode:0400 wID:1 hwndCtl:001F016C
<00194> 00500156 R .......................................................................................................................WM_COMMAND
<00195> 00500156 S .......................................................................................................................WM_COMMAND wNotifyCode:0300 wID:1 hwndCtl:001F016C
<00196> 00500156 R .......................................................................................................................WM_COMMAND
<00197> 001F016C R ......................................................................................................................WM_SETTEXT fSucceeded:True
<00198> 001F016C P WM_PAINT hdc:00000000
<00199> 00500156 S ......................................................................................................................WM_CTLCOLOREDIT hdcEdit:BF0109FE hwndEdit:001F016C
<00200> 00500156 R ......................................................................................................................WM_CTLCOLOREDIT hBrush:01900010
<00201> 00500156 S ......................................................................................................................WM_CTLCOLOREDIT hdcEdit:BF0109FE hwndEdit:001F016C
<00202> 00500156 R ......................................................................................................................WM_CTLCOLOREDIT hBrush:01900010
<00203> 00110264 P WM_TIMER wTimerID:1114724 tmprc:00000000
<00204> 001F016C S ......................................................................................................................WM_SETTEXT lpsz:001D37AC ("25")
<00205> 001F016C S .......................................................................................................................WM_GETTEXT cchTextMax:3 lpszText:0013EE84
<00206> 001F016C R .......................................................................................................................WM_GETTEXT cchCopied:2 lpszText:0013EE84 ("22")
<00207> 00500156 S .......................................................................................................................WM_COMMAND wNotifyCode:0400 wID:1 hwndCtl:001F016C
<00208> 00500156 R .......................................................................................................................WM_COMMAND
<00209> 00500156 S .......................................................................................................................WM_COMMAND wNotifyCode:0300 wID:1 hwndCtl:001F016C
<00210> 00500156 R .......................................................................................................................WM_COMMAND
<00211> 001F016C R ......................................................................................................................WM_SETTEXT fSucceeded:True
<00212> 001F016C P WM_PAINT hdc:00000000
<00213> 00500156 S ......................................................................................................................WM_CTLCOLOREDIT hdcEdit:BF0109FE hwndEdit:001F016C
<00214> 00500156 R ......................................................................................................................WM_CTLCOLOREDIT hBrush:01900010
<00215> 00500156 S ......................................................................................................................WM_CTLCOLOREDIT hdcEdit:BF0109FE hwndEdit:001F016C
<00216> 00500156 R ......................................................................................................................WM_CTLCOLOREDIT hBrush:01900010
<00217> 00110264 P WM_TIMER wTimerID:1114724 tmprc:00000000
<00218> 001F016C S ......................................................................................................................WM_SETTEXT lpsz:001D357C ("28")
<00219> 001F016C S .......................................................................................................................WM_GETTEXT cchTextMax:3 lpszText:0013EE84
<00220> 001F016C R .......................................................................................................................WM_GETTEXT cchCopied:2 lpszText:0013EE84 ("25")
<00221> 00500156 S .......................................................................................................................WM_COMMAND wNotifyCode:0400 wID:1 hwndCtl:001F016C
<00222> 00500156 R .......................................................................................................................WM_COMMAND
<00223> 00500156 S .......................................................................................................................WM_COMMAND wNotifyCode:0300 wID:1 hwndCtl:001F016C
<00224> 00500156 R .......................................................................................................................WM_COMMAND
<00225> 001F016C R ......................................................................................................................WM_SETTEXT fSucceeded:True
<00226> 001F016C P WM_PAINT hdc:00000000
<00227> 00500156 S ......................................................................................................................WM_CTLCOLOREDIT hdcEdit:BF0109FE hwndEdit:001F016C
<00228> 00500156 R ......................................................................................................................WM_CTLCOLOREDIT hBrush:01900010
<00229> 00500156 S ......................................................................................................................WM_CTLCOLOREDIT hdcEdit:BF0109FE hwndEdit:001F016C
<00230> 00500156 R ......................................................................................................................WM_CTLCOLOREDIT hBrush:01900010
<00231> 00110264 P WM_TIMER wTimerID:1114724 tmprc:00000000
<00232> 001F016C S ......................................................................................................................WM_SETTEXT lpsz:001D37AC ("31")
<00233> 001F016C S .......................................................................................................................WM_GETTEXT cchTextMax:3 lpszText:0013EE84
<00234> 001F016C R .......................................................................................................................WM_GETTEXT cchCopied:2 lpszText:0013EE84 ("28")
<00235> 00500156 S .......................................................................................................................WM_COMMAND wNotifyCode:0400 wID:1 hwndCtl:001F016C
<00236> 00500156 R .......................................................................................................................WM_COMMAND
<00237> 00500156 S .......................................................................................................................WM_COMMAND wNotifyCode:0300 wID:1 hwndCtl:001F016C
<00238> 00500156 R .......................................................................................................................WM_COMMAND
<00239> 001F016C R ......................................................................................................................WM_SETTEXT fSucceeded:True
<00240> 001F016C P WM_PAINT hdc:00000000
<00241> 00500156 S ......................................................................................................................WM_CTLCOLOREDIT hdcEdit:BF0109FE hwndEdit:001F016C
<00242> 00500156 R ......................................................................................................................WM_CTLCOLOREDIT hBrush:01900010
<00243> 00500156 S ......................................................................................................................WM_CTLCOLOREDIT hdcEdit:BF0109FE hwndEdit:001F016C
<00244> 00500156 R ......................................................................................................................WM_CTLCOLOREDIT hBrush:01900010
<00245> 00110264 P WM_TIMER wTimerID:1114724 tmprc:00000000
<00246> 001F016C S ......................................................................................................................WM_SETTEXT lpsz:001D357C ("34")
<00247> 001F016C S .......................................................................................................................WM_GETTEXT cchTextMax:3 lpszText:0013EE84
<00248> 001F016C R .......................................................................................................................WM_GETTEXT cchCopied:2 lpszText:0013EE84 ("31")
<00249> 00500156 S .......................................................................................................................WM_COMMAND wNotifyCode:0400 wID:1 hwndCtl:001F016C
<00250> 00500156 R .......................................................................................................................WM_COMMAND
<00251> 00500156 S .......................................................................................................................WM_COMMAND wNotifyCode:0300 wID:1 hwndCtl:001F016C
<00252> 00500156 R .......................................................................................................................WM_COMMAND
<00253> 001F016C R ......................................................................................................................WM_SETTEXT fSucceeded:True
<00254> 001F016C P WM_PAINT hdc:00000000
<00255> 00500156 S ......................................................................................................................WM_CTLCOLOREDIT hdcEdit:BF0109FE hwndEdit:001F016C
<00256> 00500156 R ......................................................................................................................WM_CTLCOLOREDIT hBrush:01900010
<00257> 00500156 S ......................................................................................................................WM_CTLCOLOREDIT hdcEdit:BF0109FE hwndEdit:001F016C
<00258> 00500156 R ......................................................................................................................WM_CTLCOLOREDIT hBrush:01900010
<00259> 00110264 P WM_TIMER wTimerID:1114724 tmprc:00000000
<00260> 001F016C S ......................................................................................................................WM_SETTEXT lpsz:001D37AC ("37")
<00261> 001F016C S .......................................................................................................................WM_GETTEXT cchTextMax:3 lpszText:0013EE84
<00262> 001F016C R .......................................................................................................................WM_GETTEXT cchCopied:2 lpszText:0013EE84 ("34")
<00263> 00500156 S .......................................................................................................................WM_COMMAND wNotifyCode:0400 wID:1 hwndCtl:001F016C
<00264> 00500156 R .......................................................................................................................WM_COMMAND
<00265> 00500156 S .......................................................................................................................WM_COMMAND wNotifyCode:0300 wID:1 hwndCtl:001F016C
<00266> 00500156 R .......................................................................................................................WM_COMMAND
<00267> 001F016C R ......................................................................................................................WM_SETTEXT fSucceeded:True
<00268> 001F016C P WM_PAINT hdc:00000000
<00269> 00500156 S ......................................................................................................................WM_CTLCOLOREDIT hdcEdit:BF0109FE hwndEdit:001F016C
<00270> 00500156 R ......................................................................................................................WM_CTLCOLOREDIT hBrush:01900010
<00271> 00500156 S ......................................................................................................................WM_CTLCOLOREDIT hdcEdit:BF0109FE hwndEdit:001F016C
<00272> 00500156 R ......................................................................................................................WM_CTLCOLOREDIT hBrush:01900010
<00273> 00110264 P WM_TIMER wTimerID:1114724 tmprc:00000000
<00274> 001F016C S ......................................................................................................................WM_SETTEXT lpsz:001D357C ("40")
<00275> 001F016C S .......................................................................................................................WM_GETTEXT cchTextMax:3 lpszText:0013EE84
<00276> 001F016C R .......................................................................................................................WM_GETTEXT cchCopied:2 lpszText:0013EE84 ("37")
<00277> 00500156 S .......................................................................................................................WM_COMMAND wNotifyCode:0400 wID:1 hwndCtl:001F016C
<00278> 00500156 R .......................................................................................................................WM_COMMAND
<00279> 00500156 S .......................................................................................................................WM_COMMAND wNotifyCode:0300 wID:1 hwndCtl:001F016C
<00280> 00500156 R .......................................................................................................................WM_COMMAND
<00281> 001F016C R ......................................................................................................................WM_SETTEXT fSucceeded:True
<00282> 001F016C P WM_PAINT hdc:00000000
<00283> 00500156 S ......................................................................................................................WM_CTLCOLOREDIT hdcEdit:BF0109FE hwndEdit:001F016C
<00284> 00500156 R ......................................................................................................................WM_CTLCOLOREDIT hBrush:01900010
<00285> 00500156 S ......................................................................................................................WM_CTLCOLOREDIT hdcEdit:BF0109FE hwndEdit:001F016C
<00286> 00500156 R ......................................................................................................................WM_CTLCOLOREDIT hBrush:01900010
<00287> 00110264 P WM_TIMER wTimerID:1114724 tmprc:00000000
<00288> 001F016C S ......................................................................................................................WM_SETTEXT lpsz:001D37AC ("43")
<00289> 001F016C S .......................................................................................................................WM_GETTEXT cchTextMax:3 lpszText:0013EE84
<00290> 001F016C R .......................................................................................................................WM_GETTEXT cchCopied:2 lpszText:0013EE84 ("40")
<00291> 00500156 S .......................................................................................................................WM_COMMAND wNotifyCode:0400 wID:1 hwndCtl:001F016C
<00292> 00500156 R .......................................................................................................................WM_COMMAND
<00293> 00500156 S .......................................................................................................................WM_COMMAND wNotifyCode:0300 wID:1 hwndCtl:001F016C
<00294> 00500156 R .......................................................................................................................WM_COMMAND
<00295> 001F016C R ......................................................................................................................WM_SETTEXT fSucceeded:True
<00296> 001F016C P WM_PAINT hdc:00000000
<00297> 00500156 S ......................................................................................................................WM_CTLCOLOREDIT hdcEdit:BF0109FE hwndEdit:001F016C
<00298> 00500156 R ......................................................................................................................WM_CTLCOLOREDIT hBrush:01900010
<00299> 00500156 S ......................................................................................................................WM_CTLCOLOREDIT hdcEdit:BF0109FE hwndEdit:001F016C
<00300> 00500156 R ......................................................................................................................WM_CTLCOLOREDIT hBrush:01900010
<00301> 00110264 P WM_TIMER wTimerID:1114724 tmprc:00000000
<00302> 001F016C S ......................................................................................................................WM_SETTEXT lpsz:001D357C ("46")
<00303> 001F016C S .......................................................................................................................WM_GETTEXT cchTextMax:3 lpszText:0013EE84
<00304> 001F016C R .......................................................................................................................WM_GETTEXT cchCopied:2 lpszText:0013EE84 ("43")
<00305> 00500156 S .......................................................................................................................WM_COMMAND wNotifyCode:0400 wID:1 hwndCtl:001F016C
<00306> 00500156 R .......................................................................................................................WM_COMMAND
<00307> 00500156 S .......................................................................................................................WM_COMMAND wNotifyCode:0300 wID:1 hwndCtl:001F016C
<00308> 00500156 R .......................................................................................................................WM_COMMAND
<00309> 001F016C R ......................................................................................................................WM_SETTEXT fSucceeded:True
<00310> 001F016C P WM_PAINT hdc:00000000
<00311> 00500156 S ......................................................................................................................WM_CTLCOLOREDIT hdcEdit:BF0109FE hwndEdit:001F016C
<00312> 00500156 R ......................................................................................................................WM_CTLCOLOREDIT hBrush:01900010
<00313> 00500156 S ......................................................................................................................WM_CTLCOLOREDIT hdcEdit:BF0109FE hwndEdit:001F016C
<00314> 00500156 R ......................................................................................................................WM_CTLCOLOREDIT hBrush:01900010
<00315> 00110264 P WM_TIMER wTimerID:1114724 tmprc:00000000
<00316> 001F016C S ......................................................................................................................WM_SETTEXT lpsz:001D37AC ("49")
<00317> 001F016C S .......................................................................................................................WM_GETTEXT cchTextMax:3 lpszText:0013EE84
<00318> 001F016C R .......................................................................................................................WM_GETTEXT cchCopied:2 lpszText:0013EE84 ("46")
<00319> 00500156 S .......................................................................................................................WM_COMMAND wNotifyCode:0400 wID:1 hwndCtl:001F016C
<00320> 00500156 R .......................................................................................................................WM_COMMAND
<00321> 00500156 S .......................................................................................................................WM_COMMAND wNotifyCode:0300 wID:1 hwndCtl:001F016C
<00322> 00500156 R .......................................................................................................................WM_COMMAND
<00323> 001F016C R ......................................................................................................................WM_SETTEXT fSucceeded:True
<00324> 001F016C P WM_PAINT hdc:00000000
<00325> 00500156 S ......................................................................................................................WM_CTLCOLOREDIT hdcEdit:BF0109FE hwndEdit:001F016C
<00326> 00500156 R ......................................................................................................................WM_CTLCOLOREDIT hBrush:01900010
<00327> 00500156 S ......................................................................................................................WM_CTLCOLOREDIT hdcEdit:BF0109FE hwndEdit:001F016C
<00328> 00500156 R ......................................................................................................................WM_CTLCOLOREDIT hBrush:01900010
<00329> 00110264 P WM_TIMER wTimerID:1114724 tmprc:00000000
<00330> 001F016C S ......................................................................................................................WM_SETTEXT lpsz:001D357C ("52")
<00331> 001F016C S .......................................................................................................................WM_GETTEXT cchTextMax:3 lpszText:0013EE84
<00332> 001F016C R .......................................................................................................................WM_GETTEXT cchCopied:2 lpszText:0013EE84 ("49")
<00333> 00500156 S .......................................................................................................................WM_COMMAND wNotifyCode:0400 wID:1 hwndCtl:001F016C
<00334> 00500156 R .......................................................................................................................WM_COMMAND
<00335> 00500156 S .......................................................................................................................WM_COMMAND wNotifyCode:0300 wID:1 hwndCtl:001F016C
<00336> 00500156 R .......................................................................................................................WM_COMMAND
<00337> 001F016C R ......................................................................................................................WM_SETTEXT fSucceeded:True
<00338> 001F016C P WM_PAINT hdc:00000000
<00339> 00500156 S ......................................................................................................................WM_CTLCOLOREDIT hdcEdit:BF0109FE hwndEdit:001F016C
<00340> 00500156 R ......................................................................................................................WM_CTLCOLOREDIT hBrush:01900010
<00341> 00500156 S ......................................................................................................................WM_CTLCOLOREDIT hdcEdit:BF0109FE hwndEdit:001F016C
<00342> 00500156 R ......................................................................................................................WM_CTLCOLOREDIT hBrush:01900010
<00343> 00110264 P WM_TIMER wTimerID:1114724 tmprc:00000000
<00344> 001F016C S ......................................................................................................................WM_SETTEXT lpsz:001D37AC ("55")
<00345> 001F016C S .......................................................................................................................WM_GETTEXT cchTextMax:3 lpszText:0013EE84
<00346> 001F016C R .......................................................................................................................WM_GETTEXT cchCopied:2 lpszText:0013EE84 ("52")
<00347> 00500156 S .......................................................................................................................WM_COMMAND wNotifyCode:0400 wID:1 hwndCtl:001F016C
<00348> 00500156 R .......................................................................................................................WM_COMMAND
<00349> 00500156 S .......................................................................................................................WM_COMMAND wNotifyCode:0300 wID:1 hwndCtl:001F016C
<00350> 00500156 R .......................................................................................................................WM_COMMAND
<00351> 001F016C R ......................................................................................................................WM_SETTEXT fSucceeded:True
<00352> 001F016C P WM_PAINT hdc:00000000
<00353> 00500156 S ......................................................................................................................WM_CTLCOLOREDIT hdcEdit:BF0109FE hwndEdit:001F016C
<00354> 00500156 R ......................................................................................................................WM_CTLCOLOREDIT hBrush:01900010
<00355> 00500156 S ......................................................................................................................WM_CTLCOLOREDIT hdcEdit:BF0109FE hwndEdit:001F016C
<00356> 00500156 R ......................................................................................................................WM_CTLCOLOREDIT hBrush:01900010
<00357> 00110264 P WM_TIMER wTimerID:1114724 tmprc:00000000
<00358> 001F016C S ......................................................................................................................WM_SETTEXT lpsz:001D357C ("58")
<00359> 001F016C S .......................................................................................................................WM_GETTEXT cchTextMax:3 lpszText:0013EE84
<00360> 001F016C R .......................................................................................................................WM_GETTEXT cchCopied:2 lpszText:0013EE84 ("55")
<00361> 00500156 S .......................................................................................................................WM_COMMAND wNotifyCode:0400 wID:1 hwndCtl:001F016C
<00362> 00500156 R .......................................................................................................................WM_COMMAND
<00363> 00500156 S .......................................................................................................................WM_COMMAND wNotifyCode:0300 wID:1 hwndCtl:001F016C
<00364> 00500156 R .......................................................................................................................WM_COMMAND
<00365> 001F016C R ......................................................................................................................WM_SETTEXT fSucceeded:True
<00366> 001F016C P WM_PAINT hdc:00000000
<00367> 00500156 S ......................................................................................................................WM_CTLCOLOREDIT hdcEdit:BF0109FE hwndEdit:001F016C
<00368> 00500156 R ......................................................................................................................WM_CTLCOLOREDIT hBrush:01900010
<00369> 00500156 S ......................................................................................................................WM_CTLCOLOREDIT hdcEdit:BF0109FE hwndEdit:001F016C
<00370> 00500156 R ......................................................................................................................WM_CTLCOLOREDIT hBrush:01900010
<00371> 00110264 P WM_TIMER wTimerID:1114724 tmprc:00000000
<00372> 001F016C S ......................................................................................................................WM_SETTEXT lpsz:001D37AC ("01")
<00373> 001F016C S .......................................................................................................................WM_GETTEXT cchTextMax:3 lpszText:0013EE84
<00374> 001F016C R .......................................................................................................................WM_GETTEXT cchCopied:2 lpszText:0013EE84 ("58")
<00375> 00500156 S .......................................................................................................................WM_COMMAND wNotifyCode:0400 wID:1 hwndCtl:001F016C
<00376> 00500156 R .......................................................................................................................WM_COMMAND
<00377> 00500156 S .......................................................................................................................WM_COMMAND wNotifyCode:0300 wID:1 hwndCtl:001F016C
<00378> 00500156 R .......................................................................................................................WM_COMMAND
<00379> 001F016C R ......................................................................................................................WM_SETTEXT fSucceeded:True
<00380> 001F016C P WM_PAINT hdc:00000000
<00381> 00500156 S ......................................................................................................................WM_CTLCOLOREDIT hdcEdit:F50106F7 hwndEdit:001F016C
<00382> 00500156 R ......................................................................................................................WM_CTLCOLOREDIT hBrush:01900010
<00383> 00500156 S ......................................................................................................................WM_CTLCOLOREDIT hdcEdit:F50106F7 hwndEdit:001F016C
<00384> 00500156 R ......................................................................................................................WM_CTLCOLOREDIT hBrush:01900010
<00385> 00110264 P WM_TIMER wTimerID:1114724 tmprc:00000000
<00386> 001F016C S ......................................................................................................................WM_SETTEXT lpsz:001D357C ("04")
<00387> 001F016C S .......................................................................................................................WM_GETTEXT cchTextMax:3 lpszText:0013EE84
<00388> 001F016C R .......................................................................................................................WM_GETTEXT cchCopied:2 lpszText:0013EE84 ("01")
<00389> 00500156 S .......................................................................................................................WM_COMMAND wNotifyCode:0400 wID:1 hwndCtl:001F016C
<00390> 00500156 R .......................................................................................................................WM_COMMAND
<00391> 00500156 S .......................................................................................................................WM_COMMAND wNotifyCode:0300 wID:1 hwndCtl:001F016C
<00392> 00500156 R .......................................................................................................................WM_COMMAND
<00393> 001F016C R ......................................................................................................................WM_SETTEXT fSucceeded:True
<00394> 001F016C P WM_PAINT hdc:00000000
<00395> 00500156 S ......................................................................................................................WM_CTLCOLOREDIT hdcEdit:F50106F7 hwndEdit:001F016C
<00396> 00500156 R ......................................................................................................................WM_CTLCOLOREDIT hBrush:01900010
<00397> 00500156 S ......................................................................................................................WM_CTLCOLOREDIT hdcEdit:F50106F7 hwndEdit:001F016C
<00398> 00500156 R ......................................................................................................................WM_CTLCOLOREDIT hBrush:01900010
<00399> 00110264 P WM_TIMER wTimerID:1114724 tmprc:00000000
<00400> 001F016C S ......................................................................................................................WM_SETTEXT lpsz:001D37AC ("07")
<00401> 001F016C S .......................................................................................................................WM_GETTEXT cchTextMax:3 lpszText:0013EE84
<00402> 001F016C R .......................................................................................................................WM_GETTEXT cchCopied:2 lpszText:0013EE84 ("04")
<00403> 00500156 S .......................................................................................................................WM_COMMAND wNotifyCode:0400 wID:1 hwndCtl:001F016C
<00404> 00500156 R .......................................................................................................................WM_COMMAND
<00405> 00500156 S .......................................................................................................................WM_COMMAND wNotifyCode:0300 wID:1 hwndCtl:001F016C
<00406> 00500156 R .......................................................................................................................WM_COMMAND
<00407> 001F016C R ......................................................................................................................WM_SETTEXT fSucceeded:True
<00408> 001F016C P WM_PAINT hdc:00000000
<00409> 00500156 S ......................................................................................................................WM_CTLCOLOREDIT hdcEdit:F50106F7 hwndEdit:001F016C
<00410> 00500156 R ......................................................................................................................WM_CTLCOLOREDIT hBrush:01900010
<00411> 00500156 S ......................................................................................................................WM_CTLCOLOREDIT hdcEdit:F50106F7 hwndEdit:001F016C
<00412> 00500156 R ......................................................................................................................WM_CTLCOLOREDIT hBrush:01900010
<00413> 00110264 P WM_TIMER wTimerID:1114724 tmprc:00000000
<00414> 001F016C S ......................................................................................................................WM_SETTEXT lpsz:001D357C ("10")
<00415> 001F016C S .......................................................................................................................WM_GETTEXT cchTextMax:3 lpszText:0013EE84
<00416> 001F016C R .......................................................................................................................WM_GETTEXT cchCopied:2 lpszText:0013EE84 ("07")
<00417> 00500156 S .......................................................................................................................WM_COMMAND wNotifyCode:0400 wID:1 hwndCtl:001F016C
<00418> 00500156 R .......................................................................................................................WM_COMMAND
<00419> 00500156 S .......................................................................................................................WM_COMMAND wNotifyCode:0300 wID:1 hwndCtl:001F016C
<00420> 00500156 R .......................................................................................................................WM_COMMAND
<00421> 001F016C R ......................................................................................................................WM_SETTEXT fSucceeded:True
<00422> 001F016C P WM_PAINT hdc:00000000
<00423> 00500156 S ......................................................................................................................WM_CTLCOLOREDIT hdcEdit:BF0109FE hwndEdit:001F016C
<00424> 00500156 R ......................................................................................................................WM_CTLCOLOREDIT hBrush:01900010
<00425> 00500156 S ......................................................................................................................WM_CTLCOLOREDIT hdcEdit:BF0109FE hwndEdit:001F016C
<00426> 00500156 R ......................................................................................................................WM_CTLCOLOREDIT hBrush:01900010
