<00001> 001F016C S .........................................................................................WM_SETTEXT wParam:00000000 lParam:001D357C
<00002> 001F016C S ..........................................................................................WM_GETTEXT wParam:00000003 lParam:0013EE84
<00003> 001F016C R ..........................................................................................WM_GETTEXT lResult:00000002
<00004> 001F016C R .........................................................................................WM_SETTEXT lResult:00000001
<00005> 001F016C P WM_PAINT wParam:00000000 lParam:00000000
<00006> 001F016C S .........................................................................................WM_SETTEXT wParam:00000000 lParam:001D37AC
<00007> 001F016C S ..........................................................................................WM_GETTEXT wParam:00000003 lParam:0013EE84
<00008> 001F016C R ..........................................................................................WM_GETTEXT lResult:00000002
<00009> 001F016C R .........................................................................................WM_SETTEXT lResult:00000001
<00010> 001F016C P WM_PAINT wParam:00000000 lParam:00000000
<00011> 001F016C S .........................................................................................WM_SETTEXT wParam:00000000 lParam:001D357C
<00012> 001F016C S ..........................................................................................WM_GETTEXT wParam:00000003 lParam:0013EE84
<00013> 001F016C R ..........................................................................................WM_GETTEXT lResult:00000002
<00014> 001F016C R .........................................................................................WM_SETTEXT lResult:00000001
<00015> 001F016C P WM_PAINT wParam:00000000 lParam:00000000
<00016> 001F016C S .........................................................................................WM_SETTEXT wParam:00000000 lParam:001D37AC
<00017> 001F016C S ..........................................................................................WM_GETTEXT wParam:00000003 lParam:0013EE84
<00018> 001F016C R ..........................................................................................WM_GETTEXT lResult:00000002
<00019> 001F016C R .........................................................................................WM_SETTEXT lResult:00000001
<00020> 001F016C P WM_PAINT wParam:00000000 lParam:00000000
<00021> 001F016C S .........................................................................................WM_SETTEXT wParam:00000000 lParam:001D357C
<00022> 001F016C S ..........................................................................................WM_GETTEXT wParam:00000003 lParam:0013EE84
<00023> 001F016C R ..........................................................................................WM_GETTEXT lResult:00000002
<00024> 001F016C R .........................................................................................WM_SETTEXT lResult:00000001
<00025> 001F016C P WM_PAINT wParam:00000000 lParam:00000000
<00026> 001F016C S .........................................................................................WM_SETTEXT wParam:00000000 lParam:001D37AC
<00027> 001F016C S ..........................................................................................WM_GETTEXT wParam:00000003 lParam:0013EE84
<00028> 001F016C R ..........................................................................................WM_GETTEXT lResult:00000002
<00029> 001F016C R .........................................................................................WM_SETTEXT lResult:00000001
<00030> 001F016C P WM_PAINT wParam:00000000 lParam:00000000
<00031> 001F016C S .........................................................................................WM_SETTEXT wParam:00000000 lParam:001D357C
<00032> 001F016C S ..........................................................................................WM_GETTEXT wParam:00000003 lParam:0013EE84
<00033> 001F016C R ..........................................................................................WM_GETTEXT lResult:00000002
<00034> 001F016C R .........................................................................................WM_SETTEXT lResult:00000001
<00035> 001F016C P WM_PAINT wParam:00000000 lParam:00000000
<00036> 001F016C S .........................................................................................WM_SETTEXT wParam:00000000 lParam:001D37AC
<00037> 001F016C S ..........................................................................................WM_GETTEXT wParam:00000003 lParam:0013EE84
<00038> 001F016C R ..........................................................................................WM_GETTEXT lResult:00000002
<00039> 001F016C R .........................................................................................WM_SETTEXT lResult:00000001
<00040> 001F016C P WM_PAINT wParam:00000000 lParam:00000000
<00041> 001F016C S .........................................................................................WM_SETTEXT wParam:00000000 lParam:001D357C
<00042> 001F016C S ..........................................................................................WM_GETTEXT wParam:00000003 lParam:0013EE84
<00043> 001F016C R ..........................................................................................WM_GETTEXT lResult:00000002
<00044> 001F016C R .........................................................................................WM_SETTEXT lResult:00000001
<00045> 001F016C P WM_PAINT wParam:00000000 lParam:00000000
<00046> 001F016C S .........................................................................................WM_SETTEXT wParam:00000000 lParam:001D37AC
<00047> 001F016C S ..........................................................................................WM_GETTEXT wParam:00000003 lParam:0013EE84
<00048> 001F016C R ..........................................................................................WM_GETTEXT lResult:00000002
<00049> 001F016C R .........................................................................................WM_SETTEXT lResult:00000001
<00050> 001F016C P WM_PAINT wParam:00000000 lParam:00000000
<00051> 001F016C S .........................................................................................WM_SETTEXT wParam:00000000 lParam:001D357C
<00052> 001F016C S ..........................................................................................WM_GETTEXT wParam:00000003 lParam:0013EE84
<00053> 001F016C R ..........................................................................................WM_GETTEXT lResult:00000002
<00054> 001F016C R .........................................................................................WM_SETTEXT lResult:00000001
<00055> 001F016C P WM_PAINT wParam:00000000 lParam:00000000
<00056> 001F016C S .........................................................................................WM_SETTEXT wParam:00000000 lParam:001D37AC
<00057> 001F016C S ..........................................................................................WM_GETTEXT wParam:00000003 lParam:0013EE84
<00058> 001F016C R ..........................................................................................WM_GETTEXT lResult:00000002
<00059> 001F016C R .........................................................................................WM_SETTEXT lResult:00000001
<00060> 001F016C P WM_PAINT wParam:00000000 lParam:00000000
<00061> 001F016C S .........................................................................................WM_SETTEXT wParam:00000000 lParam:001D357C
<00062> 001F016C S ..........................................................................................WM_GETTEXT wParam:00000003 lParam:0013EE84
<00063> 001F016C R ..........................................................................................WM_GETTEXT lResult:00000002
<00064> 001F016C R .........................................................................................WM_SETTEXT lResult:00000001
<00065> 001F016C P WM_PAINT wParam:00000000 lParam:00000000
<00066> 001F016C S .........................................................................................WM_SETTEXT wParam:00000000 lParam:001D37AC
<00067> 001F016C S ..........................................................................................WM_GETTEXT wParam:00000003 lParam:0013EE84
<00068> 001F016C R ..........................................................................................WM_GETTEXT lResult:00000002
<00069> 001F016C R .........................................................................................WM_SETTEXT lResult:00000001
<00070> 001F016C P WM_PAINT wParam:00000000 lParam:00000000
<00071> 001F016C S .........................................................................................WM_SETTEXT wParam:00000000 lParam:001D357C
<00072> 001F016C S ..........................................................................................WM_GETTEXT wParam:00000003 lParam:0013EE84
<00073> 001F016C R ..........................................................................................WM_GETTEXT lResult:00000002
<00074> 001F016C R .........................................................................................WM_SETTEXT lResult:00000001
<00075> 001F016C P WM_PAINT wParam:00000000 lParam:00000000
<00076> 001F016C S .........................................................................................WM_SETTEXT wParam:00000000 lParam:001D37AC
<00077> 001F016C S ..........................................................................................WM_GETTEXT wParam:00000003 lParam:0013EE84
<00078> 001F016C R ..........................................................................................WM_GETTEXT lResult:00000002
<00079> 001F016C R .........................................................................................WM_SETTEXT lResult:00000001
<00080> 001F016C P WM_PAINT wParam:00000000 lParam:00000000
<00081> 001F016C S .........................................................................................WM_SETTEXT wParam:00000000 lParam:001D357C
<00082> 001F016C S ..........................................................................................WM_GETTEXT wParam:00000003 lParam:0013EE84
<00083> 001F016C R ..........................................................................................WM_GETTEXT lResult:00000002
<00084> 001F016C R .........................................................................................WM_SETTEXT lResult:00000001
<00085> 001F016C P WM_PAINT wParam:00000000 lParam:00000000
<00086> 001F016C S .........................................................................................WM_SETTEXT wParam:00000000 lParam:001D37AC
<00087> 001F016C S ..........................................................................................WM_GETTEXT wParam:00000003 lParam:0013EE84
<00088> 001F016C R ..........................................................................................WM_GETTEXT lResult:00000002
<00089> 001F016C R .........................................................................................WM_SETTEXT lResult:00000001
<00090> 001F016C P WM_PAINT wParam:00000000 lParam:00000000
<00091> 001F016C S .........................................................................................WM_SETTEXT wParam:00000000 lParam:001D357C
<00092> 001F016C S ..........................................................................................WM_GETTEXT wParam:00000003 lParam:0013EE84
<00093> 001F016C R ..........................................................................................WM_GETTEXT lResult:00000002
<00094> 001F016C R .........................................................................................WM_SETTEXT lResult:00000001
<00095> 001F016C P WM_PAINT wParam:00000000 lParam:00000000
<00096> 001F016C S .........................................................................................WM_SETTEXT wParam:00000000 lParam:001D37AC
<00097> 001F016C S ..........................................................................................WM_GETTEXT wParam:00000003 lParam:0013EE84
<00098> 001F016C R ..........................................................................................WM_GETTEXT lResult:00000002
<00099> 001F016C R .........................................................................................WM_SETTEXT lResult:00000001
<00100> 001F016C P WM_PAINT wParam:00000000 lParam:00000000
<00101> 001F016C S .........................................................................................WM_SETTEXT wParam:00000000 lParam:001D357C
<00102> 001F016C S ..........................................................................................WM_GETTEXT wParam:00000003 lParam:0013EE84
<00103> 001F016C R ..........................................................................................WM_GETTEXT lResult:00000002
<00104> 001F016C R .........................................................................................WM_SETTEXT lResult:00000001
<00105> 001F016C P WM_PAINT wParam:00000000 lParam:00000000
<00106> 001F016C S .........................................................................................WM_SETTEXT wParam:00000000 lParam:001D37AC
<00107> 001F016C S ..........................................................................................WM_GETTEXT wParam:00000003 lParam:0013EE84
<00108> 001F016C R ..........................................................................................WM_GETTEXT lResult:00000002
<00109> 001F016C R .........................................................................................WM_SETTEXT lResult:00000001
<00110> 001F016C P WM_PAINT wParam:00000000 lParam:00000000
