<00001> 001F016C S ...............................................................................................WM_SETTEXT lpsz:001D37AC ("37")
<00002> 001F016C S ................................................................................................WM_GETTEXT cchTextMax:3 lpszText:0013EE84
<00003> 001F016C R ................................................................................................WM_GETTEXT cchCopied:2 lpszText:0013EE84 ("34")
<00004> 001F016C R ...............................................................................................WM_SETTEXT fSucceeded:True
<00005> 001F016C P WM_PAINT hdc:00000000
<00006> 001F016C S ...............................................................................................WM_SETTEXT lpsz:001D357C ("40")
<00007> 001F016C S ................................................................................................WM_GETTEXT cchTextMax:3 lpszText:0013EE84
<00008> 001F016C R ................................................................................................WM_GETTEXT cchCopied:2 lpszText:0013EE84 ("37")
<00009> 001F016C R ...............................................................................................WM_SETTEXT fSucceeded:True
<00010> 001F016C P WM_PAINT hdc:00000000
<00011> 001F016C S ...............................................................................................WM_SETTEXT lpsz:001D37AC ("43")
<00012> 001F016C S ................................................................................................WM_GETTEXT cchTextMax:3 lpszText:0013EE84
<00013> 001F016C R ................................................................................................WM_GETTEXT cchCopied:2 lpszText:0013EE84 ("40")
<00014> 001F016C R ...............................................................................................WM_SETTEXT fSucceeded:True
<00015> 001F016C P WM_PAINT hdc:00000000
<00016> 001F016C S ...............................................................................................WM_SETTEXT lpsz:001D357C ("46")
<00017> 001F016C S ................................................................................................WM_GETTEXT cchTextMax:3 lpszText:0013EE84
<00018> 001F016C R ................................................................................................WM_GETTEXT cchCopied:2 lpszText:0013EE84 ("43")
<00019> 001F016C R ...............................................................................................WM_SETTEXT fSucceeded:True
<00020> 001F016C P WM_PAINT hdc:00000000
<00021> 001F016C S ...............................................................................................WM_SETTEXT lpsz:001D37AC ("49")
<00022> 001F016C S ................................................................................................WM_GETTEXT cchTextMax:3 lpszText:0013EE84
<00023> 001F016C R ................................................................................................WM_GETTEXT cchCopied:2 lpszText:0013EE84 ("46")
<00024> 001F016C R ...............................................................................................WM_SETTEXT fSucceeded:True
<00025> 001F016C P WM_PAINT hdc:00000000
<00026> 001F016C S ...............................................................................................WM_SETTEXT lpsz:001D357C ("52")
<00027> 001F016C S ................................................................................................WM_GETTEXT cchTextMax:3 lpszText:0013EE84
<00028> 001F016C R ................................................................................................WM_GETTEXT cchCopied:2 lpszText:0013EE84 ("49")
<00029> 001F016C R ...............................................................................................WM_SETTEXT fSucceeded:True
<00030> 001F016C P WM_PAINT hdc:00000000
<00031> 001F016C S ...............................................................................................WM_SETTEXT lpsz:001D37AC ("55")
<00032> 001F016C S ................................................................................................WM_GETTEXT cchTextMax:3 lpszText:0013EE84
<00033> 001F016C R ................................................................................................WM_GETTEXT cchCopied:2 lpszText:0013EE84 ("52")
<00034> 001F016C R ...............................................................................................WM_SETTEXT fSucceeded:True
<00035> 001F016C P WM_PAINT hdc:00000000
<00036> 001F016C S ...............................................................................................WM_SETTEXT lpsz:001D357C ("58")
<00037> 001F016C S ................................................................................................WM_GETTEXT cchTextMax:3 lpszText:0013EE84
<00038> 001F016C R ................................................................................................WM_GETTEXT cchCopied:2 lpszText:0013EE84 ("55")
<00039> 001F016C R ...............................................................................................WM_SETTEXT fSucceeded:True
<00040> 001F016C P WM_PAINT hdc:00000000
<00041> 001F016C S ...............................................................................................WM_SETTEXT lpsz:001D37AC ("01")
<00042> 001F016C S ................................................................................................WM_GETTEXT cchTextMax:3 lpszText:0013EE84
<00043> 001F016C R ................................................................................................WM_GETTEXT cchCopied:2 lpszText:0013EE84 ("58")
<00044> 001F016C R ...............................................................................................WM_SETTEXT fSucceeded:True
<00045> 001F016C P WM_PAINT hdc:00000000
<00046> 001F016C S ...............................................................................................WM_SETTEXT lpsz:001D357C ("04")
<00047> 001F016C S ................................................................................................WM_GETTEXT cchTextMax:3 lpszText:0013EE84
<00048> 001F016C R ................................................................................................WM_GETTEXT cchCopied:2 lpszText:0013EE84 ("01")
<00049> 001F016C R ...............................................................................................WM_SETTEXT fSucceeded:True
<00050> 001F016C P WM_PAINT hdc:00000000
<00051> 001F016C S ...............................................................................................WM_SETTEXT lpsz:001D37AC ("07")
<00052> 001F016C S ................................................................................................WM_GETTEXT cchTextMax:3 lpszText:0013EE84
<00053> 001F016C R ................................................................................................WM_GETTEXT cchCopied:2 lpszText:0013EE84 ("04")
<00054> 001F016C R ...............................................................................................WM_SETTEXT fSucceeded:True
<00055> 001F016C P WM_PAINT hdc:00000000
<00056> 001F016C S ...............................................................................................WM_SETTEXT lpsz:001D357C ("10")
<00057> 001F016C S ................................................................................................WM_GETTEXT cchTextMax:3 lpszText:0013EE84
<00058> 001F016C R ................................................................................................WM_GETTEXT cchCopied:2 lpszText:0013EE84 ("07")
<00059> 001F016C R ...............................................................................................WM_SETTEXT fSucceeded:True
<00060> 001F016C P WM_PAINT hdc:00000000
<00061> 001F016C S ...............................................................................................WM_SETTEXT lpsz:001D37AC ("13")
<00062> 001F016C S ................................................................................................WM_GETTEXT cchTextMax:3 lpszText:0013EE84
<00063> 001F016C R ................................................................................................WM_GETTEXT cchCopied:2 lpszText:0013EE84 ("10")
<00064> 001F016C R ...............................................................................................WM_SETTEXT fSucceeded:True
<00065> 001F016C P WM_PAINT hdc:00000000
<00066> 001F016C S ...............................................................................................WM_SETTEXT lpsz:001D357C ("16")
<00067> 001F016C S ................................................................................................WM_GETTEXT cchTextMax:3 lpszText:0013EE84
<00068> 001F016C R ................................................................................................WM_GETTEXT cchCopied:2 lpszText:0013EE84 ("13")
<00069> 001F016C R ...............................................................................................WM_SETTEXT fSucceeded:True
<00070> 001F016C P WM_PAINT hdc:00000000
<00071> 001F016C S ...............................................................................................WM_SETTEXT lpsz:001D37AC ("19")
<00072> 001F016C S ................................................................................................WM_GETTEXT cchTextMax:3 lpszText:0013EE84
<00073> 001F016C R ................................................................................................WM_GETTEXT cchCopied:2 lpszText:0013EE84 ("16")
<00074> 001F016C R ...............................................................................................WM_SETTEXT fSucceeded:True
<00075> 001F016C P WM_PAINT hdc:00000000
<00076> 001F016C S ...............................................................................................WM_SETTEXT lpsz:001D357C ("22")
<00077> 001F016C S ................................................................................................WM_GETTEXT cchTextMax:3 lpszText:0013EE84
<00078> 001F016C R ................................................................................................WM_GETTEXT cchCopied:2 lpszText:0013EE84 ("19")
<00079> 001F016C R ...............................................................................................WM_SETTEXT fSucceeded:True
<00080> 001F016C P WM_PAINT hdc:00000000
<00081> 001F016C S ...............................................................................................WM_SETTEXT lpsz:001D37AC ("25")
<00082> 001F016C S ................................................................................................WM_GETTEXT cchTextMax:3 lpszText:0013EE84
<00083> 001F016C R ................................................................................................WM_GETTEXT cchCopied:2 lpszText:0013EE84 ("22")
<00084> 001F016C R ...............................................................................................WM_SETTEXT fSucceeded:True
<00085> 001F016C P WM_PAINT hdc:00000000
<00086> 001F016C S ...............................................................................................WM_SETTEXT lpsz:001D357C ("28")
<00087> 001F016C S ................................................................................................WM_GETTEXT cchTextMax:3 lpszText:0013EE84
<00088> 001F016C R ................................................................................................WM_GETTEXT cchCopied:2 lpszText:0013EE84 ("25")
<00089> 001F016C R ...............................................................................................WM_SETTEXT fSucceeded:True
<00090> 001F016C P WM_PAINT hdc:00000000
<00091> 001F016C S ...............................................................................................WM_SETTEXT lpsz:001D37AC ("31")
<00092> 001F016C S ................................................................................................WM_GETTEXT cchTextMax:3 lpszText:0013EE84
<00093> 001F016C R ................................................................................................WM_GETTEXT cchCopied:2 lpszText:0013EE84 ("28")
<00094> 001F016C R ...............................................................................................WM_SETTEXT fSucceeded:True
<00095> 001F016C P WM_PAINT hdc:00000000
<00096> 001F016C S ...............................................................................................WM_SETTEXT lpsz:001D357C ("34")
<00097> 001F016C S ................................................................................................WM_GETTEXT cchTextMax:3 lpszText:0013EE84
<00098> 001F016C R ................................................................................................WM_GETTEXT cchCopied:2 lpszText:0013EE84 ("31")
<00099> 001F016C R ...............................................................................................WM_SETTEXT fSucceeded:True
<00100> 001F016C P WM_PAINT hdc:00000000
<00101> 001F016C S ...............................................................................................WM_SETTEXT lpsz:001D37AC ("37")
<00102> 001F016C S ................................................................................................WM_GETTEXT cchTextMax:3 lpszText:0013EE84
<00103> 001F016C R ................................................................................................WM_GETTEXT cchCopied:2 lpszText:0013EE84 ("34")
<00104> 001F016C R ...............................................................................................WM_SETTEXT fSucceeded:True
<00105> 001F016C P WM_PAINT hdc:00000000
<00106> 001F016C S ...............................................................................................WM_SETTEXT lpsz:001D357C ("40")
<00107> 001F016C S ................................................................................................WM_GETTEXT cchTextMax:3 lpszText:0013EE84
<00108> 001F016C R ................................................................................................WM_GETTEXT cchCopied:2 lpszText:0013EE84 ("37")
<00109> 001F016C R ...............................................................................................WM_SETTEXT fSucceeded:True
<00110> 001F016C P WM_PAINT hdc:00000000
<00111> 001F016C S ...............................................................................................WM_SETTEXT lpsz:001D37AC ("43")
<00112> 001F016C S ................................................................................................WM_GETTEXT cchTextMax:3 lpszText:0013EE84
<00113> 001F016C R ................................................................................................WM_GETTEXT cchCopied:2 lpszText:0013EE84 ("40")
<00114> 001F016C R ...............................................................................................WM_SETTEXT fSucceeded:True
<00115> 001F016C P WM_PAINT hdc:00000000
<00116> 001F016C S ...............................................................................................WM_SETTEXT lpsz:001D357C ("46")
<00117> 001F016C S ................................................................................................WM_GETTEXT cchTextMax:3 lpszText:0013EE84
<00118> 001F016C R ................................................................................................WM_GETTEXT cchCopied:2 lpszText:0013EE84 ("43")
<00119> 001F016C R ...............................................................................................WM_SETTEXT fSucceeded:True
<00120> 001F016C P WM_PAINT hdc:00000000
<00121> 001F016C S ...............................................................................................WM_SETTEXT lpsz:001D37AC ("49")
<00122> 001F016C S ................................................................................................WM_GETTEXT cchTextMax:3 lpszText:0013EE84
<00123> 001F016C R ................................................................................................WM_GETTEXT cchCopied:2 lpszText:0013EE84 ("46")
<00124> 001F016C R ...............................................................................................WM_SETTEXT fSucceeded:True
<00125> 001F016C P WM_PAINT hdc:00000000
<00126> 001F016C S ...............................................................................................WM_SETTEXT lpsz:001D357C ("52")
<00127> 001F016C S ................................................................................................WM_GETTEXT cchTextMax:3 lpszText:0013EE84
<00128> 001F016C R ................................................................................................WM_GETTEXT cchCopied:2 lpszText:0013EE84 ("49")
<00129> 001F016C R ...............................................................................................WM_SETTEXT fSucceeded:True
<00130> 001F016C P WM_PAINT hdc:00000000
<00131> 001F016C S ...............................................................................................WM_SETTEXT lpsz:001D37AC ("55")
<00132> 001F016C S ................................................................................................WM_GETTEXT cchTextMax:3 lpszText:0013EE84
<00133> 001F016C R ................................................................................................WM_GETTEXT cchCopied:2 lpszText:0013EE84 ("52")
<00134> 001F016C R ...............................................................................................WM_SETTEXT fSucceeded:True
<00135> 001F016C P WM_PAINT hdc:00000000
<00136> 001F016C S ...............................................................................................WM_SETTEXT lpsz:001D357C ("58")
<00137> 001F016C S ................................................................................................WM_GETTEXT cchTextMax:3 lpszText:0013EE84
<00138> 001F016C R ................................................................................................WM_GETTEXT cchCopied:2 lpszText:0013EE84 ("55")
<00139> 001F016C R ...............................................................................................WM_SETTEXT fSucceeded:True
<00140> 001F016C P WM_PAINT hdc:00000000
<00141> 001F016C S ...............................................................................................WM_SETTEXT lpsz:001D37AC ("01")
<00142> 001F016C S ................................................................................................WM_GETTEXT cchTextMax:3 lpszText:0013EE84
<00143> 001F016C R ................................................................................................WM_GETTEXT cchCopied:2 lpszText:0013EE84 ("58")
<00144> 001F016C R ...............................................................................................WM_SETTEXT fSucceeded:True
<00145> 001F016C P WM_PAINT hdc:00000000
<00146> 001F016C S ...............................................................................................WM_SETTEXT lpsz:001D357C ("04")
<00147> 001F016C S ................................................................................................WM_GETTEXT cchTextMax:3 lpszText:0013EE84
<00148> 001F016C R ................................................................................................WM_GETTEXT cchCopied:2 lpszText:0013EE84 ("01")
<00149> 001F016C R ...............................................................................................WM_SETTEXT fSucceeded:True
<00150> 001F016C P WM_PAINT hdc:00000000
<00151> 001F016C S ...............................................................................................WM_SETTEXT lpsz:001D37AC ("07")
<00152> 001F016C S ................................................................................................WM_GETTEXT cchTextMax:3 lpszText:0013EE84
<00153> 001F016C R ................................................................................................WM_GETTEXT cchCopied:2 lpszText:0013EE84 ("04")
<00154> 001F016C R ...............................................................................................WM_SETTEXT fSucceeded:True
<00155> 001F016C P WM_PAINT hdc:00000000
<00156> 001F016C S ...............................................................................................WM_SETTEXT lpsz:001D357C ("10")
<00157> 001F016C S ................................................................................................WM_GETTEXT cchTextMax:3 lpszText:0013EE84
<00158> 001F016C R ................................................................................................WM_GETTEXT cchCopied:2 lpszText:0013EE84 ("07")
<00159> 001F016C R ...............................................................................................WM_SETTEXT fSucceeded:True
<00160> 001F016C P WM_PAINT hdc:00000000
