<00001> 00300290 S .......................WM_SETTEXT wParam:00000000 lParam:001D343C
<00002> 00300290 S ........................WM_GETTEXT wParam:00000009 lParam:0013EE84
<00003> 00300290 R ........................WM_GETTEXT lResult:00000008
<00004> 00300290 R .......................WM_SETTEXT lResult:00000001
<00005> 00300290 P WM_PAINT wParam:00000000 lParam:00000000
<00006> 00300290 S .......................WM_SETTEXT wParam:00000000 lParam:001D357C
<00007> 00300290 S ........................WM_GETTEXT wParam:00000009 lParam:0013EE84
<00008> 00300290 R ........................WM_GETTEXT lResult:00000008
<00009> 00300290 R .......................WM_SETTEXT lResult:00000001
<00010> 00300290 P WM_PAINT wParam:00000000 lParam:00000000
<00011> 00300290 S .......................WM_SETTEXT wParam:00000000 lParam:001D343C
<00012> 00300290 S ........................WM_GETTEXT wParam:00000009 lParam:0013EE84
<00013> 00300290 R ........................WM_GETTEXT lResult:00000008
<00014> 00300290 R .......................WM_SETTEXT lResult:00000001
<00015> 00300290 P WM_PAINT wParam:00000000 lParam:00000000
<00016> 00300290 S .......................WM_SETTEXT wParam:00000000 lParam:001D357C
<00017> 00300290 S ........................WM_GETTEXT wParam:00000009 lParam:0013EE84
<00018> 00300290 R ........................WM_GETTEXT lResult:00000008
<00019> 00300290 R .......................WM_SETTEXT lResult:00000001
<00020> 00300290 P WM_PAINT wParam:00000000 lParam:00000000
<00021> 00300290 S .......................WM_SETTEXT wParam:00000000 lParam:001D343C
<00022> 00300290 S ........................WM_GETTEXT wParam:00000009 lParam:0013EE84
<00023> 00300290 R ........................WM_GETTEXT lResult:00000008
<00024> 00300290 R .......................WM_SETTEXT lResult:00000001
<00025> 00300290 P WM_PAINT wParam:00000000 lParam:00000000
<00026> 00300290 S .......................WM_SETTEXT wParam:00000000 lParam:001D357C
<00027> 00300290 S ........................WM_GETTEXT wParam:00000009 lParam:0013EE84
<00028> 00300290 R ........................WM_GETTEXT lResult:00000008
<00029> 00300290 R .......................WM_SETTEXT lResult:00000001
<00030> 00300290 P WM_PAINT wParam:00000000 lParam:00000000
<00031> 00300290 S .......................WM_SETTEXT wParam:00000000 lParam:001D343C
<00032> 00300290 S ........................WM_GETTEXT wParam:00000009 lParam:0013EE84
<00033> 00300290 R ........................WM_GETTEXT lResult:00000008
<00034> 00300290 R .......................WM_SETTEXT lResult:00000001
<00035> 00300290 P WM_PAINT wParam:00000000 lParam:00000000
<00036> 00300290 S .......................WM_SETTEXT wParam:00000000 lParam:001D357C
<00037> 00300290 S ........................WM_GETTEXT wParam:00000009 lParam:0013EE84
<00038> 00300290 R ........................WM_GETTEXT lResult:00000008
<00039> 00300290 R .......................WM_SETTEXT lResult:00000001
<00040> 00300290 P WM_PAINT wParam:00000000 lParam:00000000
<00041> 00300290 S .......................WM_SETTEXT wParam:00000000 lParam:001D343C
<00042> 00300290 S ........................WM_GETTEXT wParam:00000009 lParam:0013EE84
<00043> 00300290 R ........................WM_GETTEXT lResult:00000008
<00044> 00300290 R .......................WM_SETTEXT lResult:00000001
<00045> 00300290 P WM_PAINT wParam:00000000 lParam:00000000
<00046> 00300290 S .......................WM_SETTEXT wParam:00000000 lParam:001D357C
<00047> 00300290 S ........................WM_GETTEXT wParam:00000009 lParam:0013EE84
<00048> 00300290 R ........................WM_GETTEXT lResult:00000008
<00049> 00300290 R .......................WM_SETTEXT lResult:00000001
<00050> 00300290 P WM_PAINT wParam:00000000 lParam:00000000
<00051> 00300290 S .......................WM_SETTEXT wParam:00000000 lParam:001D343C
<00052> 00300290 S ........................WM_GETTEXT wParam:00000009 lParam:0013EE84
<00053> 00300290 R ........................WM_GETTEXT lResult:00000008
<00054> 00300290 R .......................WM_SETTEXT lResult:00000001
<00055> 00300290 P WM_PAINT wParam:00000000 lParam:00000000
<00056> 00300290 S .......................WM_SETTEXT wParam:00000000 lParam:001D357C
<00057> 00300290 S ........................WM_GETTEXT wParam:00000009 lParam:0013EE84
<00058> 00300290 R ........................WM_GETTEXT lResult:00000008
<00059> 00300290 R .......................WM_SETTEXT lResult:00000001
<00060> 00300290 P WM_PAINT wParam:00000000 lParam:00000000
<00061> 00300290 S .......................WM_SETTEXT wParam:00000000 lParam:001D343C
<00062> 00300290 S ........................WM_GETTEXT wParam:00000009 lParam:0013EE84
<00063> 00300290 R ........................WM_GETTEXT lResult:00000008
<00064> 00300290 R .......................WM_SETTEXT lResult:00000001
<00065> 00300290 P WM_PAINT wParam:00000000 lParam:00000000
<00066> 00300290 S .......................WM_SETTEXT wParam:00000000 lParam:001D357C
<00067> 00300290 S ........................WM_GETTEXT wParam:00000009 lParam:0013EE84
<00068> 00300290 R ........................WM_GETTEXT lResult:00000008
<00069> 00300290 R .......................WM_SETTEXT lResult:00000001
<00070> 00300290 P WM_PAINT wParam:00000000 lParam:00000000
<00071> 00300290 S .......................WM_SETTEXT wParam:00000000 lParam:001D343C
<00072> 00300290 S ........................WM_GETTEXT wParam:00000009 lParam:0013EE84
<00073> 00300290 R ........................WM_GETTEXT lResult:00000008
<00074> 00300290 R .......................WM_SETTEXT lResult:00000001
<00075> 00300290 P WM_PAINT wParam:00000000 lParam:00000000
<00076> 00300290 S .......................WM_SETTEXT wParam:00000000 lParam:001D357C
<00077> 00300290 S ........................WM_GETTEXT wParam:00000009 lParam:0013EE84
<00078> 00300290 R ........................WM_GETTEXT lResult:00000008
<00079> 00300290 R .......................WM_SETTEXT lResult:00000001
<00080> 00300290 P WM_PAINT wParam:00000000 lParam:00000000
<00081> 00300290 S .......................WM_SETTEXT wParam:00000000 lParam:001D343C
<00082> 00300290 S ........................WM_GETTEXT wParam:00000009 lParam:0013EE84
<00083> 00300290 R ........................WM_GETTEXT lResult:00000008
<00084> 00300290 R .......................WM_SETTEXT lResult:00000001
<00085> 00300290 P WM_PAINT wParam:00000000 lParam:00000000
<00086> 00300290 S .......................WM_SETTEXT wParam:00000000 lParam:001D357C
<00087> 00300290 S ........................WM_GETTEXT wParam:00000009 lParam:0013EE84
<00088> 00300290 R ........................WM_GETTEXT lResult:00000008
<00089> 00300290 R .......................WM_SETTEXT lResult:00000001
<00090> 00300290 P WM_PAINT wParam:00000000 lParam:00000000
<00091> 00300290 S .......................WM_SETTEXT wParam:00000000 lParam:001D343C
<00092> 00300290 S ........................WM_GETTEXT wParam:00000009 lParam:0013EE84
<00093> 00300290 R ........................WM_GETTEXT lResult:00000008
<00094> 00300290 R .......................WM_SETTEXT lResult:00000001
<00095> 00300290 P WM_PAINT wParam:00000000 lParam:00000000
<00096> 00300290 S .......................WM_SETTEXT wParam:00000000 lParam:001D357C
<00097> 00300290 S ........................WM_GETTEXT wParam:00000009 lParam:0013EE84
<00098> 00300290 R ........................WM_GETTEXT lResult:00000008
<00099> 00300290 R .......................WM_SETTEXT lResult:00000001
<00100> 00300290 P WM_PAINT wParam:00000000 lParam:00000000
<00101> 00300290 S .......................WM_SETTEXT wParam:00000000 lParam:001D343C
<00102> 00300290 S ........................WM_GETTEXT wParam:00000009 lParam:0013EE84
<00103> 00300290 R ........................WM_GETTEXT lResult:00000008
<00104> 00300290 R .......................WM_SETTEXT lResult:00000001
<00105> 00300290 P WM_PAINT wParam:00000000 lParam:00000000
