<00001> 00300290 S ..WM_SETTEXT lpsz:001D357C ("08:54:40")
<00002> 00300290 S ...WM_GETTEXT cchTextMax:9 lpszText:0013EE84
<00003> 00300290 R ...WM_GETTEXT cchCopied:8 lpszText:0013EE84 ("08:54:37")
<00004> 00300290 R ..WM_SETTEXT fSucceeded:True
<00005> 00300290 P WM_PAINT hdc:00000000
<00006> 00300290 S ..WM_SETTEXT lpsz:001D343C ("08:54:43")
<00007> 00300290 S ...WM_GETTEXT cchTextMax:9 lpszText:0013EE84
<00008> 00300290 R ...WM_GETTEXT cchCopied:8 lpszText:0013EE84 ("08:54:40")
<00009> 00300290 R ..WM_SETTEXT fSucceeded:True
<00010> 00300290 P WM_PAINT hdc:00000000
<00011> 00300290 S ..WM_SETTEXT lpsz:001D357C ("08:54:46")
<00012> 00300290 S ...WM_GETTEXT cchTextMax:9 lpszText:0013EE84
<00013> 00300290 R ...WM_GETTEXT cchCopied:8 lpszText:0013EE84 ("08:54:43")
<00014> 00300290 R ..WM_SETTEXT fSucceeded:True
<00015> 00300290 P WM_PAINT hdc:00000000
<00016> 00300290 S ..WM_SETTEXT lpsz:001D343C ("08:54:49")
<00017> 00300290 S ...WM_GETTEXT cchTextMax:9 lpszText:0013EE84
<00018> 00300290 R ...WM_GETTEXT cchCopied:8 lpszText:0013EE84 ("08:54:46")
<00019> 00300290 R ..WM_SETTEXT fSucceeded:True
<00020> 00300290 P WM_PAINT hdc:00000000
<00021> 00300290 S ..WM_SETTEXT lpsz:001D357C ("08:54:52")
<00022> 00300290 S ...WM_GETTEXT cchTextMax:9 lpszText:0013EE84
<00023> 00300290 R ...WM_GETTEXT cchCopied:8 lpszText:0013EE84 ("08:54:49")
<00024> 00300290 R ..WM_SETTEXT fSucceeded:True
<00025> 00300290 P WM_PAINT hdc:00000000
<00026> 00300290 S ..WM_SETTEXT lpsz:001D343C ("08:54:55")
<00027> 00300290 S ...WM_GETTEXT cchTextMax:9 lpszText:0013EE84
<00028> 00300290 R ...WM_GETTEXT cchCopied:8 lpszText:0013EE84 ("08:54:52")
<00029> 00300290 R ..WM_SETTEXT fSucceeded:True
<00030> 00300290 P WM_PAINT hdc:00000000
<00031> 00300290 S ..WM_SETTEXT lpsz:001D357C ("08:54:58")
<00032> 00300290 S ...WM_GETTEXT cchTextMax:9 lpszText:0013EE84
<00033> 00300290 R ...WM_GETTEXT cchCopied:8 lpszText:0013EE84 ("08:54:55")
<00034> 00300290 R ..WM_SETTEXT fSucceeded:True
<00035> 00300290 P WM_PAINT hdc:00000000
<00036> 00300290 S ..WM_SETTEXT lpsz:001D343C ("08:55:01")
<00037> 00300290 S ...WM_GETTEXT cchTextMax:9 lpszText:0013EE84
<00038> 00300290 R ...WM_GETTEXT cchCopied:8 lpszText:0013EE84 ("08:54:58")
<00039> 00300290 R ..WM_SETTEXT fSucceeded:True
<00040> 00300290 P WM_PAINT hdc:00000000
<00041> 00300290 S ..WM_SETTEXT lpsz:001D357C ("08:55:04")
<00042> 00300290 S ...WM_GETTEXT cchTextMax:9 lpszText:0013EE84
<00043> 00300290 R ...WM_GETTEXT cchCopied:8 lpszText:0013EE84 ("08:55:01")
<00044> 00300290 R ..WM_SETTEXT fSucceeded:True
<00045> 00300290 P WM_PAINT hdc:00000000
<00046> 00300290 S ..WM_SETTEXT lpsz:001D343C ("08:55:07")
<00047> 00300290 S ...WM_GETTEXT cchTextMax:9 lpszText:0013EE84
<00048> 00300290 R ...WM_GETTEXT cchCopied:8 lpszText:0013EE84 ("08:55:04")
<00049> 00300290 R ..WM_SETTEXT fSucceeded:True
<00050> 00300290 P WM_PAINT hdc:00000000
<00051> 00300290 S ..WM_SETTEXT lpsz:001D357C ("08:55:10")
<00052> 00300290 S ...WM_GETTEXT cchTextMax:9 lpszText:0013EE84
<00053> 00300290 R ...WM_GETTEXT cchCopied:8 lpszText:0013EE84 ("08:55:07")
<00054> 00300290 R ..WM_SETTEXT fSucceeded:True
<00055> 00300290 P WM_PAINT hdc:00000000
<00056> 00300290 S ..WM_SETTEXT lpsz:001D343C ("08:55:13")
<00057> 00300290 S ...WM_GETTEXT cchTextMax:9 lpszText:0013EE84
<00058> 00300290 R ...WM_GETTEXT cchCopied:8 lpszText:0013EE84 ("08:55:10")
<00059> 00300290 R ..WM_SETTEXT fSucceeded:True
<00060> 00300290 P WM_PAINT hdc:00000000
<00061> 00300290 S ..WM_SETTEXT lpsz:001D357C ("08:55:16")
<00062> 00300290 S ...WM_GETTEXT cchTextMax:9 lpszText:0013EE84
<00063> 00300290 R ...WM_GETTEXT cchCopied:8 lpszText:0013EE84 ("08:55:13")
<00064> 00300290 R ..WM_SETTEXT fSucceeded:True
<00065> 00300290 P WM_PAINT hdc:00000000
<00066> 00300290 S ..WM_SETTEXT lpsz:001D343C ("08:55:19")
<00067> 00300290 S ...WM_GETTEXT cchTextMax:9 lpszText:0013EE84
<00068> 00300290 R ...WM_GETTEXT cchCopied:8 lpszText:0013EE84 ("08:55:16")
<00069> 00300290 R ..WM_SETTEXT fSucceeded:True
<00070> 00300290 P WM_PAINT hdc:00000000
<00071> 00300290 S ..WM_SETTEXT lpsz:001D357C ("08:55:22")
<00072> 00300290 S ...WM_GETTEXT cchTextMax:9 lpszText:0013EE84
<00073> 00300290 R ...WM_GETTEXT cchCopied:8 lpszText:0013EE84 ("08:55:19")
<00074> 00300290 R ..WM_SETTEXT fSucceeded:True
<00075> 00300290 P WM_PAINT hdc:00000000
